0.06,6662048
0.07,6249668
0.12,6101037
0.15,6031332
0.17,6023960
0.17,5858628
0.18,5755094
0.19,5737818
0.19,5607006
0.19,5491277
0.19,5304429
0.19,5254661
0.2,4531943
0.21,4427896
0.21,4009436
0.21,3543576
0.22,3519506
0.22,3443894
0.22,3147322
0.23,3128807
0.23,3089124
0.24,3058520
0.24,3026537
0.24,2842827
0.24,2783582
0.25,2657759
0.25,2595541
0.25,2438387
0.26,2432876
0.26,2262935
0.27,2253855
0.28,2221388
0.28,2132964
0.29,2052193
0.29,2041957
0.3,2023246
0.3,2004901
0.3,1990164
0.31,1986832
0.31,1944206
0.32,1934570
0.32,1934063
0.33,1922555
0.33,1902432
0.33,1901041
0.33,1897505
0.34,1893706
0.34,1890313
0.35,1882835
0.35,1863441
0.36,1861140
0.36,1855986
0.36,1853992
0.37,1843099
0.37,1842236
0.4,1838142
0.43,1835224
