0.01,6759373
0.07,6633576
0.09,6488707
0.14,6441438
0.14,6106726
0.15,6017327
0.16,5322980
0.16,5046135
0.18,4880302
0.19,4659063
0.2,4244349
0.21,4194998
0.21,3964082
0.21,3685150
0.21,3453729
0.22,3212133
0.22,3172403
0.23,3059149
0.23,3049577
0.24,2948007
0.24,2663094
0.24,2529733
0.25,2501588
0.25,2466801
0.26,2303433
0.27,2282300
0.27,2212058
0.27,2116541
0.28,2089401
0.28,2083163
0.28,2055455
0.29,2004498
0.3,1983609
0.31,1980531
0.31,1970672
0.31,1970269
0.31,1969254
0.31,1965014
0.32,1906500
0.32,1888053
0.32,1875263
0.33,1861600
0.33,1846681
0.33,1846386
0.33,1836425
0.34,1827085
0.34,1822468
0.34,1816719
0.35,1812011
0.35,1805834
0.35,1798937
0.35,1796157
0.36,1794580
0.36,1787837
0.37,1786308
0.38,1782661
0.39,1780528
0.4,1779886
0.4,1779793
0.41,1778561
0.41,1777386
0.42,1777252
0.42,1776334
0.44,1773135
