0.01,6993023
0.01,6883644
0.02,6791610
0.07,6491901
0.11,6343485
0.12,6111102
0.16,6063538
0.16,5380272
0.17,5285943
0.18,4824333
0.18,4089091
0.19,3920390
0.2,3897613
0.21,3689624
0.21,3234815
0.22,2903621
0.23,2630589
0.23,2509478
0.25,2445494
0.26,2329427
0.26,2273139
0.26,2181503
0.27,2173639
0.27,2140841
0.28,2120285
0.28,2101089
0.29,2062281
0.29,2011850
0.29,1982687
0.29,1952298
0.3,1949395
0.31,1942720
0.31,1930633
0.32,1926538
0.32,1923905
0.32,1922293
0.32,1910598
0.33,1891415
0.33,1873146
0.34,1864186
0.34,1862007
0.34,1859219
0.35,1858356
0.36,1857431
0.36,1852498
0.36,1848820
0.38,1846608
0.39,1846281
0.4,1845418
0.41,1844499
0.43,1840115
0.43,1831003
0.43,1830446
0.43,1825558
0.45,1821853
