0,7120804
0,7047694
0.01,7030282
0.02,6863892
0.09,6577348
0.14,6403994
0.15,6042676
0.17,5723086
0.18,5139099
0.19,4536468
0.21,4469929
0.21,3953337
0.22,3560412
0.23,3169368
0.23,3160588
0.23,3009759
0.25,3005946
0.25,2855442
0.26,2613679
0.26,2568557
0.26,2566643
0.27,2506558
0.27,2449188
0.27,2369586
0.28,2328547
0.29,2248323
0.29,2142747
0.29,2128789
0.3,2113408
0.3,2107401
0.3,2059189
0.3,2054017
0.31,2042182
0.32,2018447
0.32,2015841
0.33,1984558
0.33,1982482
0.33,1954985
0.33,1949079
0.34,1941990
0.34,1940032
0.36,1938367
0.36,1936029
0.36,1925482
0.37,1915038
0.37,1901033
0.37,1900547
0.38,1897780
0.38,1882913
0.4,1882321
0.4,1879873
0.41,1878017
0.42,1877192
0.42,1876514
0.43,1875966
0.44,1865652
0.44,1859933
0.44,1859751
0.46,1854645
0.48,1849729
0.5,1849087
0.5,1847956
0.51,1846040
