0.01,7442382
0.01,7112569
0.01,7100904
0.02,7043734
0.03,6950319
0.04,6826949
0.08,6777793
0.08,6709579
0.08,6661184
0.1,6389167
0.13,6044333
0.16,5810322
0.16,5499624
0.18,4691997
0.19,4297238
0.19,4072626
0.21,3989340
0.21,3791783
0.21,3592682
0.22,3354193
0.22,3310093
0.22,3280425
0.23,3234631
0.23,2934816
0.24,2715451
0.24,2581932
0.25,2291731
0.26,2273282
0.26,2260448
0.26,2193591
0.27,2165369
0.27,2126501
0.28,2116379
0.28,2115557
0.28,2074490
0.29,2057897
0.29,2014716
0.29,1990502
0.3,1947938
0.3,1937361
0.3,1929063
0.32,1912237
0.32,1903212
0.32,1873283
0.33,1872848
0.34,1871701
0.35,1860281
0.35,1858025
0.35,1851315
0.35,1846136
0.36,1845914
0.38,1842045
0.38,1840784
0.39,1826693
0.4,1820046
0.41,1811649
0.41,1806221
0.43,1798766
