0, 4925583
0, 4921706
0, 4878803
0, 4699464
0, 4653741
0, 4518396
0, 4429546
0, 4389260
0, 4366331
0, 4294834
0, 4285232
0.01, 4281355
0.01, 4259266
0.01, 4245615
0.01, 4204446
0.01, 4182400
0.01, 4164878
0.02, 4148280
0.02, 4138678
0.02, 4109868
0.04, 4090106
0.04, 4080693
0.04, 4008267
0.04, 3945052
0.05, 3937993
0.05, 3835321
0.06, 3826996
0.06, 3816910
0.06, 3815293
0.06, 3805207
0.07, 3793365
0.07, 3775843
0.08, 3774963
0.08, 3762348
0.09, 3761107
0.09, 3760995
0.09, 3749643
0.09, 3743624
0.09, 3733538
0.09, 3720833
0.1, 3683696
0.1, 3661650
0.1, 3653325
0.1, 3643239
0.1, 3630534
0.2, 3626586
0.22, 3617173
0.22, 3594461
0.22, 3544747
0.22, 3531246
0.22, 3481532
0.24, 3474473
0.25, 3421515
0.25, 3371801
0.26, 3363476
0.26, 3353390
0.27, 3321711
0.3, 3284326
0.3, 3268608
0.37, 3265048
0.4, 3254566
0.4, 3238848
0.41, 3231112
0.41, 3218442
0.41, 3212701
0.42, 3210038
0.46, 3206903
0.46, 3184857
0.46, 3169139
0.46, 3162859
0.46, 3140813
0.46, 3128143
0.46, 3122402
0.46, 3119739
1.05, 3017391
1.08, 2917587
1.36, 2835738
1.37, 2754895
2.83, 2662147
3.67, 2575079
5.08, 2497224
6.19, 2423397
7.23, 2347465
7.72, 2275460
7.72, 2179990
8.74, 2087242
27.71, 2003763
0, 4925583
0, 4921706
0, 4878803
0, 4699464
0, 4653741
0, 4518396
0.01, 4429546
0.01, 4389260
0.01, 4366331
0.01, 4294834
0.01, 4285232
0.01, 4281355
0.01, 4259266
0.01, 4245615
0.01, 4204446
0.01, 4182400
0.02, 4164878
0.02, 4148280
0.03, 4138678
0.03, 4109868
0.04, 4090106
0.04, 4080693
0.04, 4008267
0.05, 3945052
0.05, 3937993
0.06, 3835321
0.06, 3826996
0.06, 3816910
0.06, 3815293
0.06, 3805207
0.07, 3793365
0.08, 3775843
0.09, 3774963
0.09, 3762348
0.09, 3761107
0.09, 3760995
0.09, 3749643
0.09, 3743624
0.09, 3733538
0.09, 3720833
0.11, 3683696
0.11, 3661650
0.11, 3653325
0.11, 3643239
0.11, 3630534
0.21, 3626586
0.22, 3617173
0.22, 3594461
0.22, 3544747
0.23, 3531246
0.23, 3481532
0.24, 3474473
0.25, 3421515
0.25, 3371801
0.26, 3363476
0.26, 3353390
0.27, 3321711
0.3, 3284326
0.3, 3268608
0.37, 3265048
0.39, 3254566
0.39, 3238848
0.4, 3231112
0.4, 3218442
0.41, 3212701
0.41, 3210038
0.44, 3206903
0.44, 3184857
0.44, 3169139
0.45, 3162859
0.45, 3140813
0.45, 3128143
0.45, 3122402
0.45, 3119739
1.01, 3017391
1.04, 2917587
1.33, 2835738
1.34, 2754895
2.79, 2662147
3.65, 2575079
5.11, 2497224
6.22, 2423397
7.28, 2347465
7.8, 2275460
7.8, 2179990
8.88, 2087242
27.98, 2003763
