0,359452
0,359452
0,359452
0,359452
0,357659
0,357659
0,332143
0,332143
0,332143
0,332143
0,332143
0.01,332143
0.01,332143
0.01,332143
0.01,332143
0.01,332143
0.01,332143
0.01,329196
0.01,324123
0.01,324123
0.01,324123
0.01,324123
0.01,324123
0.01,324123
0.01,324123
0.01,324123
0.01,324123
0.01,324123
0.01,324123
0.01,324123
0.01,324123
0.01,324123
0.01,324123
0.01,324123
0.01,324123
0.01,324123
0.01,324123
0.01,324123
0.01,324123
0.01,324123
0.01,324123
0.01,315102
0.01,315102
0.01,315102
0.01,315102
0.01,315102
0.01,314540
0.02,314540
0.02,314540
0.02,314540
0.02,314540
0.02,314540
0.02,314540
0.02,314540
0.02,314540
0.02,314540
0.02,314540
0.02,314540
0.02,314540
0.02,314540
0.02,314540
0.02,306767
0.02,306767
0.02,306767
0.02,306767
0.02,306767
0.02,306767
0.02,306767
0.02,306767
0.02,306767
0.02,306767
0.02,302026
0.02,302026
0.02,302026
0.02,302026
0.03,302026
0.03,302026
0.03,302026
0.03,297964
0.03,297964
0.03,297964
0.03,297964
0.03,297964
0.03,297964
0.03,297964
0.03,297964
0.03,297964
0.03,297964
0.03,297964
0.03,297964
0.03,297964
0.03,297964
0.03,297964
0.03,297964
0.03,297964
0.03,297964
0.03,297964
0.03,297964
0.03,297964
0.03,297964
0.03,297964
0.03,297964
0.03,297964
0.03,297964
0.03,297964
0.04,297964
0.04,297964
0.04,297964
0.04,297964
0.04,297964
0.04,297964
0.04,297964
0.04,297964
0.04,297964
0.04,297964
0.04,297964
0.04,297964
0.04,297964
0.04,297964
0.04,297964
0.04,297964
0.04,297964
0.04,295914
0.04,295914
0.04,295914
0.04,295914
0.04,295914
0.04,295914
0.04,295914
0.04,295914
0.04,295914
0.04,295914
0.04,295914
0.04,295914
0.04,295914
0.04,295914
0.04,295914
0.04,295914
0.04,295914
0.05,295914
0.05,295914
0.05,295914
0.05,295914
0.05,295914
0.05,295914
0.05,295914
0.05,295914
0.05,295914
0.05,295914
0.05,295914
0.05,295914
0.05,295914
0.05,295914
0.05,295914
0.05,295914
0.05,295914
0.05,295914
0.05,295914
0.05,295914
0.05,295914
0.05,295914
0.05,295914
0.05,294329
0.05,294329
0.05,294329
0.05,294329
0.05,294329
0.05,294329
0.05,294329
0.05,294329
0.05,294329
0.05,294329
0.05,294329
0.05,294329
0.06,294329
0.06,294329
0.06,294329
0.06,294329
0.06,294329
0.06,294329
0.06,294329
0.06,294329
0.06,294329
0.06,294329
0.06,294329
0.06,294329
0.06,294329
0.06,294329
0.06,294329
0.06,294329
0.06,294329
0.06,294329
0.06,294329
0.06,294329
0.06,294329
0.06,294329
0.06,294329
0.06,294329
0.07,294329
0.07,294329
0.07,294329
0.07,294329
0.07,294329
0.07,294329
0.07,294329
0.07,289097
0.07,289097
0.07,289097
0.07,289097
0.07,289097
0.07,289097
0.07,289097
0.07,289097
0.07,289097
0.07,289097
0.07,289097
0.07,289097
0.07,289097
0.07,289097
0.07,289097
0.07,289097
0.07,289097
0.07,289097
0.07,289097
0.07,289097
0.07,289097
0.07,289097
0.07,289097
0.07,289097
0.07,289097
0.07,289097
0.07,289097
0.08,289097
0.08,289097
0.08,289097
0.08,289097
0.08,289097
0.08,289097
0.08,289097
0.08,289097
0.08,289097
0.08,289097
0.08,289097
0.08,289097
0.08,289097
0.08,289097
0.08,284075
0.08,284075
0.08,284075
0.08,284075
0.08,280743
0.08,280743
0.08,280743
0.08,280743
0.08,280743
0.08,280743
0.08,280743
0.08,280743
0.08,280743
0.08,280743
0.08,280743
0.08,280743
0.08,280743
0.08,280743
0.08,280743
0.08,280743
0.08,280743
0.09,280743
0.09,280743
0.09,280743
0.09,280743
0.09,280743
0.09,280743
0.09,280743
0.09,280743
0.09,280743
0.09,280743
0.09,280743
0.09,280743
0.09,280743
0.09,280743
0.09,280743
0.09,280743
0.09,280743
0.09,280743
0.09,280743
0.09,280743
0.09,280743
0.09,280743
0.09,280743
0.09,280743
0.09,280743
0.09,280743
0.09,280743
0.09,280743
0.09,280743
0.09,280743
0.09,280743
0.09,280743
0.09,280743
0.09,280743
0.09,280743
0.09,280743
0.1,280743
0.1,280743
0.1,280743
0.1,280743
0.1,280743
0.1,280743
0.1,280743
0.1,280743
0.1,280743
0.1,280743
0.1,280743
0.1,280743
0.1,280743
0.1,280743
0.1,280743
0.1,280743
0.1,280743
0.1,280743
0.1,280743
0.1,280743
0.1,280743
0.1,280743
0.1,280743
0.1,280743
0.1,280743
0.1,280743
0.1,280743
0.1,280743
0.1,280743
0.1,280743
0.1,280743
0.1,280743
0.1,280743
0.1,280743
0.1,280743
0.1,280743
0.1,280743
0.11,280743
0.11,280743
0.11,280743
0.11,280743
0.11,280743
0.11,280743
0.11,280743
0.11,280743
0.11,280743
0.11,280743
0.11,280743
0.11,280743
0.11,280743
0.11,280743
0.11,280743
0.11,280743
0.11,280743
0.11,280743
0.11,280743
0.11,280743
0.11,280743
0.11,280743
0.11,280743
0.11,280743
0.11,280743
0.11,280743
0.11,280743
0.11,280743
0.11,280743
0.11,280743
0.11,280743
0.11,280743
0.11,280743
0.11,280743
0.11,280743
0.11,280743
0.11,280743
0.12,280743
0.12,280743
0.12,280743
0.12,280743
0.12,280743
0.12,280743
0.12,280743
0.12,280743
0.12,280743
0.12,280743
0.12,280743
0.12,280743
0.12,280743
0.12,280743
0.12,280743
0.12,280743
0.12,280743
0.12,280743
0.12,280743
0.12,280743
0.12,280743
0.12,280743
0.12,280743
0.12,280743
0.12,280743
0.12,280743
0.12,280743
0.12,280743
0.12,280743
0.12,280743
0.13,280743
0.13,280743
0.13,280743
0.13,280743
0.13,280743
0.13,280743
0.13,280743
0.13,280743
0.13,280743
0.13,280743
0.13,280743
0.13,280743
0.13,280743
0.13,280743
0.13,280743
0.13,280743
0.13,280743
0.13,280743
0.13,280743
0.13,280743
0.13,280743
0.13,280743
0.13,280743
0.13,280743
0.13,280743
0.13,280743
0.13,280743
0.13,280743
0.14,280743
0.14,280743
0.14,280743
0.14,280743
0.14,280743
0.14,280743
0.14,280743
0.14,280743
0.14,280743
0.14,280743
0.14,280743
0.14,280743
0.14,280743
0.14,280743
0.14,280743
0.14,280743
0.14,280743
0.14,280743
0.14,280743
0.14,280743
0.14,280743
0.14,280743
0.14,280743
0.14,280743
0.14,280743
0.14,280743
0.14,280743
0.14,280743
0.14,280743
0.14,280743
0.14,280743
0.14,280743
0.15,280743
0.15,280743
0.15,280743
0.15,280743
0.15,280743
0.15,280743
0.15,280743
0.15,280743
0.15,280743
0.15,280743
0.15,280743
0.15,280743
0.15,280743
0.15,280743
0.15,280743
0.15,280743
0.15,280743
0.15,280743
0.15,280743
0.15,280743
0.15,280743
0.15,280743
0.15,280743
0.15,280743
0.15,280743
0.15,280743
0.15,280743
0.15,280743
0.15,280743
0.16,280743
0.16,280743
0.16,280743
0.16,280743
0.16,280743
0.16,280743
0.16,280743
0.16,280743
0.16,280743
0.16,280743
0.16,280743
0.16,280743
0.16,280743
0.16,280743
0.16,280743
0.16,280743
0.16,280743
0.16,280743
0.16,280743
0.16,280743
0.16,280743
0.16,280743
0.16,280743
0.16,280743
0.16,280743
0.16,280743
0.16,280743
0.16,280743
0.16,280743
0.16,280743
0.16,280743
0.16,280743
0.16,280743
0.16,280743
0.16,280743
0.16,280743
0.17,280743
0.17,280743
0.17,280743
0.17,280743
0.17,280743
0.17,280743
0.17,280743
0.17,280743
0.17,280743
0.17,280743
0.17,280743
0.17,280743
0.17,280743
0.17,280743
0.17,280743
0.17,280743
0.17,280743
0.17,280743
0.17,280743
0.17,280743
0.17,280743
0.17,280743
0.17,280743
0.17,280743
0.17,280743
0.17,280743
0.17,280743
0.17,280743
0.17,280743
0.17,280743
0.17,280743
0.17,280743
0.18,280743
0.18,280743
0.18,280743
0.18,280743
0.18,280743
0.18,280743
0.18,280743
0.18,280743
0.18,280743
0.18,280743
0.18,280743
0.18,280743
0.18,280743
0.18,280743
0.18,280743
0.18,280743
0.18,280743
0.18,280743
0.18,280743
0.18,280743
0.18,280743
0.18,280743
0.18,280743
0.18,280743
0.18,280743
0.18,280743
0.18,280743
0.18,280743
0.18,280743
0.18,280743
0.18,280743
0.18,280743
0.18,280743
0.19,280743
0.19,280743
0.19,280743
0.19,280743
0.19,280743
0.19,280743
0.19,280743
0.19,280743
0.19,280743
0.19,280743
0.19,280743
0.19,280743
0.19,280743
0.19,280743
0.19,280743
0.19,280743
0.19,280743
0.19,280743
0.19,280743
0.19,280743
0.19,280743
0.19,280743
0.19,280743
0.19,280743
0.19,280743
0.19,280743
0.19,280743
0.19,280743
0.19,280743
0.19,280743
0.19,280743
0.19,280743
0.19,280743
0.2,280743
0.2,280743
0.2,280743
0.2,280743
0.2,280743
0.2,280743
0.2,280743
0.2,280743
0.2,280743
0.2,280743
0.2,280743
0.2,280743
0.2,280743
0.2,280743
0.2,280743
0.2,280743
0.2,280743
0.2,280743
0.2,280743
0.2,280743
0.2,280743
0.2,280743
0.2,280743
0.2,280743
0.2,280743
0.2,280743
0.2,280743
0.2,280743
0.2,280743
0.2,280743
0.2,280743
0.2,280743
0.2,280743
0.2,280743
0.21,280743
0.21,280743
0.21,280743
0.21,280743
0.21,280743
0.21,280743
0.21,280743
0.21,280743
0.21,280743
0.21,280743
0.21,280743
0.21,280743
0.21,280743
0.21,280743
0.21,280743
0.21,280743
0.21,280743
0.21,280743
0.21,280743
0.21,280743
0.21,280743
0.21,280743
0.21,280743
0.21,280743
0.21,280743
0.21,280743
0.21,280743
0.21,280743
0.21,280743
0.21,280743
0.21,280743
0.21,280743
0.21,280743
0.21,280743
0.22,280743
0.22,280743
0.22,280743
0.22,280743
0.22,280743
0.22,280743
0.22,280743
0.22,280743
0.22,280743
0.22,280743
0.22,280743
0.22,280743
0.22,280743
0.22,280743
0.22,280743
0.22,280743
0.22,280743
0.22,280743
0.22,280743
0.22,280743
0.22,280743
0.22,280743
0.22,280743
0.22,280743
0.22,280743
0.22,280743
0.22,280743
0.22,280743
0.22,280743
0.22,280743
0.22,280743
0.22,280743
0.22,280743
0.22,280743
0.22,280743
0.22,280743
0.23,280743
0.23,280743
0.23,280743
0.23,280743
0.23,280743
0.23,280743
0.23,280743
0.23,280743
0.23,280743
0.23,280743
0.23,280743
0.23,280743
0.23,280743
0.23,280743
0.23,280743
0.23,280743
0.23,280743
0.23,280743
0.23,280743
0.23,280743
0.23,280743
0.23,280743
0.23,280743
0.23,280743
0.23,280743
0.23,280743
0.23,280743
0.23,280743
0.23,280743
0.23,280743
0.23,280743
0.23,280743
0.23,280743
0.23,280743
0.24,280743
0.24,280743
0.24,280743
0.24,280743
0.24,280743
0.24,280743
0.24,280743
0.24,280743
0.24,280743
0.24,280743
0.24,280743
0.24,280743
0.24,280743
0.24,280743
0.24,280743
0.24,280743
0.24,280743
0.24,280743
0.24,280743
0.24,280743
0.24,280743
0.24,280743
0.24,280743
0.24,280743
0.24,280743
0.24,280743
0.24,280743
0.24,280743
0.24,280743
0.24,280743
0.24,280743
0.24,280743
0.24,280743
0.25,280743
0.25,280743
0.25,280743
0.25,280743
0.25,280743
0.25,280743
0.25,280743
0.25,280743
0.25,280743
0.25,280743
0.25,280743
0.25,280743
0.25,280743
0.25,280743
0.25,280743
0.25,280743
0.25,280743
0.25,280743
0.25,280743
0.25,280743
0.25,280743
0.25,280743
0.25,280743
0.25,280743
0.25,280743
0.25,280743
0.25,280743
0.25,280743
0.25,280743
0.25,280743
0.25,280743
0.25,280743
0.25,280743
0.26,280743
0.26,280743
0.26,280743
0.26,280743
0.26,280743
0.26,280743
0.26,280743
0.26,280743
0.26,280743
0.26,280743
0.26,280743
0.26,280743
0.26,280743
0.26,280743
0.26,280743
0.26,280743
0.26,280743
0.26,280743
0.26,280743
0.26,280743
0.26,280743
0.26,280743
0.26,280743
0.26,280743
0.26,280743
0.26,280743
0.26,280743
0.26,280743
0.26,280743
0.26,280743
0.26,280743
0.26,280743
0.26,280743
0.26,280743
0.26,280743
0.26,280743
0.26,280743
0.27,280743
0.27,280743
0.27,280743
0.27,280743
0.27,280743
0.27,280743
0.27,280743
0.27,280743
0.27,280743
0.27,280743
0.27,280743
0.27,280743
0.27,280743
0.27,280743
0.27,280743
0.27,280743
0.27,280743
0.27,280743
0.27,280743
0.27,280743
0.27,280743
0.27,280743
0.27,280743
0.27,280743
0.27,280743
0.27,280743
0.27,280743
0.27,280743
0.27,280743
0.27,280743
0.27,280743
0.27,280743
0.27,280743
0.27,280743
0.27,280743
0.27,280743
0.27,280743
0.27,280743
0.28,280743
0.28,280743
0.28,280743
0.28,280743
0.28,280743
0.28,280743
0.28,280743
0.28,280743
0.28,280743
0.28,280743
0.28,280743
0.28,280743
0.28,280743
0.28,280743
0.28,280743
0.28,280743
0.28,280743
0.28,280743
0.28,280743
0.28,280743
0.28,280743
0.28,280743
0.28,280743
0.28,280743
0.28,280743
0.28,280743
0.28,280743
0.28,280743
0.28,280743
0.28,280743
0.28,280743
0.28,280743
0.28,280743
0.28,280743
0.28,280743
0.28,280743
0.28,280743
0.29,280743
0.29,280743
0.29,280743
0.29,280743
0.29,280743
0.29,280743
0.29,280743
0.29,280743
0.29,280743
0.29,280743
0.29,280743
0.29,280743
0.29,280743
0.29,280743
0.29,280743
0.29,280743
0.29,280743
0.29,280743
0.29,280743
0.29,280743
0.29,280743
0.29,280743
0.29,280743
0.29,280743
0.29,280743
0.29,280743
0.29,280743
0.29,280743
0.29,280743
0.29,280743
0.29,280743
0.29,280743
0.3,280743
0.3,280743
0.3,280743
0.3,280743
0.3,280743
0.3,280743
0.3,280743
0.3,280743
0.3,280743
0.3,280743
0.3,280743
0.3,280743
0.3,280743
0.3,280743
0.3,280743
0.3,280743
0.3,280743
0.3,280743
0.3,280743
0.3,280743
0.3,280743
0.3,280743
0.3,280743
0.3,280743
0.3,280743
0.3,280743
0.3,280743
0.3,280743
0.3,280743
0.3,280743
0.3,280743
0.3,280743
0.3,280743
0.3,280743
0.3,280743
0.3,280743
0.31,280743
0.31,280743
0.31,280743
0.31,280743
0.31,280743
0.31,280743
0.31,280743
0.31,280743
0.31,280743
0.31,280743
0.31,280743
0.31,280743
0.31,280743
0.31,280743
0.31,280743
0.31,280743
0.31,280743
0.31,280743
0.31,280743
0.31,280743
0.31,280743
0.31,280743
0.31,280743
0.31,280743
0.31,280743
0.31,280743
0.31,280743
0.31,280743
0.31,280743
0.31,280743
0.31,280743
0.31,280743
0.31,280743
0.31,280743
0.32,280743
0.32,280743
0.32,280743
0.32,280743
0.32,280743
0.32,280743
0.32,280743
0.32,280743
0.32,280743
0.32,280743
0.32,280743
0.32,280743
0.32,280743
0.32,280743
0.32,280743
0.32,280743
0.32,280743
0.32,280743
0.32,280743
0.32,280743
0.32,280743
0.32,280743
0.32,280743
0.32,280743
0.32,280743
0.32,280743
0.32,280743
0.32,280743
0.32,280743
0.32,280743
0.32,280743
0.32,280743
0.32,280743
0.32,280743
0.32,280743
0.32,280743
0.33,280743
0.33,280743
0.33,280743
0.33,280743
0.33,280743
0.33,280743
0.33,280743
0.33,280743
0.33,280743
0.33,280743
0.33,280743
0.33,280743
0.33,280743
0.33,280743
0.33,280743
0.33,280743
0.33,280743
0.33,280743
0.33,280743
0.33,280743
0.33,280743
0.33,280743
0.33,280743
0.33,280743
0.33,280743
0.33,280743
0.33,280743
0.33,280743
0.33,280743
0.33,280743
0.33,280743
0.33,280743
0.33,280743
0.33,280743
0.33,280743
0.34,280743
0.34,280743
0.34,280743
0.34,280743
0.34,280743
0.34,280743
0.34,280743
0.34,280743
0.34,280743
0.34,280743
0.34,280743
0.34,280743
0.34,280743
0.34,280743
0.34,280743
0.34,280743
0.34,280743
0.34,280743
0.34,280743
0.34,280743
0.34,280743
0.34,280743
0.34,280743
0.34,280743
0.34,280743
0.34,280743
0.34,280743
0.34,280743
0.34,280743
0.34,280743
0.34,280743
0.34,280743
0.34,280743
0.35,280743
0.35,280743
0.35,280743
0.35,280743
0.35,280743
0.35,280743
0.35,280743
0.35,280743
0.35,280743
0.35,280743
0.35,280743
0.35,280743
0.35,280743
0.35,280743
0.35,280743
0.35,280743
0.35,280743
0.35,280743
0.35,280743
0.35,280743
0.35,280743
0.35,280743
0.35,280743
0.35,280743
0.35,280743
0.35,280743
0.35,280743
0.35,280743
0.35,280743
0.35,280743
0.35,280743
0.35,280743
0.35,277952
0.35,277952
0.35,277952
0.35,277952
0.36,277952
0.36,277952
0.36,277952
0.36,277952
0.36,277952
0.36,277952
0.36,277952
0.36,277952
0.36,277952
0.36,277952
0.36,277952
0.36,277952
0.36,277952
0.36,277952
0.36,277952
0.36,277952
0.36,277952
0.36,277952
0.36,277952
0.36,277952
0.36,277952
0.36,277952
0.36,277952
0.36,277952
0.36,277952
0.36,277952
0.36,277952
0.36,277952
0.36,277952
0.36,277952
0.36,277952
0.36,277952
0.36,277952
0.36,277952
0.36,277952
0.36,277952
0.37,277952
0.37,277952
0.37,277952
0.37,277952
0.37,277952
0.37,277952
0.37,277952
0.37,277952
0.37,277952
0.37,277952
0.37,277952
0.37,277952
0.37,277952
0.37,277952
0.37,277952
0.37,277952
0.37,277952
0.37,277952
0.37,277952
0.37,277952
0.37,277952
0.37,277952
0.37,277952
0.37,277952
0.37,277952
0.37,277952
0.37,277952
0.37,277952
0.37,277952
0.37,277952
0.37,277952
0.37,277952
0.37,277952
0.37,277952
0.37,277952
0.37,277952
0.37,277952
0.37,277952
0.38,277952
0.38,277952
0.38,277952
0.38,277952
0.38,277952
0.38,277952
0.38,277952
0.38,277952
0.38,277952
0.38,277952
0.38,277952
0.38,277952
0.38,277952
0.38,277952
0.38,277952
0.38,277952
0.38,277952
0.38,277952
0.38,277952
0.38,277952
0.38,277952
0.38,277952
0.38,277952
0.38,277952
0.38,277952
0.38,277952
0.38,277952
0.38,277952
0.38,277952
0.38,277952
0.38,277952
0.38,277952
0.38,277952
0.38,277952
0.38,277952
0.38,277952
0.38,277952
0.39,277952
0.39,277952
0.39,277952
0.39,277952
0.39,277952
0.39,277952
0.39,277952
0.39,277952
0.39,277952
0.39,277952
0.39,277952
0.39,277952
0.39,277952
0.39,277952
0.39,277952
0.39,277952
0.39,277952
0.39,277952
0.39,277952
0.39,277952
0.39,277952
0.39,277952
0.39,277952
0.39,277952
0.39,277952
0.39,277952
0.39,277952
0.39,277952
0.39,277952
0.39,277952
0.39,277952
0.39,277952
0.39,277952
0.39,277952
0.39,277952
0.39,277952
0.39,277952
0.4,277952
0.4,277952
0.4,277952
0.4,277952
0.4,277952
0.4,277952
0.4,277952
0.4,277952
0.4,277952
0.4,277952
0.4,277952
0.4,277952
0.4,277952
0.4,277952
0.4,277952
0.4,277952
0.4,277952
0.4,277952
0.4,277952
0.4,277952
0.4,277952
0.4,277952
0.4,277952
0.4,277952
0.4,277952
0.4,277952
0.4,277952
0.4,277952
0.4,277952
0.4,277952
0.4,277952
0.4,277952
0.4,277952
0.4,277952
0.4,277952
0.4,277952
0.4,277952
0.41,277952
0.41,277952
0.41,277952
0.41,277952
0.41,277952
0.41,277952
0.41,277952
0.41,277952
0.41,277952
0.41,277952
0.41,277952
0.41,277952
0.41,277952
0.41,277952
0.41,277952
0.41,277952
0.41,277952
0.41,277952
0.41,277952
0.41,277952
0.41,277952
0.41,277952
0.41,277952
0.41,277952
0.41,277952
0.41,277952
0.41,277952
0.41,277952
0.41,277952
0.41,277952
0.41,277952
0.41,277952
0.41,277952
0.41,277952
0.41,277952
0.42,277952
0.42,277952
0.42,277952
0.42,277952
0.42,277952
0.42,277952
0.42,277952
0.42,277952
0.42,277952
0.42,277952
0.42,277952
0.42,277952
0.42,277952
0.42,277952
0.42,277952
0.42,277952
0.42,277952
0.42,277952
0.42,277952
0.42,277952
0.42,277952
0.42,277952
0.42,277952
0.42,277952
0.42,277952
0.42,277952
0.42,277952
0.42,277952
0.42,277952
0.42,277952
0.42,277952
0.42,277952
0.42,277952
0.42,277952
0.42,277952
0.42,277952
0.43,277952
0.43,277952
0.43,277952
0.43,277952
0.43,277952
0.43,277952
0.43,277952
0.43,277952
0.43,277952
0.43,277952
0.43,277952
0.43,277952
0.43,277952
0.43,277952
0.43,277952
0.43,277952
0.43,277952
0.43,277952
0.43,277952
0.43,277952
0.43,277952
0.43,277952
0.43,277952
0.43,277952
0.43,277952
0.43,277952
0.43,277952
0.43,277952
0.43,277952
0.43,277952
0.43,277952
0.43,277952
0.43,277952
0.43,277952
0.43,277952
0.43,277952
0.44,277952
0.44,277952
0.44,277952
0.44,277952
0.44,277952
0.44,277952
0.44,277952
0.44,277952
0.44,277952
0.44,277952
0.44,277952
0.44,277952
0.44,277952
0.44,277952
0.44,277952
0.44,277952
0.44,277952
0.44,277952
0.44,277952
0.44,277952
0.44,277952
0.44,277952
0.44,277952
0.44,277952
0.44,277952
0.44,277952
0.44,277952
0.45,277952
0.45,277952
0.45,277952
0.45,277952
0.45,277952
0.45,277952
0.45,277952
0.45,277952
0.45,277952
0.45,277952
0.45,277952
0.45,277952
0.45,277952
0.45,277952
0.45,277952
0.45,277952
0.45,277952
0.45,277952
0.45,277952
0.45,277952
0.45,277952
0.45,277952
0.45,277952
0.45,277952
0.45,277952
0.45,277952
0.45,277952
0.45,277952
0.45,277952
0.45,277952
0.45,277952
0.45,277952
0.46,277952
0.46,277952
0.46,277952
0.46,277952
0.46,277952
0.46,277952
0.46,277952
0.46,277952
0.46,277952
0.46,277952
0.46,277952
0.46,277952
0.46,277952
0.46,277952
0.46,277952
0.46,277952
0.46,277952
0.46,277952
0.47,277952
0.47,277952
0.47,277952
0.47,277952
0.47,277952
0.47,277952
0.47,277952
0.47,277952
0.47,277952
0.47,277952
0.47,277952
0.47,277952
0.47,277952
0.47,277952
0.47,277952
0.47,277952
0.47,277952
0.47,277952
0.47,277952
0.47,277952
0.47,277952
0.47,277952
0.47,277952
0.47,277952
0.47,277952
0.47,277952
0.47,277952
0.47,277952
0.47,277952
0.47,277952
0.47,277952
0.47,277952
0.47,277952
0.47,277952
0.47,277952
0.47,277952
0.48,277952
0.48,277952
0.48,277952
0.48,277952
0.48,277952
0.48,277952
0.48,277952
0.48,277952
0.48,277952
0.48,277952
0.48,277952
0.48,277952
0.48,277952
0.48,277952
0.48,277952
0.48,277952
0.48,277952
0.48,277952
0.48,277952
0.48,277952
0.48,277952
0.48,277952
0.48,277952
0.48,277952
0.48,277952
0.48,277952
0.48,277952
0.48,277952
0.48,277952
0.48,277952
0.48,277952
0.48,277952
0.48,277952
0.48,277952
0.49,277952
0.49,277952
0.49,277952
0.49,277952
0.49,277952
0.49,277952
0.49,277952
0.49,277952
0.49,277952
0.49,277952
0.49,277952
0.49,277952
0.49,277952
0.49,277952
0.49,277952
0.49,277952
0.49,277952
0.49,277952
0.49,277952
0.49,277952
0.49,277952
0.49,277952
0.49,277952
0.5,277952
0.5,277952
0.5,277952
0.5,277952
0.5,277952
0.5,277952
0.5,277952
0.5,277952
0.5,277952
0.5,277952
0.5,277952
0.5,277952
0.5,277952
0.5,277952
0.5,277952
0.5,277952
0.5,277952
0.5,277952
0.5,277952
0.5,277952
0.5,277952
0.5,277952
0.5,277952
0.5,277952
0.5,277952
0.5,277952
0.5,277952
0.5,277952
0.5,277952
0.5,277952
0.5,277952
0.5,277952
0.5,277952
0.5,277952
0.5,277952
0.5,277952
0.51,277952
0.51,277952
0.51,277952
0.51,277952
0.51,277952
0.51,277952
0.51,277952
0.51,277952
0.51,277952
0.51,277952
0.51,277952
0.51,277952
0.51,277952
0.51,277952
0.51,277952
0.51,277952
0.51,277952
0.51,277952
0.51,277952
0.51,277952
0.51,277952
0.51,277952
0.51,277952
0.51,277952
0.51,277952
0.51,277952
0.51,277952
0.51,277952
0.51,277952
0.51,277952
0.51,277952
0.51,277952
0.51,277952
0.51,277952
0.51,277952
0.51,277952
0.51,277952
0.52,277952
0.52,277952
0.52,277952
0.52,277952
0.52,277952
0.52,277952
0.52,277952
0.52,277952
0.52,277952
0.52,277952
0.52,277952
0.52,277952
0.52,277952
0.52,277952
0.52,277952
0.52,277952
0.52,277952
0.52,277952
0.52,277952
0.52,277952
0.52,277952
0.52,277952
0.52,277952
0.52,277952
0.52,277952
0.52,277952
0.52,277952
0.52,277952
0.52,277952
0.52,277952
0.52,277952
0.52,277952
0.52,277952
0.52,277952
0.52,277952
0.53,277952
0.53,277952
0.53,277952
0.53,277952
0.53,277952
0.53,277952
0.53,277952
0.53,277952
0.53,277952
0.53,277952
0.53,277952
0.53,277952
0.53,277952
0.53,277952
0.53,277952
0.53,277952
0.53,277952
0.53,277952
0.53,277952
0.53,277952
0.53,277952
0.53,277952
0.53,277952
0.53,277952
0.53,277952
0.53,277952
0.53,277952
0.53,277952
0.53,277952
0.53,277952
0.53,277952
0.53,277952
0.53,277952
0.53,277952
0.53,277952
0.54,277952
0.54,277952
0.54,277952
0.54,277952
0.54,277952
0.54,277952
0.54,277952
0.54,277952
0.54,277952
0.54,277952
0.54,277952
0.54,277952
0.54,277952
0.54,277952
0.54,277952
0.54,277952
0.54,277952
0.54,277952
0.54,277952
0.54,277952
0.54,277952
0.54,277952
0.54,277952
0.54,277952
0.54,277952
0.54,277952
0.54,277952
0.54,277952
0.54,277952
0.54,277952
0.54,277952
0.54,277952
0.54,277952
0.54,277952
0.55,277952
0.55,277952
0.55,277952
0.55,277952
0.55,277952
0.55,277952
0.55,277952
0.55,277952
0.55,277952
0.55,277952
0.55,277952
0.55,277952
0.55,277952
0.55,277952
0.55,277952
0.55,277952
0.55,277952
0.55,277952
0.55,277952
0.55,277952
0.55,277952
0.55,277952
0.55,277952
0.55,277952
0.55,277952
0.55,277952
0.55,277952
0.55,277952
0.55,277952
0.55,277952
0.55,277952
0.55,277952
0.56,277952
0.56,277952
0.56,277952
0.56,277952
0.56,277952
0.56,277952
0.56,277952
0.56,277952
0.56,277952
0.56,277952
0.56,277952
0.56,277952
0.56,277952
0.56,277952
0.56,277952
0.56,277952
0.56,277952
0.56,277952
0.56,277952
0.56,277952
0.56,277952
0.56,277952
0.56,277952
0.56,277952
0.56,277952
0.56,277952
0.56,277952
0.56,277952
0.56,277952
0.56,277952
0.56,277952
0.56,277952
0.57,277952
0.57,277952
0.57,277952
0.57,277952
0.57,277952
0.57,277952
0.57,277952
0.57,277952
0.57,277952
0.57,277952
0.57,277952
0.57,277952
0.57,277952
0.57,277952
0.57,277952
0.57,277952
0.57,277952
0.57,277952
0.57,277952
0.57,277952
0.57,277952
0.57,277952
0.57,277952
0.57,277952
0.57,277952
0.57,277952
0.57,277952
0.57,277952
0.57,277952
0.57,277952
0.57,277952
0.57,277952
0.57,277952
0.57,277952
0.57,277952
0.58,277952
0.58,277952
0.58,277952
0.58,277952
0.58,277952
0.58,277952
0.58,277952
0.58,277952
0.58,277952
0.58,277952
0.58,277952
0.58,277952
0.58,277952
0.58,277952
0.58,277952
0.58,277952
0.58,277952
0.58,277952
0.58,277952
0.58,277952
0.58,277952
0.58,277952
0.58,277952
0.58,277952
0.58,277952
0.58,277952
0.58,277952
0.58,277952
0.58,277952
0.58,277952
0.58,277952
0.58,277952
0.58,277952
0.58,277952
0.58,277952
0.58,277952
0.59,277952
0.59,277952
0.59,277952
0.59,277952
0.59,277952
0.59,277952
0.59,277952
0.59,277952
0.59,277952
0.59,277952
0.59,277952
0.59,277952
0.59,277952
0.59,277952
0.59,277952
0.59,277952
0.59,277952
0.59,277952
0.59,277952
0.59,277952
0.59,277952
0.59,277952
0.59,277952
0.59,277952
0.59,277952
0.59,277952
0.59,277952
0.59,277952
0.59,277952
0.59,277952
0.59,277952
0.59,277952
0.59,277952
0.59,277952
0.59,277952
0.6,277952
0.6,277952
0.6,277952
0.6,277952
0.6,277952
0.6,277952
0.6,277952
0.6,277952
0.6,277952
0.6,277952
0.6,277952
0.6,277952
0.6,277952
0.6,277952
0.6,277952
0.6,277952
0.6,277952
0.6,277952
0.6,277952
0.6,277952
0.6,277952
0.6,277952
0.6,277952
0.6,277952
0.6,277952
0.6,277952
0.6,277952
0.6,277952
0.6,277952
0.6,277952
0.6,277952
0.6,277952
0.6,277952
0.6,277952
0.6,277952
0.61,277952
0.61,277952
0.61,277952
0.61,277952
0.61,277952
0.61,277952
0.61,277952
0.61,277952
0.61,277952
0.61,277952
0.61,277952
0.61,277952
0.61,277952
0.61,277952
0.61,277952
0.61,277952
0.61,277952
0.61,277952
0.61,277952
0.61,277952
0.61,277952
0.61,277952
0.61,277952
0.61,277952
0.61,277952
0.61,277952
0.61,277952
0.61,277952
0.61,277952
0.61,277952
0.61,277952
0.61,277952
0.61,277952
0.61,277952
0.61,277952
0.61,277952
0.62,277952
0.62,277952
0.62,277952
0.62,277952
0.62,277952
0.62,277952
0.62,277952
0.62,277952
0.62,277952
0.62,277952
0.62,277952
0.62,277952
0.62,277952
0.62,277952
0.62,277952
0.62,277952
0.62,277952
0.62,277952
0.62,277952
0.62,277952
0.62,277952
0.62,277952
0.62,277952
0.62,277952
0.62,277952
0.62,277952
0.62,277952
0.62,277952
0.62,277952
0.62,277952
0.62,277952
0.62,277952
0.62,277952
0.62,277952
0.63,277952
0.63,277952
0.63,277952
0.63,277952
0.63,277952
0.63,277952
0.63,277952
0.63,277952
0.63,277952
0.63,277952
0.63,277952
0.63,277952
0.63,277952
0.63,277952
0.63,277952
0.63,277952
0.63,277952
0.63,277952
0.63,277952
0.63,277952
0.63,277952
0.63,277952
0.63,277952
0.63,277952
0.63,277952
0.63,277952
0.63,277952
0.63,277952
0.63,277952
0.63,277952
0.64,277952
0.64,277952
0.64,277952
0.64,277952
0.64,277952
0.64,277952
0.64,277952
0.64,277952
0.64,277952
0.64,277952
0.64,277952
0.64,277952
0.64,277952
0.64,277952
0.64,277952
0.64,277952
0.64,277952
0.64,277952
0.64,277952
0.64,277952
0.64,277952
0.64,277952
0.64,277952
0.64,277952
0.64,277952
0.64,277952
0.64,277952
0.64,277952
0.64,277952
0.64,277952
0.64,277952
0.64,277952
0.64,277952
0.64,277952
0.64,277952
0.64,277952
0.65,277952
0.65,277952
0.65,277952
0.65,277952
0.65,277952
0.65,277952
0.65,277952
0.65,277952
0.65,277952
0.65,277952
0.65,277952
0.65,277952
0.65,277952
0.65,277952
0.65,277952
0.65,277952
0.65,277952
0.65,277952
0.65,277952
0.65,277952
0.65,277952
0.65,277952
0.65,277952
0.65,277952
0.65,277952
0.65,277952
0.65,277952
0.65,277952
0.65,277952
0.65,277952
0.65,277952
0.65,277952
0.65,277952
0.65,277952
0.66,277952
0.66,277952
0.66,277952
0.66,277952
0.66,277952
0.66,277952
0.66,277952
0.66,277952
0.66,277952
0.66,277952
0.66,277952
0.66,277952
0.66,277952
0.66,277952
0.66,277952
0.66,277952
0.66,277952
0.66,277952
0.66,277952
0.66,277952
0.66,277952
0.66,277952
0.66,277952
0.66,277952
0.66,277952
0.66,277952
0.66,277952
0.66,277952
0.66,277952
0.66,277952
0.66,277952
0.67,277952
0.67,277952
0.67,277952
0.67,277952
0.67,277952
0.67,277952
0.67,277952
0.67,277952
0.67,277952
0.67,277952
0.67,277952
0.67,277952
0.67,277952
0.67,277952
0.67,277952
0.67,277952
0.67,277952
0.67,277952
0.67,277952
0.67,277952
0.67,277952
0.67,277952
0.67,277952
0.67,277952
0.67,277952
0.67,277952
0.67,277952
0.67,277952
0.67,277952
0.67,277952
0.67,277952
0.67,277952
0.67,277952
0.67,277952
0.67,277952
0.68,277952
0.68,277952
0.68,277952
0.68,277952
0.68,277952
0.68,277952
0.68,277952
0.68,277952
0.68,277952
0.68,277952
0.68,277952
0.68,277952
0.68,277952
0.68,277952
0.68,277952
0.68,277952
0.68,277952
0.68,277952
0.68,277952
0.68,277952
0.68,277952
0.68,277952
0.68,277952
0.68,277952
0.68,277952
0.68,277952
0.68,277952
0.68,277952
0.68,277952
0.68,277952
0.68,277952
0.68,277952
0.68,277952
0.68,277952
0.68,277952
0.68,277952
0.69,277952
0.69,277952
0.69,277952
0.69,277952
0.69,277952
0.69,277952
0.69,277952
0.69,277952
0.69,277952
0.69,277952
0.69,277952
0.69,277952
0.69,277952
0.69,277952
0.69,277952
0.69,277952
0.69,277952
0.69,277952
0.69,277952
0.69,277952
0.69,277952
0.69,277952
0.69,277952
0.69,277952
0.69,277952
0.69,277952
0.69,277952
0.69,277952
0.69,277952
0.69,277952
0.69,277952
0.69,277952
0.69,277952
0.69,277952
0.7,277952
0.7,277952
0.7,277952
0.7,277952
0.7,277952
0.7,277952
0.7,277952
0.7,277952
0.7,277952
0.7,277952
0.7,277952
0.7,277952
0.7,277952
0.7,277952
0.7,277952
0.7,277952
0.7,277952
0.7,277952
0.7,277952
0.7,277952
0.7,277952
0.7,277952
0.7,277952
0.7,277952
0.7,277952
0.7,277952
0.7,277952
0.7,277952
0.7,277952
0.7,277952
0.7,277952
0.7,277952
0.7,277952
0.7,277952
0.71,277952
0.71,277952
0.71,277952
0.71,277952
0.71,277952
0.71,277952
0.71,277952
0.71,277952
0.71,277952
0.71,277952
0.71,277952
0.71,277952
0.71,277952
0.71,277952
0.71,277952
0.71,277952
0.71,277952
0.71,277952
0.71,277952
0.71,277952
0.71,277952
0.71,277952
0.71,277952
0.71,277952
0.71,277952
0.71,277952
0.71,277952
0.71,277952
0.71,277952
0.71,277952
0.71,277952
0.71,277952
0.71,277952
0.71,277952
0.71,277952
0.71,277952
0.72,277952
0.72,277952
0.72,277952
0.72,277952
0.72,277952
0.72,277952
0.72,277952
0.72,277952
0.72,277952
0.72,277952
0.72,277952
0.72,277952
0.72,277952
0.72,277952
0.72,277952
0.72,277952
0.72,277952
0.72,277952
0.72,277952
0.72,277952
0.72,277952
0.72,277952
0.72,277952
0.72,277952
0.72,277952
0.72,277952
0.72,277952
0.72,277952
0.72,277952
0.72,277952
0.72,277952
0.72,277952
0.72,277952
0.72,277952
0.72,277952
0.73,277952
0.73,277952
0.73,277952
0.73,277952
0.73,277952
0.73,277952
0.73,277952
0.73,277952
0.73,277952
0.73,277952
0.73,277952
0.73,277952
0.73,277952
0.73,277952
0.73,277952
0.73,277952
0.73,277952
0.73,277952
0.73,277952
0.73,277952
0.73,277952
0.73,277952
0.73,277952
0.73,277952
0.73,277952
0.73,277952
0.73,277952
0.73,277952
0.73,277952
0.73,277952
0.73,277952
0.73,277952
0.73,277952
0.73,277952
0.73,277952
0.73,277952
0.73,277952
0.73,277952
0.74,277952
0.74,277952
0.74,277952
0.74,277952
0.74,277952
0.74,277952
0.74,277952
0.74,277952
0.74,277952
0.74,277952
0.74,277952
0.74,277952
0.74,277952
0.74,277952
0.74,277952
0.74,277952
0.74,277952
0.74,277952
0.74,277952
0.74,277952
0.74,277952
0.74,277952
0.74,277952
0.74,277952
0.74,277952
0.74,277952
0.74,277952
0.74,277952
0.74,277952
0.74,277952
0.74,277952
0.74,277952
0.74,277952
0.74,277952
0.74,277952
0.74,277952
0.74,277952
0.74,277952
0.74,277952
0.75,277952
0.75,277952
0.75,277952
0.75,277952
0.75,277952
0.75,277952
0.75,277952
0.75,277952
0.75,277952
0.75,277952
0.75,277952
0.75,277952
0.75,277952
0.75,277952
0.75,277952
0.75,277952
0.75,277952
0.75,277952
0.75,277952
0.75,277952
0.75,277952
0.75,277952
0.75,277952
0.75,277952
0.75,277952
0.75,277952
0.75,277952
0.75,277952
0.75,277952
0.75,277952
0.75,277952
0.75,277952
0.75,277952
0.76,277952
0.76,277952
0.76,277952
0.76,277952
0.76,277952
0.76,277952
0.76,277952
0.76,277952
0.76,277952
0.76,277952
0.76,277952
0.76,277952
0.76,277952
0.76,277952
0.76,277952
0.76,277952
0.76,277952
0.76,277952
0.76,277952
0.76,277952
0.76,277952
0.76,277952
0.76,277952
0.76,277952
0.76,277952
0.76,277952
0.76,277952
0.76,277952
0.76,277952
0.76,277952
0.76,277952
0.76,277952
0.76,277952
0.76,277952
0.76,277952
0.76,277952
0.76,277952
0.76,277952
0.77,277952
0.77,277952
0.77,277952
0.77,277952
0.77,277952
0.77,277952
0.77,277952
0.77,277952
0.77,277952
0.77,277952
0.77,277952
0.77,277952
0.77,277952
0.77,277952
0.77,277952
0.77,277952
0.77,277952
0.77,277952
0.77,277952
0.77,277952
0.77,277952
0.77,277952
0.77,277952
0.77,277952
0.77,277952
0.77,277952
0.77,277952
0.77,277952
0.77,277952
0.77,277952
0.77,277952
0.77,277952
0.77,277952
0.77,277952
0.77,277952
0.77,277952
0.77,277952
0.78,277952
0.78,277952
0.78,277952
0.78,277952
0.78,277952
0.78,277952
0.78,277952
0.78,277952
0.78,277952
0.78,277952
0.78,277952
0.78,277952
0.78,277952
0.78,277952
0.78,277952
0.78,277952
0.78,277952
0.78,277952
0.78,277952
0.78,277952
0.78,277952
0.78,277952
0.78,277952
0.78,277952
0.78,277952
0.78,277952
0.78,277952
0.78,277952
0.78,277952
0.78,277952
0.78,277952
0.78,277952
0.78,277952
0.78,277952
0.78,277952
0.78,277952
0.79,277952
0.79,277952
0.79,277952
0.79,277952
0.79,277952
0.79,277952
0.79,277952
0.79,277952
0.79,277952
0.79,277952
0.79,277952
0.79,277952
0.79,277952
0.79,277952
0.79,277952
0.79,277952
0.79,277952
0.79,277952
0.79,277952
0.79,277952
0.79,277952
0.79,277952
0.79,277952
0.79,277952
0.79,277952
0.79,277952
0.79,277952
0.79,277952
0.79,277952
0.79,277952
0.79,277952
0.79,277952
0.79,277952
0.8,277952
0.8,277952
0.8,277952
0.8,277952
0.8,277952
0.8,277952
0.8,277952
0.8,277952
0.8,277952
0.8,277952
0.8,277952
0.8,277952
0.8,277952
0.8,277952
0.8,277952
0.8,277952
0.8,277952
0.8,277952
0.8,277952
0.8,277952
0.8,277952
0.8,277952
0.8,277952
0.8,277952
0.8,277952
0.8,277952
0.8,277952
0.8,277952
0.8,277952
0.8,277952
0.8,277952
0.8,277952
0.8,277952
0.8,277952
0.8,277952
0.8,277952
0.81,277952
0.81,277952
0.81,277952
0.81,277952
0.81,277952
0.81,277952
0.81,277952
0.81,277952
0.81,277952
0.81,277952
0.81,277952
0.81,277952
0.81,277952
0.81,277952
0.81,277952
0.81,277952
0.81,277952
0.81,277952
0.81,277952
0.81,277952
0.81,277952
0.81,277952
0.81,277952
0.81,277952
0.81,277952
0.81,277952
0.81,277952
0.81,277952
0.81,277952
0.81,277952
0.81,277952
0.81,277952
0.81,277952
0.81,277952
0.81,277952
0.82,277952
0.82,277952
0.82,277952
0.82,277952
0.82,277952
0.82,277952
0.82,277952
0.82,277952
0.82,277952
0.82,277952
0.82,277952
0.82,277952
0.82,277952
0.82,277952
0.82,277952
0.82,277952
0.82,277952
0.82,277952
0.82,277952
0.82,277952
0.82,277952
0.82,277952
0.82,277952
0.82,277952
0.82,277952
0.82,277952
0.82,277952
0.82,277952
0.82,277952
0.82,277952
0.82,277952
0.82,277952
0.82,277952
0.82,277952
0.83,277952
0.83,277952
0.83,277952
0.83,277952
0.83,277952
0.83,277952
0.83,277952
0.83,277952
0.83,277952
0.83,277952
0.83,277952
0.83,277952
0.83,277952
0.83,277952
0.83,277952
0.83,277952
0.83,277952
0.83,277952
0.83,277952
0.83,277952
0.83,277952
0.83,277952
0.83,277952
0.83,277952
0.83,277952
0.83,277952
0.83,277952
0.83,277952
0.83,277952
0.83,277952
0.83,277952
0.83,277952
0.83,277952
0.83,277952
0.84,277952
0.84,277952
0.84,277952
0.84,277952
0.84,277952
0.84,277952
0.84,277952
0.84,277952
0.84,277952
0.84,277952
0.84,277952
0.84,277952
0.84,277952
0.84,277952
0.84,277952
0.84,277952
0.84,277952
0.84,277952
0.84,277952
0.84,277952
0.84,277952
0.84,277952
0.84,277952
0.84,277952
0.84,277952
0.84,277952
0.84,277952
0.84,277952
0.84,277952
0.84,277952
0.84,277952
0.84,277952
0.84,277952
0.84,277952
0.84,277952
0.85,277952
0.85,277952
0.85,277952
0.85,277952
0.85,277952
0.85,277952
0.85,277952
0.85,277952
0.85,277952
0.85,277952
0.85,277952
0.85,277952
0.85,277952
0.85,277952
0.85,277952
0.85,277952
0.85,277952
0.85,277952
0.85,277952
0.85,277952
0.85,277952
0.85,277952
0.85,277952
0.85,277952
0.85,277952
0.85,277952
0.85,277952
0.85,277952
0.85,277952
0.85,277952
0.85,277952
0.85,277952
0.85,277952
0.85,277952
0.85,277952
0.85,277952
0.86,277952
0.86,277952
0.86,277952
0.86,277952
0.86,277952
0.86,277952
0.86,277952
0.86,277952
0.86,277952
0.86,277952
0.86,277952
0.86,277952
0.86,277952
0.86,277952
0.86,277952
0.86,277952
0.86,277952
0.86,277952
0.86,277952
0.86,277952
0.86,277952
0.86,277952
0.86,277952
0.86,277952
0.86,277952
0.86,277952
0.86,277952
0.86,277952
0.86,277952
0.86,277952
0.86,277952
0.86,277952
0.87,277952
0.87,277952
0.87,277952
0.87,277952
0.87,277952
0.87,277952
0.87,277952
0.87,277952
0.87,277952
0.87,277952
0.87,277952
0.87,277952
0.87,277952
0.87,277952
0.87,277952
0.87,277952
0.87,277952
0.87,277952
0.87,277952
0.87,277952
0.87,277952
0.87,277952
0.87,277952
0.87,277952
0.87,277952
0.87,277952
0.87,277952
0.87,277952
0.87,277952
0.87,277952
0.87,277952
0.87,277952
0.87,277952
0.87,277952
0.87,277952
0.87,277952
0.87,277952
0.87,277952
0.88,277952
0.88,277952
0.88,277952
0.88,277952
0.88,277952
0.88,277952
0.88,277952
0.88,277952
0.88,277952
0.88,277952
0.88,277952
0.88,277952
0.88,277952
0.88,277952
0.88,277952
0.88,277952
0.88,277952
0.88,277952
0.88,277952
0.88,277952
0.88,277952
0.88,277952
0.88,277952
0.88,277952
0.88,277952
0.88,277952
0.88,277952
0.88,277952
0.88,277952
0.88,277952
0.88,277952
0.88,277952
0.88,277952
0.88,277952
0.88,277952
0.89,277952
0.89,277952
0.89,277952
0.89,277952
0.89,277952
0.89,277952
0.89,277952
0.89,277952
0.89,277952
0.89,277952
0.89,277952
0.89,277952
0.89,277952
0.89,277952
0.89,277952
0.89,277952
0.89,277952
0.89,277952
0.89,277952
0.89,277952
0.89,277952
0.89,277952
0.89,277952
0.89,277952
0.89,277952
0.89,277952
0.89,277952
0.89,277952
0.89,277952
0.89,277952
0.89,277952
0.89,277952
0.89,277952
0.9,277952
0.9,277952
0.9,277952
0.9,277952
0.9,277952
0.9,277952
0.9,277952
0.9,277952
0.9,277952
0.9,277952
0.9,277952
0.9,277952
0.9,277952
0.9,277952
0.9,277952
0.9,277952
0.9,277952
0.9,277952
0.9,277952
0.9,277952
0.9,277952
0.9,277952
0.9,277952
0.9,277952
0.9,277952
0.9,277952
0.9,277952
0.9,277952
0.9,277952
0.9,277952
0.9,277952
0.9,277952
0.9,277952
0.9,277952
0.9,277952
0.9,277952
0.91,277952
0.91,277952
0.91,277952
0.91,277952
0.91,277952
0.91,277952
0.91,277952
0.91,277952
0.91,277952
0.91,277952
0.91,277952
0.91,277952
0.91,277952
0.91,277952
0.91,277952
0.91,277952
0.91,277952
0.91,277952
0.91,277952
0.91,277952
0.91,277952
0.91,277952
0.91,277952
0.91,277952
0.91,277952
0.91,277952
0.91,277952
0.91,277952
0.91,277952
0.91,277952
0.91,277952
0.91,277952
0.91,277952
0.91,277952
0.92,277952
0.92,277952
0.92,277952
0.92,277952
0.92,277952
0.92,277952
0.92,277952
0.92,277952
0.92,277952
0.92,277952
0.92,277952
0.92,277952
0.92,277952
0.92,277952
0.92,277952
0.92,277952
0.92,277952
0.92,277952
0.92,277952
0.92,277952
0.92,277952
0.92,277952
0.92,277952
0.92,277952
0.92,277952
0.92,277952
0.92,277952
0.92,277952
0.92,277952
0.92,277952
0.92,277952
0.92,277952
0.92,277952
0.92,277952
0.92,277952
0.92,277952
0.93,277952
0.93,277952
0.93,277952
0.93,277952
0.93,277952
0.93,277952
0.93,277952
0.93,277952
0.93,277952
0.93,277952
0.93,277952
0.93,277952
0.93,277952
0.93,277952
0.93,277952
0.93,277952
0.93,277952
0.93,277952
0.93,277952
0.93,277952
0.93,277952
0.93,277952
0.93,277952
0.93,277952
0.93,277952
0.93,277952
0.93,277952
0.93,277952
0.93,277952
0.93,277952
0.93,277952
0.93,277952
0.93,277952
0.93,277952
0.93,277952
0.93,277952
0.94,277952
0.94,277952
0.94,277952
0.94,277952
0.94,277952
0.94,277952
0.94,277952
0.94,277952
0.94,277952
0.94,277952
0.94,277952
0.94,277952
0.94,277952
0.94,277952
0.94,277952
0.94,277952
0.94,277952
0.94,277952
0.94,277952
0.94,277952
0.94,277952
0.94,277952
0.94,277952
0.94,277952
0.94,277952
0.94,277952
0.94,277952
0.94,277952
0.94,277952
0.94,277952
0.94,277952
0.95,277952
0.95,277952
0.95,277952
0.95,277952
0.95,277952
0.95,277952
0.95,277952
0.95,277952
0.95,277952
0.95,277952
0.95,277952
0.95,277952
0.95,277952
0.95,277952
0.95,277952
0.95,277952
0.95,277952
0.95,277952
0.95,277952
0.95,277952
0.95,277952
0.95,277952
0.95,277952
0.95,277952
0.95,277952
0.95,277952
0.95,277952
0.95,277952
0.95,277952
0.95,277952
0.95,277952
0.95,277952
0.95,277952
0.95,277952
0.96,277952
0.96,277952
0.96,277952
0.96,277952
0.96,277952
0.96,277952
0.96,277952
0.96,277952
0.96,277952
0.96,277952
0.96,277952
0.96,277952
0.96,277952
0.96,277952
0.96,277952
0.96,277952
0.96,277952
0.96,277952
0.96,277952
0.96,277952
0.96,277952
0.96,277952
0.96,277952
0.96,277952
0.96,277952
0.96,277952
0.96,277952
0.96,277952
0.96,277952
0.96,277952
0.96,277952
0.96,277952
0.96,277952
0.97,277952
0.97,277952
0.97,277952
0.97,277952
0.97,277952
0.97,277952
0.97,277952
0.97,277952
0.97,277952
0.97,277952
0.97,277952
0.97,277952
0.97,277952
0.97,277952
0.97,277952
0.97,277952
0.97,277952
0.97,277952
0.97,277952
0.97,277952
0.97,277952
0.97,277952
0.97,277952
0.97,277952
0.97,277952
0.97,277952
0.97,277952
0.97,277952
0.97,277952
0.97,277952
0.97,277952
0.97,277952
0.97,277952
0.98,277952
0.98,277952
0.98,277952
0.98,277952
0.98,277952
0.98,277952
0.98,277952
0.98,277952
0.98,277952
0.98,277952
0.98,277952
0.98,277952
0.98,277952
0.98,277952
0.98,277952
0.98,277952
0.98,277952
0.98,277952
0.98,277952
0.98,277952
0.98,277952
0.98,277952
0.98,277952
0.98,277952
0.98,277952
0.98,277952
0.98,277952
0.98,277952
0.98,277952
0.98,277952
0.98,277952
0.98,277952
0.98,277952
0.99,277952
0.99,277952
0.99,277952
0.99,277952
0.99,277952
0.99,277952
0.99,277952
0.99,277952
0.99,277952
0.99,277952
0.99,277952
0.99,277952
0.99,277952
0.99,277952
0.99,277952
0.99,277952
0.99,277952
0.99,277952
0.99,277952
0.99,277952
0.99,277952
0.99,277952
0.99,277952
0.99,277952
0.99,277952
0.99,277952
0.99,277952
0.99,277952
0.99,277952
0.99,277952
0.99,277952
0.99,277952
0.99,277952
1,277952
1,277952
1,277952
1,277952
1,277952
1,277952
1,277952
1,277952
1,277952
1,277952
1,277952
1,277952
1,277952
1,277952
1,277952
1,277952
1,277952
1,277952
1,277952
1,277952
1,277952
1,277952
1,277952
1,277952
1,277952
1,277952
1,277952
1,277952
1,277952
1,277952
1,277952
1,277952
1,277952
1,277952
1.01,277952
1.01,277952
1.01,277952
1.01,277952
1.01,277952
1.01,277952
1.01,277952
1.01,277952
1.01,277952
1.01,277952
1.01,277952
1.01,277952
1.01,277952
1.01,277952
1.01,277952
1.01,277952
1.01,277952
1.01,277952
1.01,277952
1.01,277952
1.01,277952
1.01,277952
1.01,277952
1.01,277952
1.01,277952
1.01,277952
1.01,277952
1.01,277952
1.01,277952
1.01,277952
1.01,277952
1.01,277952
1.01,277952
1.02,277952
1.02,277952
1.02,277952
1.02,277952
1.02,277952
1.02,277952
1.02,277952
1.02,277952
1.02,277952
1.02,277952
1.02,277952
1.02,277952
1.02,277952
1.02,277952
1.02,277952
1.02,277952
1.02,277952
1.02,277952
1.02,277952
1.02,277952
1.02,277952
1.02,277952
1.02,277952
1.02,277952
1.02,277952
1.02,277952
1.02,277952
1.02,277952
1.02,277952
1.02,277952
1.02,277952
1.02,277952
1.02,277952
1.02,277952
1.03,277952
1.03,277952
1.03,277952
1.03,277952
1.03,277952
1.03,277952
1.03,277952
1.03,277952
1.03,277952
1.03,277952
1.03,277952
1.03,277952
1.03,277952
1.03,277952
1.03,277952
1.03,277952
1.03,277952
1.03,277952
1.03,277952
1.03,277952
1.03,277952
1.03,277952
1.03,277952
1.03,277952
1.03,277952
1.03,277952
1.03,277952
1.03,277952
1.03,277952
1.03,277952
1.03,277952
1.03,277952
1.03,277952
1.03,277952
1.04,277952
1.04,277952
1.04,277952
1.04,277952
1.04,277952
1.04,277952
1.04,277952
1.04,277952
1.04,277952
1.04,277952
1.04,277952
1.04,277952
1.04,277952
1.04,277952
1.04,277952
1.04,277952
1.04,277952
1.04,277952
1.04,277952
1.04,277952
1.04,277952
1.04,277952
1.04,277952
1.04,277952
1.04,277952
1.04,277952
1.04,277952
1.04,277952
1.04,277952
1.04,277952
1.04,277952
1.04,277952
1.04,277952
1.04,277952
1.05,277952
1.05,277952
1.05,277952
1.05,277952
1.05,277952
1.05,277952
1.05,277952
1.05,277952
1.05,277952
1.05,277952
1.05,277952
1.05,277952
1.05,277952
1.05,277952
1.05,277952
1.05,277952
1.05,277952
1.05,277952
1.05,277952
1.05,277952
1.05,277952
1.05,277952
1.05,277952
1.05,277952
1.05,277952
1.05,277952
1.06,277952
1.06,277952
1.06,277952
1.06,277952
1.06,277952
1.06,277952
1.06,277952
1.06,277952
1.06,277952
1.06,277952
1.06,277952
1.06,277952
1.06,277952
1.06,277952
1.06,277952
1.06,277952
1.06,277952
1.06,277952
1.06,277952
1.06,277952
1.06,277952
1.06,277952
1.06,277952
1.06,277952
1.06,277952
1.06,277952
1.06,277952
1.06,277952
1.06,277952
1.06,277952
1.06,277952
1.06,277952
1.06,277952
1.06,277952
1.06,277952
1.06,277952
1.06,277952
1.06,277952
1.06,277952
1.07,277952
1.07,277952
1.07,277952
1.07,277952
1.07,277952
1.07,277952
1.07,277952
1.07,277952
1.07,277952
1.07,277952
1.07,277952
1.07,277952
1.07,277952
1.07,277952
1.07,277952
1.07,277952
1.07,277952
1.07,277952
1.07,277952
1.07,277952
1.07,277952
1.07,277952
1.07,277952
1.07,277952
1.07,277952
1.07,277952
1.07,277952
1.07,277952
1.07,277952
1.07,277952
1.07,277952
1.07,277952
1.07,277952
1.07,277952
1.07,277952
1.07,277952
1.08,277952
1.08,277952
1.08,277952
1.08,277952
1.08,277952
1.08,277952
1.08,277952
1.08,277952
1.08,277952
1.08,277952
1.08,277952
1.08,277952
1.08,277952
1.08,277952
1.08,277952
1.08,277952
1.08,277952
1.08,277952
1.08,277952
1.08,277952
1.08,277952
1.08,277952
1.08,277952
1.08,277952
1.08,277952
1.08,277952
1.08,277952
1.08,277952
1.08,277952
1.08,277952
1.08,277952
1.08,277952
1.08,277952
1.08,277952
1.08,277952
1.08,277952
1.09,277952
1.09,277952
1.09,277952
1.09,277952
1.09,277952
1.09,277952
1.09,277952
1.09,277952
1.09,277952
1.09,277952
1.09,277952
1.09,277952
1.09,277952
1.09,277952
1.09,277952
1.09,277952
1.09,277952
1.09,277952
1.09,277952
1.09,277952
1.09,277952
1.09,277952
1.09,277952
1.09,277952
1.09,277952
1.09,277952
1.09,277952
1.09,277952
1.09,277952
1.09,277952
1.09,277952
1.09,277952
1.1,277952
1.1,277952
1.1,277952
1.1,277952
1.1,277952
1.1,277952
1.1,277952
1.1,277952
1.1,277952
1.1,277952
1.1,277952
1.1,277952
1.1,277952
1.1,277952
1.1,277952
1.1,277952
1.1,277952
1.1,277952
1.1,277952
1.1,277952
1.11,277952
1.11,277952
1.11,277952
1.11,277952
1.11,277952
1.11,277952
1.11,277952
1.11,277952
1.11,277952
1.11,277952
1.11,277952
1.11,277952
1.11,277952
1.11,277952
1.11,277952
1.11,277952
1.11,277952
1.11,277952
1.11,277952
1.11,277952
1.11,277952
1.11,277952
1.11,277952
1.11,277952
1.11,277952
1.11,277952
1.11,277952
1.11,277952
1.11,277952
1.11,277952
1.11,277952
1.11,277952
1.12,277952
1.12,277952
1.12,277952
1.12,277952
1.12,277952
1.12,277952
1.12,277952
1.12,277952
1.12,277952
1.12,277952
1.12,277952
1.12,277952
1.12,277952
1.12,277952
1.12,277952
1.12,277952
1.12,277952
1.12,277952
1.12,277952
1.12,277952
1.12,277952
1.12,277952
1.12,277952
1.12,277952
1.12,277952
1.12,277952
1.12,277952
1.12,277952
1.12,277952
1.12,277952
1.12,277952
1.12,277952
1.12,277952
1.12,277952
1.13,277952
1.13,277952
1.13,277952
1.13,277952
1.13,277952
1.13,277952
1.13,277952
1.13,277952
1.13,277952
1.13,277952
1.13,277952
1.13,277952
1.13,277952
1.13,277952
1.13,277952
1.13,277952
1.13,277952
1.13,277952
1.13,277952
1.13,277952
1.13,277952
1.13,277952
1.13,277952
1.13,277952
1.13,277952
1.13,277952
1.13,277952
1.13,277952
1.13,277952
1.13,277952
1.14,277952
1.14,277952
1.14,277952
1.14,277952
1.14,277952
1.14,277952
1.14,277952
1.14,277952
1.14,277952
1.14,277952
1.14,277952
1.14,277952
1.14,277952
1.14,277952
1.14,277952
1.14,277952
1.14,277952
1.14,277952
1.14,277952
1.14,277952
1.14,277952
1.14,277952
1.14,277952
1.14,277952
1.14,277952
1.14,277952
1.14,277952
1.14,277952
1.14,277952
1.14,277952
1.14,277952
1.14,277952
1.15,277952
1.15,277952
1.15,277952
1.15,277952
1.15,277952
1.15,277952
1.15,277952
1.15,277952
1.15,277952
1.15,277952
1.15,277952
1.15,277952
1.15,277952
1.15,277952
1.15,277952
1.15,277952
1.15,277952
1.15,277952
1.15,277952
1.15,277952
1.15,277952
1.15,277952
1.15,277952
1.15,277952
1.15,277952
1.16,277952
1.16,277952
1.16,277952
1.16,277952
1.16,277952
1.16,277952
1.16,277952
1.16,277952
1.16,277952
1.16,277952
1.16,277952
1.16,277952
1.16,277952
1.16,277952
1.16,277952
1.16,277952
1.16,277952
1.16,277952
1.16,277952
1.16,277952
1.16,277952
1.16,277952
1.16,277952
1.16,277952
1.16,277952
1.16,277952
1.16,277952
1.16,277952
1.16,277952
1.16,277952
1.16,277952
1.17,277952
1.17,277952
1.17,277952
1.17,277952
1.17,277952
1.17,277952
1.17,277952
1.17,277952
1.17,277952
1.17,277952
1.17,277952
1.17,277952
1.17,277952
1.17,277952
1.17,277952
1.17,277952
1.17,277952
1.17,277952
1.17,277952
1.17,277952
1.17,277952
1.17,277952
1.17,277952
1.17,277952
1.17,277952
1.17,277952
1.17,277952
1.17,277952
1.17,277952
1.17,277952
1.17,277952
1.18,277952
1.18,277952
1.18,277952
1.18,277952
1.18,277952
1.18,277952
1.18,277952
1.18,277952
1.18,277952
1.18,277952
1.18,277952
1.18,277952
1.18,277952
1.18,277952
1.18,277952
1.18,277952
1.18,277952
1.18,277952
1.18,277952
1.18,277952
1.18,277952
1.18,277952
1.18,277952
1.18,277952
1.18,277952
1.18,277952
1.18,277952
1.18,277952
1.18,277952
1.18,277952
1.19,277952
1.19,277952
1.19,277952
1.19,277952
1.19,277952
1.19,277952
1.19,277952
1.19,277952
1.19,277952
1.19,277952
1.19,277952
1.19,277952
1.19,277952
1.19,277952
1.19,277952
1.19,277952
1.19,277952
1.19,277952
1.19,277952
1.19,277952
1.19,277952
1.19,277952
1.19,277952
1.19,277952
1.19,277952
1.19,277952
1.19,277952
1.2,277952
1.2,277952
1.2,277952
1.2,277952
1.2,277952
1.2,277952
1.2,277952
1.2,277952
1.2,277952
1.2,277952
1.2,277952
1.2,277952
1.2,277952
1.2,277952
1.2,277952
1.2,277952
1.2,277952
1.2,277952
1.2,277952
1.2,277952
1.2,277952
1.2,277952
1.2,277952
1.2,277952
1.2,277952
1.2,277952
1.2,277952
1.2,277952
1.2,277952
1.2,277952
1.2,277952
1.2,277952
1.2,277952
1.21,277952
1.21,277952
1.21,277952
1.21,277952
1.21,277952
1.21,277952
1.21,277952
1.21,277952
1.21,277952
1.21,277952
1.21,277952
1.21,277952
1.21,277952
1.21,277952
1.21,277952
1.21,277952
1.21,277952
1.21,277952
1.21,277952
1.21,277952
1.21,277952
1.21,277952
1.21,277952
1.21,277952
1.21,277952
1.21,277952
1.21,277952
1.21,277952
1.21,277952
1.21,277952
1.22,277952
1.22,277952
1.22,277952
1.22,277952
1.22,277952
1.22,277952
1.22,277952
1.22,277952
1.22,277952
1.22,277952
1.22,277952
1.22,277952
1.22,277952
1.22,277952
1.22,277952
1.22,277952
1.22,277952
1.22,277952
1.22,277952
1.22,277952
1.22,277952
1.22,277952
1.22,277952
1.22,277952
1.22,277952
1.22,277952
1.22,277952
1.22,277952
1.22,277952
1.22,277952
1.22,277952
1.23,277952
1.23,277952
1.23,277952
1.23,277952
1.23,277952
1.23,277952
1.23,277952
1.23,277952
1.23,277952
1.23,277952
1.23,277952
1.23,277952
1.23,277952
1.23,277952
1.23,277952
1.23,277952
1.23,277952
1.23,277952
1.23,277952
1.23,277952
1.23,277952
1.23,277952
1.23,277952
1.23,277952
1.23,277952
1.23,277952
1.23,277952
1.23,277952
1.23,277952
1.23,277952
1.24,277952
1.24,277952
1.24,277952
1.24,277952
1.24,277952
1.24,277952
1.24,277952
1.24,277952
1.24,277952
1.24,277952
1.24,277952
1.24,277952
1.24,277952
1.24,277952
1.24,277952
1.24,277952
1.24,277952
1.24,277952
1.24,277952
1.24,277952
1.24,277952
1.24,277952
1.24,277952
1.24,277952
1.24,277952
1.24,277952
1.24,277952
1.24,277952
1.24,277952
1.24,277952
1.24,277952
1.24,277952
1.24,277952
1.24,277952
1.24,277952
1.24,277952
1.25,277952
1.25,277952
1.25,277952
1.25,277952
1.25,277952
1.25,277952
1.25,277952
1.25,277952
1.25,277952
1.25,277952
1.25,277952
1.25,277952
1.25,277952
1.25,277952
1.25,277952
1.25,277952
1.25,277952
1.25,277952
1.25,277952
1.25,277952
1.25,277952
1.25,277952
1.25,277952
1.25,277952
1.25,277952
1.25,277952
1.25,277952
1.25,277952
1.25,277952
1.25,277952
1.25,277952
1.26,277952
1.26,277952
1.26,277952
1.26,277952
1.26,277952
1.26,277952
1.26,277952
1.26,277952
1.26,277952
1.26,277952
1.26,277952
1.26,277952
1.26,277952
1.26,277952
1.26,277952
1.26,277952
1.26,277952
1.26,277952
1.26,277952
1.26,277952
1.26,277952
1.26,277952
1.26,277952
1.26,277952
1.26,277952
1.26,277952
1.26,277952
1.26,277952
1.26,277952
1.26,277952
1.26,277952
1.26,277952
1.26,277952
1.27,277952
1.27,277952
1.27,277952
1.27,277952
1.27,277952
1.27,277952
1.27,277952
1.27,277952
1.27,277952
1.27,277952
1.27,277952
1.27,277952
1.27,277952
1.27,277952
1.27,277952
1.27,277952
1.27,277952
1.27,277952
1.27,277952
1.27,277952
1.27,277952
1.27,277952
1.27,277952
1.27,277952
1.27,277952
1.27,277952
1.27,277952
1.27,277952
1.27,277952
1.27,277952
1.27,277952
1.27,277952
1.27,277952
1.27,277952
1.27,277952
1.28,277952
1.28,277952
1.28,277952
1.28,277952
1.28,277952
1.28,277952
1.28,277952
1.28,277952
1.28,277952
1.28,277952
1.28,277952
1.28,277952
1.28,277952
1.28,277952
1.28,277952
1.28,277952
1.28,277952
1.28,277952
1.28,277952
1.28,277952
1.28,277952
1.28,277952
1.28,277952
1.28,277952
1.28,277952
1.28,277952
1.28,277952
1.28,277952
1.28,277952
1.28,277952
1.28,277952
1.28,277952
1.28,277952
1.28,277952
1.28,277952
1.29,277952
1.29,277952
1.29,277952
1.29,277952
1.29,277952
1.29,277952
1.29,277952
1.29,277952
1.29,277952
1.29,277952
1.29,277952
1.29,277952
1.29,277952
1.29,277952
1.29,277952
1.29,277952
1.29,277952
1.29,277952
1.29,277952
1.29,277952
1.29,277952
1.29,277952
1.29,277952
1.29,277952
1.29,277952
1.29,277952
1.29,277952
1.29,277952
1.29,277952
1.29,277952
1.29,277952
1.29,277952
1.29,277952
1.3,277952
1.3,277952
1.3,277952
1.3,277952
1.3,277952
1.3,277952
1.3,277952
1.3,277952
1.3,277952
1.3,277952
1.3,277952
1.3,277952
1.3,277952
1.3,277952
1.3,277952
1.3,277952
1.3,277952
1.3,277952
1.3,277952
1.3,277952
1.3,277952
1.3,277952
1.3,277952
1.3,277952
1.3,277952
1.3,277952
1.3,277952
1.3,277952
1.3,277952
1.3,277952
1.3,277952
1.3,277952
1.3,277952
1.3,277952
1.31,277952
1.31,277952
1.31,277952
1.31,277952
1.31,277952
1.31,277952
1.31,277952
1.31,277952
1.31,277952
1.31,277952
1.31,277952
1.31,277952
1.31,277952
1.31,277952
1.31,277952
1.31,277952
1.31,277952
1.31,277952
1.31,277952
1.31,277952
1.31,277952
1.31,277952
1.31,277952
1.31,277952
1.31,277952
1.31,277952
1.31,277952
1.31,277952
1.31,277952
1.31,277952
1.31,277952
1.31,277952
1.31,277952
1.31,277952
1.32,277952
1.32,277952
1.32,277952
1.32,277952
1.32,277952
1.32,277952
1.32,277952
1.32,277952
1.32,277952
1.32,277952
1.32,277952
1.32,277952
1.32,277952
1.32,277952
1.32,277952
1.32,277952
1.32,277952
1.32,277952
1.32,277952
1.32,277952
1.32,277952
1.32,277952
1.32,277952
1.32,277952
1.32,277952
1.32,277952
1.32,277952
1.32,277952
1.32,277952
1.32,277952
1.32,277952
1.32,277952
1.32,277952
1.32,277952
1.33,277952
1.33,277952
1.33,277952
1.33,277952
1.33,277952
1.33,277952
1.33,277952
1.33,277952
1.33,277952
1.33,277952
1.33,277952
1.33,277952
1.33,277952
1.33,277952
1.33,277952
1.33,277952
1.33,277952
1.33,277952
1.33,277952
1.33,277952
1.33,277952
1.33,277952
1.33,277952
1.33,277952
1.33,277952
1.33,277952
1.33,277952
1.33,277952
1.33,277952
1.33,277952
1.33,277952
1.33,277952
1.33,277952
1.33,277952
1.34,277952
1.34,277952
1.34,277952
1.34,277952
1.34,277952
1.34,277952
1.34,277952
1.34,277952
1.34,277952
1.34,277952
1.34,277952
1.34,277952
1.34,277952
1.34,277952
1.34,277952
1.34,277952
1.34,277952
1.34,277952
1.34,277952
1.34,277952
1.34,277952
1.34,277952
1.34,277952
1.34,277952
1.34,277952
1.34,277952
1.34,277952
1.34,277952
1.34,277952
1.34,277952
1.34,277952
1.34,277952
1.34,277952
1.34,277952
1.34,277952
1.34,277952
1.34,277952
1.35,277952
1.35,277952
1.35,277952
1.35,277952
1.35,277952
1.35,277952
1.35,277952
1.35,277952
1.35,277952
1.35,277952
1.35,277952
1.35,277952
1.35,277952
1.35,277952
1.35,277952
1.35,277952
1.35,277952
1.35,277952
1.35,277952
1.35,277952
1.35,277952
1.35,277952
1.35,277952
1.35,277952
1.35,277952
1.35,277952
1.35,277952
1.35,277952
1.35,277952
1.35,277952
1.35,277952
1.35,277952
1.36,277952
1.36,277952
1.36,277952
1.36,277952
1.36,277952
1.36,277952
1.36,277952
1.36,277952
1.36,277952
1.36,277952
1.36,277952
1.36,277952
1.36,277952
1.36,277952
1.36,277952
1.36,277952
1.36,277952
1.36,277952
1.36,277952
1.36,277952
1.36,277952
1.36,277952
1.36,277952
1.36,277952
1.36,277952
1.36,277952
1.36,277952
1.36,277952
1.36,277952
1.36,277952
1.36,277952
1.36,277952
1.36,277952
1.36,277952
1.36,277952
1.37,277952
1.37,277952
1.37,277952
1.37,277952
1.37,277952
1.37,277952
1.37,277952
1.37,277952
1.37,277952
1.37,277952
1.37,277952
1.37,277952
1.37,277952
1.37,277952
1.37,277952
1.37,277952
1.37,277952
1.37,277952
1.37,277952
1.37,277952
1.37,277952
1.37,277952
1.37,277952
1.37,277952
1.37,277952
1.37,277952
1.37,277952
1.37,277952
1.37,277952
1.37,277952
1.37,277952
1.37,277952
1.37,277952
1.37,277952
1.37,277952
1.37,277952
1.37,277952
1.38,277952
1.38,277952
1.38,277952
1.38,277952
1.38,277952
1.38,277952
1.38,277952
1.38,277952
1.38,277952
1.38,277952
1.38,277952
1.38,277952
1.38,277952
1.38,277952
1.38,277952
1.38,277952
1.38,277952
1.38,277952
1.38,277952
1.38,277952
1.38,277952
1.38,277952
1.38,277952
1.38,277952
1.38,277952
1.38,277952
1.38,277952
1.38,277952
1.38,277952
1.38,277952
1.38,277952
1.38,277952
1.38,277952
1.38,277952
1.38,277952
1.38,277952
1.38,277952
1.39,277952
1.39,277952
1.39,277952
1.39,277952
1.39,277952
1.39,277952
1.39,277952
1.39,277952
1.39,277952
1.39,277952
1.39,277952
1.39,277952
1.39,277952
1.39,277952
1.39,277952
1.39,277952
1.39,277952
1.39,277952
1.39,277952
1.39,277952
1.39,277952
1.39,277952
1.39,277952
1.39,277952
1.39,277952
1.39,277952
1.39,277952
1.39,277952
1.39,277952
1.39,277952
1.39,277952
1.39,277952
1.39,277952
1.39,277952
1.39,277952
1.39,277952
1.39,277952
1.4,277952
1.4,277952
1.4,277952
1.4,277952
1.4,277952
1.4,277952
1.4,277952
1.4,277952
1.4,277952
1.4,277952
1.4,277952
1.4,277952
1.4,277952
1.4,277952
1.4,277952
1.4,277952
1.4,277952
1.4,277952
1.4,277952
1.4,277952
1.4,277952
1.4,277952
1.4,277952
1.4,277952
1.4,277952
1.4,277952
1.4,277952
1.4,277952
1.4,277952
1.4,277952
1.4,277952
1.4,277952
1.4,277952
1.4,277952
1.4,277952
1.4,277952
1.41,277952
1.41,277952
1.41,277952
1.41,277952
1.41,277952
1.41,277952
1.41,277952
1.41,277952
1.41,277952
1.41,277952
1.41,277952
1.41,277952
1.41,277952
1.41,277952
1.41,277952
1.41,277952
1.41,277952
1.41,277952
1.41,277952
1.41,277952
1.41,277952
1.41,277952
1.41,277952
1.41,277952
1.41,277952
1.41,277952
1.41,277952
1.41,277952
1.41,277952
1.41,277952
1.41,277952
1.41,277952
1.41,277952
1.41,277952
1.41,277952
1.41,277952
1.41,277952
1.42,277952
1.42,277952
1.42,277952
1.42,277952
1.42,277952
1.42,277952
1.42,277952
1.42,277952
1.42,277952
1.42,277952
1.42,277952
1.42,277952
1.42,277952
1.42,277952
1.42,277952
1.42,277952
1.42,277952
1.42,277952
1.42,277952
1.42,277952
1.42,277952
1.42,277952
1.42,277952
1.42,277952
1.42,277952
1.42,277952
1.42,277952
1.42,277952
1.42,277952
1.42,277952
1.42,277952
1.42,277952
1.42,277952
1.42,277952
1.42,277952
1.42,277952
1.42,277952
1.43,277952
1.43,277952
1.43,277952
1.43,277952
1.43,277952
1.43,277952
1.43,277952
1.43,277952
1.43,277952
1.43,277952
1.43,277952
1.43,277952
1.43,277952
1.43,277952
1.43,277952
1.43,277952
1.43,277952
1.43,277952
1.43,277952
1.43,277952
1.43,277952
1.43,277952
1.43,277952
1.43,277952
1.43,277952
1.43,277952
1.43,277952
1.43,277952
1.43,277952
1.43,277952
1.43,277952
1.43,277952
1.43,277952
1.43,277952
1.43,277952
1.44,277952
1.44,277952
1.44,277952
1.44,277952
1.44,277952
1.44,277952
1.44,277952
1.44,277952
1.44,277952
1.44,277952
1.44,277952
1.44,277952
1.44,277952
1.44,277952
1.44,277952
1.44,277952
1.44,277952
1.44,277952
1.44,277952
1.44,277952
1.44,277952
1.44,277952
1.44,277952
1.44,277952
1.44,277952
1.44,277952
1.44,277952
1.44,277952
1.44,277952
1.44,277952
1.44,277952
1.44,277952
1.44,277952
1.44,277952
1.44,277952
1.44,277952
1.44,277952
1.45,277952
1.45,277952
1.45,277952
1.45,277952
1.45,277952
1.45,277952
1.45,277952
1.45,277952
1.45,277952
1.45,277952
1.45,277952
1.45,277952
1.45,277952
1.45,277952
1.45,277952
1.45,277952
1.45,277952
1.45,277952
1.45,277952
1.45,277952
1.45,277952
1.45,277952
1.45,277952
1.45,277952
1.45,277952
1.45,277952
1.45,277952
1.45,277952
1.45,277952
1.45,277952
1.45,277952
1.45,277952
1.45,277952
1.45,277952
1.45,277952
1.45,277952
1.46,277952
1.46,277952
1.46,277952
1.46,277952
1.46,277952
1.46,277952
1.46,277952
1.46,277952
1.46,277952
1.46,277952
1.46,277952
1.46,277952
1.46,277952
1.46,277952
1.46,277952
1.46,277952
1.46,277952
1.46,277952
1.46,277952
1.46,277952
1.46,277952
1.46,277952
1.46,277952
1.46,277952
1.46,277952
1.46,277952
1.46,277952
1.46,277952
1.46,277952
1.46,277952
1.46,277952
1.46,277952
1.46,277952
1.46,277952
1.46,277952
1.46,277952
1.46,277952
1.47,277952
1.47,277952
1.47,277952
1.47,277952
1.47,277952
1.47,277952
1.47,277952
1.47,277952
1.47,277952
1.47,277952
1.47,277952
1.47,277952
1.47,277952
1.47,277952
1.47,277952
1.47,277952
1.47,277952
1.47,277952
1.47,277952
1.47,277952
1.47,277952
1.47,277952
1.47,277952
1.47,277952
1.47,277952
1.47,277952
1.47,277952
1.47,277952
1.47,277952
1.47,277952
1.47,277952
1.47,277952
1.47,277952
1.47,277952
1.48,277952
1.48,277952
1.48,277952
1.48,277952
1.48,277952
1.48,277952
1.48,277952
1.48,277952
1.48,277952
1.48,277952
1.48,277952
1.48,277952
1.48,277952
1.48,277952
1.48,277952
1.48,277952
1.48,277952
1.48,277952
1.48,277952
1.48,277952
1.48,277952
1.48,277952
1.48,277952
1.48,277952
1.48,277952
1.48,277952
1.48,277952
1.48,277952
1.48,277952
1.48,277952
1.48,277952
1.48,277952
1.48,277952
1.48,277952
1.48,277952
1.48,277952
1.48,277952
1.49,277952
1.49,277952
1.49,277952
1.49,277952
1.49,277952
1.49,277952
1.49,277952
1.49,277952
1.49,277952
1.49,277952
1.49,277952
1.49,277952
1.49,277952
1.49,277952
1.49,277952
1.49,277952
1.49,277952
1.49,277952
1.49,277952
1.49,277952
1.49,277952
1.49,277952
1.49,277952
1.49,277952
1.49,277952
1.49,277952
1.49,277952
1.49,277952
1.49,277952
1.49,277952
1.49,277952
1.49,277952
1.49,277952
1.49,277952
1.49,277952
1.5,277952
1.5,277952
1.5,277952
1.5,277952
1.5,277952
1.5,277952
1.5,277952
1.5,277952
1.5,277952
1.5,277952
1.5,277952
1.5,277952
1.5,277952
1.5,277952
1.5,277952
1.5,277952
1.5,277952
1.5,277952
1.5,277952
1.5,277952
1.5,277952
1.5,277952
1.5,277952
1.5,277952
1.5,277952
1.5,277952
1.5,277952
1.5,277952
1.5,277952
1.5,277952
1.5,277952
1.5,277952
1.5,277952
1.5,277952
1.5,277952
1.5,277952
1.5,277952
1.5,277952
1.5,277952
1.5,277952
1.51,277952
1.51,277952
1.51,277952
1.51,277952
1.51,277952
1.51,277952
1.51,277952
1.51,277952
1.51,277952
1.51,277952
1.51,277952
1.51,277952
1.51,277952
1.51,277952
1.51,277952
1.51,277952
1.51,277952
1.51,277952
1.51,277952
1.51,277952
1.51,277952
1.51,277952
1.51,277952
1.51,277952
1.51,277952
1.51,277952
1.51,277952
1.51,277952
1.51,277952
1.51,277952
1.51,277952
1.51,277952
1.51,277952
1.51,277952
1.51,277952
1.51,277952
1.51,277952
1.52,277952
1.52,277952
1.52,277952
1.52,277952
1.52,277952
1.52,277952
1.52,277952
1.52,277952
1.52,277952
1.52,277952
1.52,277952
1.52,277952
1.52,277952
1.52,277952
1.52,277952
1.52,277952
1.52,277952
1.52,277952
1.52,277952
1.52,277952
1.52,277952
1.52,277952
1.52,277952
1.52,277952
1.52,277952
1.52,277952
1.52,277952
1.52,277952
1.52,277952
1.52,277952
1.52,277952
1.52,277952
1.52,277952
1.52,277952
1.52,277952
1.52,277952
1.53,277952
1.53,277952
1.53,277952
1.53,277952
1.53,277952
1.53,277952
1.53,277952
1.53,277952
1.53,277952
1.53,277952
1.53,277952
1.53,277952
1.53,277952
1.53,277952
1.53,277952
1.53,277952
1.53,277952
1.53,277952
1.53,277952
1.53,277952
1.53,277952
1.53,277952
1.53,277952
1.53,277952
1.53,277952
1.53,277952
1.53,277952
1.53,277952
1.53,277952
1.53,277952
1.53,277952
1.53,277952
1.53,277952
1.53,277952
1.53,277952
1.53,277952
1.54,277952
1.54,277952
1.54,277952
1.54,277952
1.54,277952
1.54,277952
1.54,277952
1.54,277952
1.54,277952
1.54,277952
1.54,277952
1.54,277952
1.54,277952
1.54,277952
1.54,277952
1.54,277952
1.54,277952
1.54,277952
1.54,277952
1.54,277952
1.54,277952
1.54,277952
1.54,277952
1.54,277952
1.54,277952
1.54,277952
1.54,277952
1.54,277952
1.54,277952
1.54,277952
1.54,277952
1.54,277952
1.54,277952
1.54,277952
1.54,277952
1.55,277952
1.55,277952
1.55,277952
1.55,277952
1.55,277952
1.55,277952
1.55,277952
1.55,277952
1.55,277952
1.55,277952
1.55,277952
1.55,277952
1.55,277952
1.55,277952
1.55,277952
1.55,277952
1.55,277952
1.55,277952
1.55,277952
1.55,277952
1.55,277952
1.55,277952
1.55,277952
1.55,277952
1.55,277952
1.55,277952
1.55,277952
1.55,277952
1.56,277952
1.56,277952
1.56,277952
1.56,277952
1.56,277952
1.56,277952
1.56,277952
1.56,277952
1.56,277952
1.56,277952
1.56,277952
1.56,277952
1.56,277952
1.56,277952
1.56,277952
1.56,277952
1.56,277952
1.56,277952
1.56,277952
1.56,277952
1.56,277952
1.56,277952
1.56,277952
1.56,277952
1.56,277952
1.56,277952
1.56,277952
1.56,277952
1.56,277952
1.56,277952
1.56,277952
1.56,277952
1.56,277952
1.56,277952
1.56,277952
1.56,277952
1.57,277952
1.57,277952
1.57,277952
1.57,277952
1.57,277952
1.57,277952
1.57,277952
1.57,277952
1.57,277952
1.57,277952
1.57,277952
1.57,277952
1.57,277952
1.57,277952
1.57,277952
1.57,277952
1.57,277952
1.57,277952
1.57,277952
1.57,277952
1.57,277952
1.57,277952
1.57,277952
1.57,277952
1.57,277952
1.57,277952
1.57,277952
1.57,277952
1.57,277952
1.57,277952
1.57,277952
1.57,277952
1.57,277952
1.57,277952
1.57,277952
1.57,277952
1.57,277952
1.58,277952
1.58,277952
1.58,277952
1.58,277952
1.58,277952
1.58,277952
1.58,277952
1.58,277952
1.58,277952
1.58,277952
1.58,277952
1.58,277952
1.58,277952
1.58,277952
1.58,277952
1.58,277952
1.58,277952
1.58,277952
1.58,277952
1.58,277952
1.58,277952
1.58,277952
1.58,277952
1.58,277952
1.58,277952
1.58,277952
1.58,277952
1.58,277952
1.58,277952
1.58,277952
1.58,277952
1.58,277952
1.58,277952
1.58,277952
1.58,277952
1.59,277952
1.59,277952
1.59,277952
1.59,277952
1.59,277952
1.59,277952
1.59,277952
1.59,277952
1.59,277952
1.59,277952
1.59,277952
1.59,277952
1.59,277952
1.59,277952
1.59,277952
1.59,277952
1.59,277952
1.59,277952
1.59,277952
1.59,277952
1.59,277952
1.59,277952
1.59,277952
1.59,277952
1.59,277952
1.59,277952
1.59,277952
1.59,277952
1.59,277952
1.59,277952
1.59,277952
1.59,277952
1.59,277952
1.59,277952
1.59,277952
1.59,277952
1.6,277952
1.6,277952
1.6,277952
1.6,277952
1.6,277952
1.6,277952
1.6,277952
1.6,277952
1.6,277952
1.6,277952
1.6,277952
1.6,277952
1.6,277952
1.6,277952
1.6,277952
1.6,277952
1.6,277952
1.6,277952
1.6,277952
1.6,277952
1.6,277952
1.6,277952
1.6,277952
1.6,277952
1.6,277952
1.6,277952
1.6,277952
1.6,277952
1.6,277952
1.6,277952
1.6,277952
1.6,277952
1.6,277952
1.6,277952
1.6,277952
1.6,277952
1.61,277952
1.61,277952
1.61,277952
1.61,277952
1.61,277952
1.61,277952
1.61,277952
1.61,277952
1.61,277952
1.61,277952
1.61,277952
1.61,277952
1.61,277952
1.61,277952
1.61,277952
1.61,277952
1.61,277952
1.61,277952
1.61,277952
1.61,277952
1.61,277952
1.61,277952
1.61,277952
1.61,277952
1.61,277952
1.61,277952
1.61,277952
1.61,277952
1.61,277952
1.61,277952
1.61,277952
1.61,277952
1.61,277952
1.61,277952
1.62,277952
1.62,277952
1.62,277952
1.62,277952
1.62,277952
1.62,277952
1.62,277952
1.62,277952
1.62,277952
1.62,277952
1.62,277952
1.62,277952
1.62,277952
1.62,277952
1.62,277952
1.62,277952
1.62,277952
1.62,277952
1.62,277952
1.62,277952
1.62,277952
1.62,277952
1.62,277952
1.62,277952
1.62,277952
1.62,277952
1.62,277952
1.62,277952
1.62,277952
1.62,277952
1.62,277952
1.62,277952
1.62,277952
1.62,277952
1.62,277952
1.62,277952
1.62,277952
1.62,277952
1.63,277952
1.63,277952
1.63,277952
1.63,277952
1.63,277952
1.63,277952
1.63,277952
1.63,277952
1.63,277952
1.63,277952
1.63,277952
1.63,277952
1.63,277952
1.63,277952
1.63,277952
1.63,277952
1.63,277952
1.63,277952
1.63,277952
1.63,277952
1.63,277952
1.63,277952
1.63,277952
1.63,277952
1.63,277952
1.63,277952
1.63,277952
1.63,277952
1.63,277952
1.63,277952
1.63,277952
1.63,277952
1.63,277952
1.63,277952
1.63,277952
1.63,277952
1.63,277952
1.64,277952
1.64,277952
1.64,277952
1.64,277952
1.64,277952
1.64,277952
1.64,277952
1.64,277952
1.64,277952
1.64,277952
1.64,277952
1.64,277952
1.64,277952
1.64,277952
1.64,277952
1.64,277952
1.64,277952
1.64,277952
1.64,277952
1.64,277952
1.64,277952
1.64,277952
1.64,277952
1.64,277952
1.64,277952
1.64,277952
1.64,277952
1.64,277952
1.64,277952
1.64,277952
1.64,277952
1.64,277952
1.64,277952
1.64,277952
1.64,277952
1.64,277952
1.64,277952
1.65,277952
1.65,277952
1.65,277952
1.65,277952
1.65,277952
1.65,277952
1.65,277952
1.65,277952
1.65,277952
1.65,277952
1.65,277952
1.65,277952
1.65,277952
1.65,277952
1.65,277952
1.65,277952
1.65,277952
1.65,277952
1.65,277952
1.65,277952
1.65,277952
1.65,277952
1.65,277952
1.65,277952
1.65,277952
1.65,277952
1.65,277952
1.65,277952
1.65,277952
1.65,277952
1.65,277952
1.65,277952
1.65,277952
1.65,277952
1.65,277952
1.65,277952
1.66,277952
1.66,277952
1.66,277952
1.66,277952
1.66,277952
1.66,277952
1.66,277952
1.66,277952
1.66,277952
1.66,277952
1.66,277952
1.66,277952
1.66,277952
1.66,277952
1.66,277952
1.66,277952
1.66,277952
1.66,277952
1.66,277952
1.66,277952
1.66,277952
1.66,277952
1.66,277952
1.66,277952
1.66,277952
1.66,277952
1.66,277952
1.66,277952
1.66,277952
1.66,277952
1.66,277952
1.66,277952
1.66,277952
1.66,277952
1.66,277952
1.66,277952
1.67,277952
1.67,277952
1.67,277952
1.67,277952
1.67,277952
1.67,277952
1.67,277952
1.67,277952
1.67,277952
1.67,277952
1.67,277952
1.67,277952
1.67,277952
1.67,277952
1.67,277952
1.67,277952
1.67,277952
1.67,277952
1.67,277952
1.67,277952
1.67,277952
1.67,277952
1.67,277952
1.67,277952
1.67,277952
1.67,277952
1.67,277952
1.67,277952
1.67,277952
1.67,277952
1.67,277952
1.67,277952
1.67,277952
1.67,277952
1.67,277952
1.67,277952
1.67,277952
1.67,277952
1.68,277952
1.68,277952
1.68,277952
1.68,277952
1.68,277952
1.68,277952
1.68,277952
1.68,277952
1.68,277952
1.68,277952
1.68,277952
1.68,277952
1.68,277952
1.68,277952
1.68,277952
1.68,277952
1.68,277952
1.68,277952
1.68,277952
1.68,277952
1.68,277952
1.68,277952
1.68,277952
1.68,277952
1.68,277952
1.68,277952
1.68,277952
1.68,277952
1.68,277952
1.68,277952
1.68,277952
1.68,277952
1.68,277952
1.68,277952
1.68,277952
1.68,277952
1.69,277952
1.69,277952
1.69,277952
1.69,277952
1.69,277952
1.69,277952
1.69,277952
1.69,277952
1.69,277952
1.69,277952
1.69,277952
1.69,277952
1.69,277952
1.69,277952
1.69,277952
1.69,277952
1.69,277952
1.69,277952
1.69,277952
1.69,277952
1.69,277952
1.69,277952
1.69,277952
1.69,277952
1.69,277952
1.69,277952
1.69,277952
1.69,277952
1.69,277952
1.69,277952
1.69,277952
1.69,277952
1.69,277952
1.69,277952
1.7,277952
1.7,277952
1.7,277952
1.7,277952
1.7,277952
1.7,277952
1.7,277952
1.7,277952
1.7,277952
1.7,277952
1.7,277952
1.7,277952
1.7,277952
1.7,277952
1.7,277952
1.7,277952
1.7,277952
1.7,277952
1.7,277952
1.7,277952
1.7,277952
1.7,277952
1.7,277952
1.7,277952
1.7,277952
1.7,277952
1.7,277952
1.7,277952
1.7,277952
1.7,277952
1.7,277952
1.7,277952
1.7,277952
1.7,277952
1.71,277952
1.71,277952
1.71,277952
1.71,277952
1.71,277952
1.71,277952
1.71,277952
1.71,277952
1.71,277952
1.71,277952
1.71,277952
1.71,277952
1.71,277952
1.71,277952
1.71,277952
1.71,277952
1.71,277952
1.71,277952
1.71,277952
1.71,277952
1.71,277952
1.71,277952
1.71,277952
1.71,277952
1.71,277952
1.71,277952
1.71,277952
1.71,277952
1.71,277952
1.71,277952
1.71,277952
1.71,277952
1.71,277952
1.71,277952
1.72,277952
1.72,277952
1.72,277952
1.72,277952
1.72,277952
1.72,277952
1.72,277952
1.72,277952
1.72,277952
1.72,277952
1.72,277952
1.72,277952
1.72,277952
1.72,277952
1.72,277952
1.72,277952
1.72,277952
1.72,277952
1.72,277952
1.72,277952
1.72,277952
1.72,277952
1.72,277952
1.72,277952
1.72,277952
1.72,277952
1.72,277952
1.72,277952
1.72,277952
1.72,277952
1.72,277952
1.72,277952
1.72,277952
1.72,277952
1.73,277952
1.73,277952
1.73,277952
1.73,277952
1.73,277952
1.73,277952
1.73,277952
1.73,277952
1.73,277952
1.73,277952
1.73,277952
1.73,277952
1.73,277952
1.73,277952
1.73,277952
1.73,277952
1.73,277952
1.73,277952
1.73,277952
1.73,277952
1.73,277952
1.73,277952
1.73,277952
1.73,277952
1.73,277952
1.73,277952
1.73,277952
1.73,277952
1.73,277952
1.73,277952
1.73,277952
1.73,277952
1.73,277952
1.73,277952
1.73,277952
1.73,277952
1.73,277952
1.73,277952
1.73,277952
1.74,277952
1.74,277952
1.74,277952
1.74,277952
1.74,277952
1.74,277952
1.74,277952
1.74,277952
1.74,277952
1.74,277952
1.74,277952
1.74,277952
1.74,277952
1.74,277952
1.74,277952
1.74,277952
1.74,277952
1.74,277952
1.74,277952
1.74,277952
1.74,277952
1.74,277952
1.74,277952
1.74,277952
1.74,277952
1.74,277952
1.74,277952
1.74,277952
1.74,277952
1.74,277952
1.74,277952
1.74,277952
1.74,277952
1.74,277952
1.74,277952
1.74,277952
1.74,277952
1.75,277952
1.75,277952
1.75,277952
1.75,277952
1.75,277952
1.75,277952
1.75,277952
1.75,277952
1.75,277952
1.75,277952
1.75,277952
1.75,277952
1.75,277952
1.75,277952
1.75,277952
1.75,277952
1.75,277952
1.75,277952
1.75,277952
1.75,277952
1.75,277952
1.75,277952
1.75,277952
1.75,277952
1.75,277952
1.75,277952
1.75,277952
1.75,277952
1.75,277952
1.75,277952
1.75,277952
1.75,277952
1.75,277952
1.75,277952
1.76,277952
1.76,277952
1.76,277952
1.76,277952
1.76,277952
1.76,277952
1.76,277952
1.76,277952
1.76,277952
1.76,277952
1.76,277952
1.76,277952
1.76,277952
1.76,277952
1.76,277952
1.76,277952
1.76,277952
1.76,277952
1.76,277952
1.76,277952
1.76,277952
1.76,277952
1.76,277952
1.76,277952
1.76,277952
1.76,277952
1.76,277952
1.76,277952
1.76,277952
1.76,277952
1.76,277952
1.76,277952
1.76,277952
1.76,277952
1.76,277952
1.76,277952
1.76,277952
1.76,277952
1.77,277952
1.77,277952
1.77,277952
1.77,277952
1.77,277952
1.77,277952
1.77,277952
1.77,277952
1.77,277952
1.77,277952
1.77,277952
1.77,277952
1.77,277952
1.77,277952
1.77,277952
1.77,277952
1.77,277952
1.77,277952
1.77,277952
1.77,277952
1.77,277952
1.77,277952
1.77,277952
1.77,277952
1.77,277952
1.77,277952
1.77,277952
1.77,277952
1.77,277952
1.77,277952
1.77,277952
1.77,277952
1.77,277952
1.77,277952
1.77,277952
1.77,277952
1.77,277952
1.77,277952
1.78,277952
1.78,277952
1.78,277952
1.78,277952
1.78,277952
1.78,277952
1.78,277952
1.78,277952
1.78,277952
1.78,277952
1.78,277952
1.78,277952
1.78,277952
1.78,277952
1.78,277952
1.78,277952
1.78,277952
1.78,277952
1.78,277952
1.78,277952
1.78,277952
1.78,277952
1.78,277952
1.78,277952
1.78,277952
1.78,277952
1.78,277952
1.78,277952
1.78,277952
1.78,277952
1.78,277952
1.78,277952
1.78,277952
1.78,277952
1.78,277952
1.78,277952
1.78,277952
1.78,277952
1.78,277952
1.78,277952
1.78,277952
1.79,277952
1.79,277952
1.79,277952
1.79,277952
1.79,277952
1.79,277952
1.79,277952
1.79,277952
1.79,277952
1.79,277952
1.79,277952
1.79,277952
1.79,277952
1.79,277952
1.79,277952
1.79,277952
1.79,277952
1.79,277952
1.79,277952
1.79,277952
1.79,277952
1.79,277952
1.79,277952
1.79,277952
1.79,277952
1.79,277952
1.79,277952
1.79,277952
1.79,277952
1.79,277952
1.79,277952
1.79,277952
1.79,277952
1.79,277952
1.79,277952
1.79,277952
1.79,277952
1.79,277952
1.79,277952
1.79,277952
1.79,277952
1.8,277952
1.8,277952
1.8,277952
1.8,277952
1.8,277952
1.8,277952
1.8,277952
1.8,277952
1.8,277952
1.8,277952
1.8,277952
1.8,277952
1.8,277952
1.8,277952
1.8,277952
1.8,277952
1.8,277952
1.8,277952
1.8,277952
1.8,277952
1.8,277952
1.8,277952
1.8,277952
1.8,277952
1.8,277952
1.8,277952
1.8,277952
1.8,277952
1.8,277952
1.8,277952
1.8,277952
1.8,277952
1.8,277952
1.8,277952
1.8,277952
1.8,277952
1.8,277952
1.8,277952
1.8,277952
1.8,277952
1.8,277952
1.81,277952
1.81,277952
1.81,277952
1.81,277952
1.81,277952
1.81,277952
1.81,277952
1.81,277952
1.81,277952
1.81,277952
1.81,277952
1.81,277952
1.81,277952
1.81,277952
1.81,277952
1.81,277952
1.81,277952
1.81,277952
1.81,277952
1.81,277952
1.81,277952
1.81,277952
1.81,277952
1.81,277952
1.81,277952
1.81,277952
1.81,277952
1.81,277952
1.81,277952
1.81,277952
1.81,277952
1.81,277952
1.81,277952
1.81,277952
1.81,277952
1.81,277952
1.81,277952
1.81,277952
1.81,277952
1.81,277952
1.81,277952
1.81,277952
1.82,277952
1.82,277952
1.82,277952
1.82,277952
1.82,277952
1.82,277952
1.82,277952
1.82,277952
1.82,277952
1.82,277952
1.82,277952
1.82,277952
1.82,277952
1.82,277952
1.82,277952
1.82,277952
1.82,277952
1.82,277952
1.82,277952
1.82,277952
1.82,277952
1.82,277952
1.82,277952
1.82,277952
1.82,277952
1.82,277952
1.82,277952
1.82,277952
1.82,277952
1.82,277952
1.82,277952
1.82,277952
1.82,277952
1.82,277952
1.82,277952
1.82,277952
1.82,277952
1.82,277952
1.82,277952
1.82,277952
1.82,277952
1.82,277952
1.82,277952
1.83,277952
1.83,277952
1.83,277952
1.83,277952
1.83,277952
1.83,277952
1.83,277952
1.83,277952
1.83,277952
1.83,277952
1.83,277952
1.83,277952
1.83,277952
1.83,277952
1.83,277952
1.83,277952
1.83,277952
1.83,277952
1.83,277952
1.83,277952
1.83,277952
1.83,277952
1.83,277952
1.83,277952
1.83,277952
1.83,277952
1.83,277952
1.83,277952
1.83,277952
1.83,277952
1.83,277952
1.83,277952
1.83,277952
1.83,277952
1.83,277952
1.83,277952
1.83,277952
1.83,277952
1.83,277952
1.83,277952
1.83,277952
1.83,277952
1.83,277952
1.84,277952
1.84,277952
1.84,277952
1.84,277952
1.84,277952
1.84,277952
1.84,277952
1.84,277952
1.84,277952
1.84,277952
1.84,277952
1.84,277952
1.84,277952
1.84,277952
1.84,277952
1.84,277952
1.84,277952
1.84,277952
1.84,277952
1.84,277952
1.84,277952
1.84,277952
1.84,277952
1.84,277952
1.84,277952
1.84,277952
1.84,277952
1.84,277952
1.84,277952
1.84,277952
1.84,277952
1.84,277952
1.84,277952
1.84,277952
1.84,277952
1.84,277952
1.84,277952
1.84,277952
1.84,277952
1.84,277952
1.84,277952
1.84,277952
1.85,277952
1.85,277952
1.85,277952
1.85,277952
1.85,277952
1.85,277952
1.85,277952
1.85,277952
1.85,277952
1.85,277952
1.85,277952
1.85,277952
1.85,277952
1.85,277952
1.85,277952
1.85,277952
1.85,277952
1.85,277952
1.85,277952
1.85,277952
1.85,277952
1.85,277952
1.85,277952
1.85,277952
1.85,277952
1.85,277952
1.85,277952
1.85,277952
1.85,277952
1.85,277952
1.85,277952
1.85,277952
1.85,277952
1.85,277952
1.85,277952
1.85,277952
1.85,277952
1.85,277952
1.85,277952
1.85,277952
1.86,277952
1.86,277952
1.86,277952
1.86,277952
1.86,277952
1.86,277952
1.86,277952
1.86,277952
1.86,277952
1.86,277952
1.86,277952
1.86,277952
1.86,277952
1.86,277952
1.86,277952
1.86,277952
1.86,277952
1.86,277952
1.86,277952
1.86,277952
1.86,277952
1.86,277952
1.86,277952
1.86,277952
1.86,277952
1.86,277952
1.86,277952
1.86,277952
1.86,277952
1.86,277952
1.86,277952
1.86,277952
1.86,277952
1.86,277952
1.86,277952
1.86,277952
1.86,277952
1.87,277952
1.87,277952
1.87,277952
1.87,277952
1.87,277952
1.87,277952
1.87,277952
1.87,277952
1.87,277952
1.87,277952
1.87,277952
1.87,277952
1.87,277952
1.87,277952
1.87,277952
1.87,277952
1.87,277952
1.87,277952
1.87,277952
1.87,277952
1.87,277952
1.87,277952
1.87,277952
1.87,277952
1.87,277952
1.87,277952
1.87,277952
1.87,277952
1.87,277952
1.87,277952
1.87,277952
1.87,277952
1.87,277952
1.87,277952
1.87,277952
1.87,277952
1.87,277952
1.87,277952
1.87,277952
1.87,277952
1.87,277952
1.88,277952
1.88,277952
1.88,277952
1.88,277952
1.88,277952
1.88,277952
1.88,277952
1.88,277952
1.88,277952
1.88,277952
1.88,277952
1.88,277952
1.88,277952
1.88,277952
1.88,277952
1.88,277952
1.88,277952
1.88,277952
1.88,277952
1.88,277952
1.88,277952
1.88,277952
1.88,277952
1.88,277952
1.88,277952
1.88,277952
1.88,277952
1.88,277952
1.88,277952
1.88,277952
1.88,277952
1.88,277952
1.88,277952
1.88,277952
1.88,277952
1.88,277952
1.88,277952
1.88,277952
1.88,277952
1.88,277952
1.89,277952
1.89,277952
1.89,277952
1.89,277952
1.89,277952
1.89,277952
1.89,277952
1.89,277952
1.89,277952
1.89,277952
1.89,277952
1.89,277952
1.89,277952
1.89,277952
1.89,277952
1.89,277952
1.89,277952
1.89,277952
1.89,277952
1.89,277952
1.89,277952
1.89,277952
1.89,277952
1.89,277952
1.89,277952
1.89,277952
1.89,277952
1.89,277952
1.89,277952
1.89,277952
1.89,277952
1.89,277952
1.89,277952
1.89,277952
1.89,277952
1.89,277952
1.89,277952
1.89,277952
1.89,277952
1.89,277952
1.9,277952
1.9,277952
1.9,277952
1.9,277952
1.9,277952
1.9,277952
1.9,277952
1.9,277952
1.9,277952
1.9,277952
1.9,277952
1.9,277952
1.9,277952
1.9,277952
1.9,277952
1.9,277952
1.9,277952
1.9,277952
1.9,277952
1.9,277952
1.9,277952
1.9,277952
1.9,277952
1.9,277952
1.9,277952
1.9,277952
1.9,277952
1.9,277952
1.9,277952
1.9,277952
1.9,277952
1.9,277952
1.9,277952
1.9,277952
1.9,277952
1.9,277952
1.9,277952
1.9,277952
1.9,277952
1.9,277952
1.9,277952
1.91,277952
1.91,277952
1.91,277952
1.91,277952
1.91,277952
1.91,277952
1.91,277952
1.91,277952
1.91,277952
1.91,277952
1.91,277952
1.91,277952
1.91,277952
1.91,277952
1.91,277952
1.91,277952
1.91,277952
1.91,277952
1.91,277952
1.91,277952
1.91,277952
1.91,277952
1.91,277952
1.91,277952
1.91,277952
1.91,277952
1.91,277952
1.91,277952
1.91,277952
1.91,277952
1.91,277952
1.91,277952
1.91,277952
1.91,277952
1.91,277952
1.91,277952
1.91,277952
1.91,277952
1.91,277952
1.91,277952
1.91,277952
1.91,277952
1.91,277952
1.92,277952
1.92,277952
1.92,277952
1.92,277952
1.92,277952
1.92,277952
1.92,277952
1.92,277952
1.92,277952
1.92,277952
1.92,277952
1.92,277952
1.92,277952
1.92,277952
1.92,277952
1.92,277952
1.92,277952
1.92,277952
1.92,277952
1.92,277952
1.92,277952
1.92,277952
1.92,277952
1.92,277952
1.92,277952
1.92,277952
1.92,277952
1.92,277952
1.92,277952
1.92,277952
1.92,277952
1.92,277952
1.92,277952
1.92,277952
1.92,277952
1.92,277952
1.92,277952
1.92,277952
1.92,277952
1.92,277952
1.92,277952
1.93,277952
1.93,277952
1.93,277952
1.93,277952
1.93,277952
1.93,277952
1.93,277952
1.93,277952
1.93,277952
1.93,277952
1.93,277952
1.93,277952
1.93,277952
1.93,277952
1.93,277952
1.93,277952
1.93,277952
1.93,277952
1.93,277952
1.93,277952
1.93,277952
1.93,277952
1.93,277952
1.93,277952
1.93,277952
1.93,277952
1.93,277952
1.93,277952
1.93,277952
1.93,277952
1.93,277952
1.93,277952
1.93,277952
1.93,277952
1.93,277952
1.93,277952
1.93,277952
1.93,277952
1.93,277952
1.93,277952
1.93,277952
1.93,277952
1.94,277952
1.94,277952
1.94,277952
1.94,277952
1.94,277952
1.94,277952
1.94,277952
1.94,277952
1.94,277952
1.94,277952
1.94,277952
1.94,277952
1.94,277952
1.94,277952
1.94,277952
1.94,277952
1.94,277952
1.94,277952
1.94,277952
1.94,277952
1.94,277952
1.94,277952
1.94,277952
1.94,277952
1.94,277952
1.94,277952
1.94,277952
1.94,277952
1.94,277952
1.94,277952
1.94,277952
1.94,277952
1.94,277952
1.94,277952
1.94,277952
1.94,277952
1.94,277952
1.94,277952
1.94,277952
1.94,277952
1.94,277952
1.94,277952
1.95,277952
1.95,277952
1.95,277952
1.95,277952
1.95,277952
1.95,277952
1.95,277952
1.95,277952
1.95,277952
1.95,277952
1.95,277952
1.95,277952
1.95,277952
1.95,277952
1.95,277952
1.95,277952
1.95,277952
1.95,277952
1.95,277952
1.95,277952
1.95,277952
1.95,277952
1.95,277952
1.95,277952
1.95,277952
1.95,277952
1.95,277952
1.95,277952
1.95,277952
1.95,277952
1.95,277952
1.95,277952
1.95,277952
1.95,277952
1.95,277952
1.95,277952
1.95,277952
1.95,277952
1.95,277952
1.96,277952
1.96,277952
1.96,277952
1.96,277952
1.96,277952
1.96,277952
1.96,277952
1.96,277952
1.96,277952
1.96,277952
1.96,277952
1.96,277952
1.96,277952
1.96,277952
1.96,277952
1.96,277952
1.96,277952
1.96,277952
1.96,277952
1.96,277952
1.96,277952
1.96,277952
1.96,277952
1.96,277952
1.96,277952
1.96,277952
1.96,277952
1.96,277952
1.96,277952
1.96,277952
1.96,277952
1.96,277952
1.96,277952
1.96,277952
1.96,277952
1.96,277952
1.96,277952
1.96,277952
1.96,277952
1.96,277952
1.97,277952
1.97,277952
1.97,277952
1.97,277952
1.97,277952
1.97,277952
1.97,277952
1.97,277952
1.97,277952
1.97,277952
1.97,277952
1.97,277952
1.97,277952
1.97,277952
1.97,277952
1.97,277952
1.97,277952
1.97,277952
1.97,277952
1.97,277952
1.97,277952
1.97,277952
1.97,277952
1.97,277952
1.97,277952
1.97,277952
1.97,277952
1.97,277952
1.97,277952
1.97,277952
1.97,277952
1.97,277952
1.97,277952
1.97,277952
1.97,277952
1.97,277952
1.97,277952
1.97,277952
1.97,277952
1.97,277952
1.98,277952
1.98,277952
1.98,277952
1.98,277952
1.98,277952
1.98,277952
1.98,277952
1.98,277952
1.98,277952
1.98,277952
1.98,277952
1.98,277952
1.98,277952
1.98,277952
1.98,277952
1.98,277952
1.98,277952
1.98,277952
1.98,277952
1.98,277952
1.98,277952
1.98,277952
1.98,277952
1.98,277952
1.98,277952
1.98,277952
1.98,277952
1.98,277952
1.98,277952
1.98,277952
1.98,277952
1.98,277952
1.98,277952
1.98,277952
1.98,277952
1.98,277952
1.98,277952
1.98,277952
1.98,277952
1.98,277952
1.98,277952
1.98,277952
1.99,277952
1.99,277952
1.99,277952
1.99,277952
1.99,277952
1.99,277952
1.99,277952
1.99,277952
1.99,277952
1.99,277952
1.99,277952
1.99,277952
1.99,277952
1.99,277952
1.99,277952
1.99,277952
1.99,277952
1.99,277952
1.99,277952
1.99,277952
1.99,277952
1.99,277952
1.99,277952
1.99,277952
1.99,277952
1.99,277952
1.99,277952
1.99,277952
1.99,277952
1.99,277952
1.99,277952
1.99,277952
1.99,277952
1.99,277952
1.99,277952
1.99,277952
1.99,277952
1.99,277952
1.99,277952
1.99,277952
1.99,277952
1.99,277952
1.99,277952
2,277952
2,277952
2,277952
2,277952
2,277952
2,277952
2,277952
2,277952
2,277952
2,277952
2,277952
2,277952
2,277952
2,277952
2,277952
2,277952
2,277952
2,277952
2,277952
2,277952
2,277952
