0.01,7133884
0.02,7103305
0.02,7082657
0.02,7047035
0.03,6896031
0.03,6709937
0.03,6043927
0.04,5948153
0.05,5904622
0.05,5873400
0.05,5651293
0.05,5567394
0.06,5487808
0.07,5486338
0.07,5452839
0.07,5422255
0.07,5378044
0.08,5369238
0.08,5243064
0.09,5188626
0.09,5050726
0.09,5030527
0.09,5015948
0.1,5009907
0.1,4949089
0.1,4887952
0.11,4836568
0.12,4685684
0.12,4663020
0.12,4504746
0.12,4483156
0.13,4476840
0.13,4425818
0.14,4419866
0.14,4414100
0.14,4347810
0.15,4312569
0.15,4269108
0.16,4229608
0.17,4229561
0.17,4215076
0.17,4181191
0.18,4018232
0.19,4001104
0.19,3967939
0.2,3959625
0.2,3950062
0.21,3893103
0.21,3838724
0.22,3802288
0.22,3744963
0.26,3742940
0.26,3741558
0.26,3697825
0.28,3687761
0.28,3666562
0.28,3627613
0.29,3599459
0.29,3554900
0.31,3479013
0.32,3478922
0.33,3473796
0.35,3472318
0.36,3447158
0.36,3444513
0.36,3443494
0.39,3330605
0.4,3298127
0.41,3269403
0.42,3262312
0.43,3259641
0.44,3243618
0.45,3242930
0.46,3233654
0.46,3200154
0.47,3186597
0.47,3172923
0.48,3155927
0.48,3136970
0.49,3118126
0.5,3113198
0.5,3101951
0.53,3100944
0.53,3059563
0.54,3032438
0.56,3021825
0.56,3019046
0.57,2950037
0.57,2933814
0.59,2905110
0.61,2848034
0.62,2836852
0.62,2811047
0.63,2766289
0.69,2754669
0.69,2715982
0.71,2654293
0.78,2636527
0.79,2626014
0.79,2621223
0.8,2590957
0.84,2588330
0.85,2567252
0.86,2543279
0.86,2533360
0.88,2528341
0.89,2509506
0.92,2506465
0.95,2503307
0.96,2500965
0.97,2488861
0.98,2479027
0.98,2466710
0.99,2423161
1.01,2420052
1.02,2390381
1.02,2386508
1.03,2382912
1.04,2374210
1.04,2364601
1.07,2362931
1.08,2337566
1.1,2327010
1.1,2320886
1.14,2320338
1.15,2316138
1.16,2271362
1.18,2267063
1.21,2254102
1.25,2249408
1.26,2198746
1.29,2197571
1.3,2195763
1.35,2193009
1.38,2159406
1.38,2149040
1.46,2147179
1.47,2112846
1.48,2107570
1.49,2010036
1.55,1994767
1.58,1994702
1.61,1984891
1.61,1964315
1.61,1957287
1.65,1954540
1.66,1940987
1.7,1929352
1.78,1922180
1.79,1899981
1.83,1887618
1.85,1868222
1.89,1867383
1.91,1865051
1.96,1846256
2.01,1841283
2.03,1835710
2.04,1834379
2.05,1833474
2.06,1823483
2.09,1823402
2.11,1820354
2.12,1818571
2.14,1813983
2.18,1813886
2.19,1810509
2.23,1810464
2.29,1801501
2.38,1799718
2.41,1799068
2.45,1790514
2.46,1782028
2.48,1768911
2.51,1757711
2.51,1752159
2.57,1751787
2.57,1744450
2.59,1742131
2.6,1739442
2.66,1732508
2.67,1731869
2.7,1724532
2.7,1723522
2.72,1717542
2.79,1716696
2.8,1711148
2.87,1706810
2.93,1690579
3.01,1685021
3.02,1684975
3.03,1684574
3.08,1679935
3.11,1679085
3.19,1673432
3.48,1670274
3.62,1670059
3.66,1668736
3.74,1664866
3.8,1664711
3.89,1664496
4.06,1661935
4.1,1644207
4.17,1643028
4.39,1640366
4.47,1640150
4.5,1635278
4.95,1635122
4.98,1635101
