0,4695418
0,4354909
0,4183888
0,4080880
0,4009138
0.01,3914231
0.01,3826334
0.01,3647163
0.01,3438694
0.01,3435995
0.01,3220820
0.01,3189770
0.02,3057997
0.02,2919244
0.02,2841009
0.02,2840401
0.02,2830097
0.02,2799915
0.03,2782840
0.03,2573151
0.03,2527610
0.04,2468660
0.04,2456128
0.05,2422860
0.05,2319946
0.06,2317355
0.06,2255070
0.06,2234163
0.06,2231300
0.07,2224476
0.07,2209649
0.07,2143836
0.09,2143188
0.09,2142958
0.09,2141505
0.1,2116801
0.12,2083136
0.12,2073449
0.14,2052219
0.16,2045364
0.17,2031423
