0,4925583
0,4921706
0,4878803
0,4699464
0,4653741
0,4518396
0,4429546
0,4389260
0,4366331
0.01,4294834
0.01,4285232
0.01,4281355
0.01,4259266
0.01,4245615
0.01,4204446
0.02,4182400
0.02,4164878
0.03,4148280
0.03,4138678
0.03,4109868
0.05,4090106
0.06,4080693
0.06,4008267
0.06,3945052
0.07,3937993
0.07,3835321
0.08,3826996
0.08,3816910
0.08,3815293
0.08,3805207
0.09,3793365
0.1,3775843
0.11,3774963
0.11,3762348
0.12,3761107
0.12,3760995
0.12,3749643
0.12,3743624
0.12,3733538
0.12,3720833
0.14,3683696
0.14,3661650
0.14,3653325
0.14,3643239
0.14,3630534
0.26,3626586
0.28,3617173
0.28,3594461
0.28,3544747
0.28,3531246
0.28,3481532
0.3,3474473
0.32,3421515
0.32,3371801
0.32,3363476
0.32,3353390
0.33,3321711
0.37,3284326
0.37,3268608
0.46,3265048
0.5,3254566
0.5,3238848
0.51,3231112
0.51,3218442
0.51,3212701
0.52,3210038
0.57,3206903
0.57,3184857
0.57,3169139
0.57,3162859
0.57,3140813
0.57,3128143
0.57,3122402
0.57,3119739
1.31,3017391
1.35,2917587
1.7,2835738
1.71,2754895
3.48,2662147
4.46,2575079
6.11,2497224
7.49,2423397
8.79,2347465
9.38,2275460
9.38,2179990
10.58,2087242
32.44,2003763
