0,4925583
0,4921706
0,4878803
0,4699464
0,4653741
0,4518396
0,4429546
0,4389260
0.01,4366331
0.01,4294834
0.01,4285232
0.01,4281355
0.01,4259266
0.02,4245615
0.02,4204446
0.02,4182400
0.03,4164878
0.04,4148280
0.04,4138678
0.05,4109868
0.07,4090106
0.07,4080693
0.07,4008267
0.08,3945052
0.09,3937993
0.09,3835321
0.1,3826996
0.1,3816910
0.1,3815293
0.11,3805207
0.12,3793365
0.12,3775843
0.14,3774963
0.14,3762348
0.14,3761107
0.15,3760995
0.15,3749643
0.15,3743624
0.15,3733538
0.15,3720833
0.17,3683696
0.17,3661650
0.17,3653325
0.17,3643239
0.17,3630534
0.33,3626586
0.36,3617173
0.36,3594461
0.36,3544747
0.36,3531246
0.36,3481532
0.39,3474473
0.41,3421515
0.41,3371801
0.41,3363476
0.42,3353390
0.43,3321711
0.48,3284326
0.48,3268608
0.58,3265048
0.62,3254566
0.62,3238848
0.64,3231112
0.64,3218442
0.64,3212701
0.65,3210038
0.71,3206903
0.71,3184857
0.71,3169139
0.71,3162859
0.71,3140813
0.71,3128143
0.71,3122402
0.72,3119739
1.69,3017391
1.74,2917587
2.18,2835738
2.2,2754895
4.45,2662147
5.7,2575079
7.79,2497224
9.44,2423397
10.93,2347465
11.63,2275460
11.63,2179990
13.08,2087242
40.45,2003763
