0,22205
0.01,21890
0.01,20536
0.01,20357
0.01,19708
0.02,19686
0.03,19676
0.03,19504
0.03,19423
0.03,19411
0.04,18663
0.04,18589
0.06,18449
0.06,18436
0.06,18289
0.06,18188
0.07,17983
0.07,17838
0.08,17723
0.09,17719
0.09,17111
0.11,17063
0.11,17038
0.11,17009
0.11,16974
0.12,16627
0.12,16559
0.13,16540
0.14,16366
0.15,16229
0.15,16215
0.16,15691
0.18,15539
0.2,15427
0.21,15103
0.21,15059
0.22,14565
0.22,14515
0.23,14320
0.24,14160
0.25,14139
0.26,14080
0.26,14071
0.29,14026
0.29,14018
0.3,14014
0.31,14004
0.31,13829
0.33,13710
0.35,13640
0.36,13599
0.36,13540
0.37,13441
0.39,13311
0.4,13236
0.4,12945
0.41,12820
0.43,12784
0.43,12748
0.44,12745
0.44,12426
0.48,12417
0.48,12363
0.49,12295
0.5,12288
0.51,12216
0.51,12206
0.51,12155
0.56,12076
0.56,11994
0.57,11990
0.57,11986
0.58,11965
0.58,11884
0.58,11733
0.6,11683
0.6,11521
0.61,11281
0.63,10536
0.63,10527
0.64,10447
0.64,10438
0.65,10420
0.65,10413
0.66,10365
0.67,10345
0.68,10344
0.68,10311
0.69,10286
0.7,10258
0.71,10222
0.72,10221
0.73,10198
0.73,10169
0.75,10160
0.76,10041
0.78,10020
0.79,9998
0.79,9835
0.82,9786
0.85,9726
0.86,9670
0.88,9626
0.89,9612
0.9,9597
0.91,9496
0.94,9363
0.95,9328
0.98,9286
0.98,9281
1.03,9277
1.1,9271
1.14,9167
1.2,9158
1.27,9152
1.28,9048
1.36,9046
1.46,9032
1.63,8955
1.71,8933
1.91,8919
2.68,8917
2.76,8902
2.77,8840
2.89,8839
2.91,8823
2.92,8822
2.95,8812
2.97,8806
2.97,8805
3.04,8802
3.14,8784
7.17,8772
