0,22205
0.01,22119
0.02,21617
0.02,20732
0.02,20569
0.03,20342
0.03,20062
0.03,19832
0.04,19093
0.04,18896
0.04,18862
0.04,18781
0.05,18484
0.05,18443
0.05,18418
0.06,18210
0.06,18188
0.06,18163
0.07,18093
0.08,17898
0.08,17876
0.08,17565
0.09,17294
0.1,16989
0.12,16801
0.13,16799
0.13,16643
0.13,16471
0.13,16323
0.14,16268
0.14,16243
0.14,15969
0.15,15926
0.16,15769
0.17,15744
0.18,15109
0.19,15102
0.2,14802
0.2,14795
0.2,14657
0.23,14537
0.24,14223
0.26,14163
0.26,14140
0.27,14121
0.28,14009
0.28,13791
0.29,13744
0.3,13737
0.3,13684
0.3,13574
0.32,13468
0.33,13428
0.34,13321
0.34,13269
0.34,13222
0.35,12874
0.38,12872
0.38,12863
0.38,12617
0.4,12461
0.4,12388
0.4,12377
0.41,12335
0.43,12318
0.44,12257
0.45,12211
0.46,12144
0.47,12078
0.47,12009
0.47,12000
0.48,11997
0.48,11995
0.49,11948
0.5,11919
0.51,11691
0.53,11627
0.53,11622
0.55,11574
0.56,11488
0.58,11232
0.59,11145
0.6,10965
0.62,10920
0.63,10648
0.67,10584
0.7,10575
0.7,10543
0.71,10505
0.72,10502
0.76,10011
0.76,10005
0.77,9972
0.78,9957
0.79,9946
0.81,9932
0.81,9925
0.81,9912
0.82,9745
0.85,9595
0.86,9583
0.91,9580
0.92,9567
0.92,9562
0.93,9558
0.94,9504
0.95,9365
0.96,9331
0.98,9320
0.98,9257
0.99,9110
0.99,9078
1.03,9052
1.05,9013
1.07,8936
1.08,8877
1.08,8846
1.1,8841
1.11,8821
1.12,8812
1.15,8699
1.15,8646
1.18,8640
1.22,8548
1.26,8533
1.32,8522
1.53,8513
1.7,8478
1.92,8459
2.19,8417
2.27,8411
3.04,8271
3.18,8176
3.38,8170
3.45,8165
3.59,8164
4.18,8142
4.21,8135
4.38,8124
