0.01,22205
0.01,22134
0.01,22015
0.01,21975
0.01,21971
0.02,20980
0.02,20685
0.03,20492
0.04,19946
0.05,19904
0.05,19888
0.05,19750
0.06,19300
0.06,19106
0.07,18701
0.09,18348
0.09,18217
0.1,17991
0.11,17897
0.13,17809
0.14,17773
0.15,17494
0.15,17445
0.15,17357
0.15,17277
0.16,17233
0.17,17173
0.18,17156
0.18,16680
0.19,16678
0.2,16505
0.2,16102
0.21,16050
0.21,15985
0.22,15891
0.22,15464
0.22,15302
0.23,15296
0.23,14935
0.23,14899
0.24,14781
0.25,14766
0.26,14750
0.27,14657
0.29,14637
0.3,14150
0.31,14116
0.31,14100
0.32,14078
0.32,14017
0.35,13963
0.36,13916
0.36,13733
0.38,13731
0.38,13479
0.39,13449
0.4,13445
0.4,13438
0.42,13425
0.42,13414
0.42,13097
0.43,12974
0.44,12953
0.44,12901
0.45,12866
0.45,12851
0.45,12842
0.46,12621
0.47,12600
0.47,12300
0.48,12130
0.49,11814
0.53,11455
0.55,11445
0.55,11426
0.55,11392
0.56,11352
0.57,11206
0.6,11155
0.62,11145
0.63,11115
0.65,11083
0.67,11053
0.73,11019
0.78,10967
0.81,10960
0.83,10937
0.85,10926
0.86,10919
0.89,10910
0.9,10857
0.9,10792
0.92,10781
0.96,10287
0.97,10267
0.98,10266
0.98,10264
0.98,10207
0.99,10149
1.01,10044
1.03,9971
1.06,9970
1.07,9913
1.1,9720
1.15,9610
1.18,9565
1.23,9549
1.27,9539
1.28,9534
1.3,9489
1.39,9426
1.44,9346
1.47,9318
1.49,9214
1.57,9204
1.61,9159
1.62,9148
1.63,9114
1.71,9101
1.8,9069
1.87,9060
1.87,9046
1.93,9036
1.95,9032
1.97,9025
2,9022
2,8984
2.05,8977
2.06,8967
2.11,8944
2.49,8941
2.6,8900
2.67,8898
2.75,8896
2.77,8875
2.83,8861
2.93,8859
3.03,8852
3.03,8849
3.55,8831
3.61,8819
3.76,8733
3.81,8697
3.84,8657
3.88,8621
4.63,8612
4.81,8569
4.85,8552
4.93,8536
5.65,8534
5.7,8529
6.63,8524
