0,2405366
0.01,2381544
0.01,2375850
0.01,2313261
0.01,2227392
0.01,2225769
0.01,2203058
0.02,2201121
0.02,2142618
0.02,2139686
0.02,2125892
0.02,2092246
0.02,2076342
0.03,2068703
0.03,2067282
0.03,2059053
0.03,2037770
0.04,2021570
0.04,2021170
0.04,2000771
0.06,1995580
0.06,1964606
0.06,1962818
0.06,1941637
0.06,1874729
0.06,1871543
0.06,1868235
0.07,1866038
0.07,1854541
0.07,1845850
0.07,1821141
0.07,1812796
0.07,1805162
0.07,1774618
0.07,1686422
0.08,1686200
0.08,1681723
0.09,1673178
0.09,1664665
0.1,1659255
0.1,1622914
0.1,1598217
0.12,1585578
0.13,1570817
0.13,1563229
0.15,1489598
0.15,1437106
0.15,1429280
0.16,1414150
0.16,1389073
0.2,1383526
0.2,1378486
0.21,1368195
0.21,1365305
0.22,1364041
0.23,1353140
0.23,1348710
0.23,1345544
0.24,1341523
0.25,1329941
0.25,1318686
0.27,1299030
0.27,1283202
0.29,1281717
0.3,1270708
0.31,1245344
0.31,1230137
0.31,1223007
0.33,1190693
0.35,1183563
0.36,1177890
0.38,1172631
0.38,1166949
0.39,1163291
0.39,1161651
0.4,1112784
0.41,1107133
0.41,1094096
0.43,1066550
0.44,1059865
0.46,1049302
0.49,1048326
0.49,1047563
0.5,1041615
0.52,1035137
0.53,1029545
0.55,1016900
0.56,1016378
0.61,1014507
0.64,974184
0.69,962836
0.73,959729
0.73,954177
0.79,953453
0.8,951667
0.88,948117
0.89,948009
0.94,941136
0.98,940923
1.63,936435
1.72,935913
