0.01,219103
0.01,212214
0.01,209321
0.01,208989
0.02,206742
0.02,203056
0.02,202945
0.03,202859
0.03,201534
0.03,200017
0.03,194282
0.03,187636
0.03,185462
0.04,184076
0.04,183984
0.04,183484
0.04,182412
0.05,180941
0.05,177682
0.05,173833
0.05,172362
0.06,171975
0.06,171873
0.06,170586
0.06,167162
0.07,161250
0.08,159603
0.08,159147
0.09,159009
0.09,158915
0.09,154929
0.09,153885
0.1,152918
0.1,152127
0.1,152100
0.1,147769
0.12,145780
0.12,144265
0.12,143705
0.13,139575
0.13,138937
0.13,138927
0.13,138490
0.14,138220
0.14,137744
0.14,137556
0.14,137502
0.14,136848
0.15,135334
0.15,135271
0.15,133992
0.16,132645
0.16,131550
0.17,130755
0.17,129466
0.17,127080
0.18,126732
0.18,126628
0.2,125571
0.2,123982
0.2,123675
0.21,123166
0.21,121841
0.21,121170
0.22,121132
0.22,121111
0.22,120794
0.22,120504
0.23,119748
0.23,118292
0.23,116607
0.24,116409
0.24,116283
0.24,116221
0.24,115718
0.24,113076
0.25,112434
0.25,106905
0.25,106191
0.26,105275
0.26,103904
0.27,103517
0.27,103463
0.27,103452
0.28,102873
0.28,102669
0.29,101431
0.29,100974
0.29,100328
0.31,98926
0.32,98825
0.33,97126
0.35,97033
0.35,96818
0.35,96371
0.36,95590
0.36,95372
0.37,93952
0.39,92870
0.39,92488
0.4,92315
0.4,92176
0.4,91568
0.4,90756
0.4,90657
0.41,90357
0.43,89802
0.43,89602
0.45,88920
0.45,87529
0.46,87071
0.46,86813
0.47,86640
0.47,86200
0.48,84828
0.48,84409
0.49,84330
0.49,84048
0.49,83930
0.5,83425
0.51,83348
0.51,83182
0.53,82831
0.55,82044
0.57,81634
0.57,81263
0.59,81183
0.59,80022
0.6,79816
0.61,79679
0.61,79578
0.62,79487
0.62,79289
0.62,78382
0.63,78043
0.65,77064
0.69,76854
0.69,76850
0.7,76577
0.71,75187
0.71,75176
0.72,75116
0.72,74254
0.74,73806
0.74,72248
0.8,71350
0.81,71337
0.81,70980
0.82,70900
0.82,70812
0.82,70754
0.87,70234
0.88,69772
0.91,69353
0.94,69143
0.94,69099
0.94,68957
0.95,68570
0.95,68557
0.95,68551
0.95,68356
0.96,67843
0.96,67481
0.98,67059
1,66241
1.01,66011
1.01,65651
1.02,65539
1.05,65298
1.08,65292
1.08,64687
1.11,63734
1.13,62268
1.17,62162
1.2,61798
1.25,60907
1.29,60619
1.31,60035
1.45,59777
1.47,59216
1.47,59103
1.51,57838
1.57,57744
1.58,57528
1.58,57162
1.67,56745
1.74,56694
1.75,56603
1.86,56598
1.88,56588
2.04,56552
2.11,56190
2.16,56180
2.16,55896
2.27,55787
2.34,55666
2.34,55655
2.43,55610
2.43,55588
2.44,55434
2.46,55423
2.48,55316
2.51,54854
2.64,54852
2.65,54603
2.7,54585
2.71,54496
2.73,54141
2.89,54068
2.97,54033
2.99,53967
3.61,53898
3.98,53863
5.57,53525
6.44,53496
16.71,53268
17.36,53078
