0.01,204532
0.01,202214
0.01,197903
0.01,196508
0.01,196437
0.01,191647
0.01,186271
0.02,185396
0.02,184382
0.02,183589
0.02,183158
0.02,177311
0.03,173817
0.03,169186
0.03,165036
0.04,162814
0.05,161034
0.06,160398
0.06,154382
0.06,154196
0.07,154079
0.07,154026
0.07,150612
0.07,148663
0.07,146350
0.08,145362
0.08,144824
0.08,142257
0.09,140714
0.09,140406
0.09,139246
0.1,138126
0.1,137856
0.1,137502
0.11,137307
0.11,136555
0.11,134138
0.12,133488
0.12,132674
0.14,132020
0.14,130584
0.14,128874
0.15,126457
0.15,126411
0.15,125912
0.16,124757
0.17,123910
0.17,121496
0.17,120933
0.18,120357
0.19,120303
0.19,120011
0.2,119302
0.2,118907
0.21,118900
0.21,118328
0.22,115776
0.23,114408
0.24,111958
0.25,110148
0.26,110073
0.26,109926
0.26,109610
0.27,107969
0.27,105637
0.3,105574
0.31,105458
0.31,105063
0.32,103964
0.34,103963
0.34,103849
0.34,103723
0.35,103066
0.35,102889
0.36,102667
0.36,101296
0.36,101217
0.37,99122
0.38,97668
0.39,97203
0.4,96209
0.4,95562
0.41,95534
0.42,94428
0.42,93676
0.43,88237
0.44,88207
0.46,87170
0.46,86925
0.46,85620
0.48,85560
0.48,84505
0.49,83731
0.49,83696
0.5,83512
0.51,83363
0.51,83309
0.52,81865
0.52,79970
0.53,79199
0.55,78405
0.57,77876
0.57,77446
0.58,77076
0.59,76870
0.59,76857
0.59,76383
0.6,75267
0.61,74968
0.65,74776
0.66,74418
0.68,72842
0.68,72069
0.73,71483
0.74,69685
0.77,69633
0.78,69588
0.78,69349
0.8,68867
0.81,68365
0.81,67608
0.82,67147
0.84,67144
0.84,66753
0.85,66677
0.87,66560
0.89,66115
0.9,66042
0.91,64774
0.93,64627
0.93,64013
0.98,62551
1,62163
1.02,62051
1.03,61539
1.13,61281
1.15,60811
1.21,60479
1.33,59896
1.36,59701
1.47,59636
1.48,59326
1.53,58283
1.58,58045
1.62,57510
1.73,57461
1.75,57193
1.9,55671
2.29,55421
2.57,55353
3.09,55334
3.63,54940
3.68,54834
4.5,54660
5.06,54625
5.07,54186
7.46,53914
7.51,53879
7.87,53791
10.2,53588
