0.01,211356
0.01,202704
0.01,201540
0.01,198916
0.01,196293
0.02,194142
0.02,192885
0.02,192195
0.02,188178
0.02,187378
0.03,186962
0.03,183315
0.03,181490
0.03,180011
0.04,179861
0.04,177594
0.04,177570
0.04,173799
0.04,173142
0.05,172362
0.05,172344
0.05,172136
0.05,171441
0.05,164487
0.06,164426
0.06,163814
0.06,163076
0.06,161883
0.06,159072
0.06,158465
0.06,158346
0.06,157615
0.07,152549
0.07,152169
0.07,149805
0.07,148741
0.07,148251
0.08,145643
0.09,141237
0.11,138232
0.12,136771
0.12,134900
0.12,134464
0.12,134428
0.12,132800
0.13,132613
0.13,128532
0.14,128062
0.15,127084
0.15,125499
0.17,124464
0.17,120381
0.17,119278
0.18,113053
0.19,110179
0.19,108470
0.21,106312
0.22,105519
0.22,105205
0.23,105162
0.23,104443
0.24,104422
0.25,104388
0.25,104244
0.26,103860
0.26,101915
0.28,97932
0.29,97604
0.29,95884
0.29,95499
0.3,95079
0.3,94966
0.3,94913
0.31,94882
0.31,94802
0.31,94383
0.32,93627
0.32,84148
0.33,83761
0.33,83507
0.33,83195
0.34,82981
0.34,82744
0.35,82669
0.35,82006
0.36,81671
0.37,81419
0.39,79215
0.45,78770
0.45,78142
0.48,76703
0.5,76467
0.5,76279
0.51,75060
0.54,75032
0.55,74980
0.58,74847
0.6,74827
0.62,74376
0.64,74356
0.66,73298
0.68,72607
0.71,72139
0.71,71424
0.72,71185
0.73,71142
0.73,70952
0.74,70920
0.74,70631
0.74,70623
0.76,70608
0.76,70116
0.83,69991
0.85,69918
0.88,68618
0.9,68611
0.91,68365
0.92,68132
0.94,67670
0.95,67481
0.99,66919
1.01,66876
1.06,65928
1.09,65655
1.1,65590
1.11,65497
1.15,63921
1.17,63453
1.2,63282
1.22,63224
1.23,62866
1.29,62056
1.38,61898
1.39,61842
1.39,61765
1.4,61684
1.42,60888
1.49,60350
1.53,59930
1.55,59315
1.78,59223
1.96,59066
2.07,58864
2.14,58862
2.29,58230
2.33,57504
2.35,56890
2.39,56593
2.52,56509
2.57,56435
2.64,56429
3.05,56369
3.08,56303
3.09,56248
