0.01,186090
0.02,185978
0.02,185205
0.02,184659
0.02,182538
0.02,179986
0.03,178853
0.03,177954
0.03,172177
0.04,170714
0.04,169410
0.04,167906
0.05,165816
0.05,165380
0.06,164645
0.06,164134
0.07,164093
0.07,162518
0.07,160242
0.08,159597
0.1,157482
0.1,156571
0.1,156557
0.11,155972
0.11,155683
0.12,155319
0.12,154766
0.12,147523
0.13,145190
0.13,136971
0.14,134394
0.15,131606
0.15,131383
0.15,127573
0.15,124636
0.17,124555
0.18,123998
0.18,123736
0.19,121914
0.2,119932
0.22,115751
0.23,109547
0.26,104846
0.27,103464
0.28,101177
0.28,100096
0.3,99676
0.31,98705
0.32,98464
0.32,96552
0.34,96525
0.34,96380
0.34,93549
0.37,91926
0.37,91850
0.38,90540
0.43,89551
0.47,89545
0.47,86536
0.5,86304
0.53,86270
0.53,84939
0.54,84506
0.56,84399
0.56,84367
0.57,83594
0.57,82780
0.58,82715
0.58,82687
0.59,82282
0.6,82109
0.6,81711
0.61,80182
0.66,79533
0.67,79467
0.68,79100
0.7,78725
0.71,78600
0.71,77907
0.73,77764
0.73,77317
0.73,77186
0.74,76902
0.76,76198
0.8,76195
0.8,74894
0.81,74607
0.81,73785
0.84,73466
0.85,73189
0.89,71950
0.9,71334
0.91,70997
0.92,70323
0.99,69896
0.99,69413
1,68711
1.04,67426
1.18,67149
1.2,66857
1.23,66701
1.26,66519
1.3,66239
1.36,65864
1.52,65809
1.54,65557
1.55,65073
1.55,64665
1.63,64643
1.71,64300
1.76,63786
1.87,63275
1.9,62716
1.95,62710
1.97,62528
2.01,62292
2.15,60996
2.21,60688
2.31,60322
2.45,59510
2.53,59365
2.56,59357
2.61,59322
2.63,59253
2.66,59230
2.68,59163
2.75,58885
2.83,58818
2.88,58787
2.94,58781
3.02,57565
3.04,57395
3.04,57216
3.1,57179
3.24,57163
3.25,56593
3.34,56577
3.49,56423
3.55,56220
3.63,56056
3.73,55983
3.78,55952
3.99,55609
4.25,55578
4.4,55164
4.47,55097
4.52,55024
4.56,54920
4.82,54884
5.26,54853
13.67,54730
13.83,54683
13.85,53953
14.02,53881
14.26,53736
14.29,53660
15.49,53616
18.41,53198
