0.01,187885
0.01,186640
0.01,185425
0.01,185379
0.01,185042
0.01,179446
0.02,173247
0.02,173220
0.02,172606
0.02,171585
0.02,168484
0.02,168167
0.03,164426
0.03,163674
0.03,161773
0.03,159843
0.03,153223
0.03,153027
0.04,151166
0.04,151077
0.04,150717
0.04,147284
0.05,144240
0.06,141299
0.06,140895
0.07,137371
0.08,135423
0.08,135306
0.08,134744
0.08,134522
0.08,133691
0.1,133633
0.1,131757
0.1,131524
0.1,130922
0.11,130877
0.11,129430
0.11,129029
0.12,128393
0.12,128358
0.12,128049
0.12,127961
0.12,126847
0.13,125974
0.13,124801
0.14,122743
0.14,121595
0.15,121122
0.15,120930
0.15,118425
0.15,116810
0.16,116808
0.16,116402
0.17,115828
0.17,115013
0.17,114188
0.18,113017
0.18,110720
0.19,110496
0.19,109303
0.2,109112
0.2,108883
0.2,108126
0.22,106359
0.22,106216
0.23,106151
0.23,105371
0.24,103578
0.25,102820
0.25,102591
0.26,101701
0.27,101059
0.27,100898
0.28,99718
0.28,98718
0.29,97665
0.29,96935
0.29,96878
0.3,96521
0.3,95662
0.31,94992
0.32,94264
0.32,93748
0.33,93344
0.34,91663
0.35,90696
0.38,90527
0.38,89713
0.38,89482
0.38,88940
0.39,88865
0.39,88535
0.39,83526
0.41,83025
0.43,82798
0.44,79734
0.45,78434
0.46,78277
0.47,77700
0.48,76503
0.52,76050
0.55,75941
0.56,75634
0.6,75135
0.63,73411
0.64,73010
0.65,71613
0.69,71464
0.72,70995
0.77,70743
0.78,70707
0.81,70403
0.81,69881
0.82,69476
0.85,69335
0.92,68916
0.93,68236
1,67941
1,67823
1.01,67819
1.04,67286
1.05,66798
1.07,66127
1.09,65813
1.14,65575
1.15,65292
1.17,64389
1.3,64362
1.3,63670
1.32,63539
1.35,63311
1.36,63235
1.37,63038
1.39,62867
1.43,62304
1.44,61806
1.53,61733
1.54,61473
1.57,61431
1.57,60728
1.6,60545
1.6,59712
1.64,59692
1.68,59685
1.69,59623
1.7,59543
1.74,59466
1.74,59227
1.88,59158
1.89,58907
1.94,58066
2.11,57602
2.48,57162
2.48,56952
2.56,56898
2.64,55717
2.86,55644
2.87,55613
2.88,54770
3.3,54697
3.86,54663
5.3,54643
5.66,54610
11.92,54455
12.11,53569
12.27,53276
