0,600924
0,600083
0,599300
0,597391
0,586792
0.01,584610
0.01,582963
0.01,581639
0.01,580359
0.01,578737
0.01,578367
0.01,578306
0.02,578228
0.02,577921
0.02,575391
0.02,573744
0.02,572420
0.02,571140
0.02,569518
0.02,569148
0.03,568284
0.03,566960
0.03,566956
0.04,565595
0.04,564669
0.12,564287
0.13,563620
0.89,563337
0.89,562770
1.46,562622
1.46,562055
1.58,562042
1.58,561672
1.61,561226
1.61,558696
1.61,557049
1.62,555725
1.62,554445
1.62,552823
1.62,552453
1.63,551589
1.64,550265
1.64,550261
1.64,548900
1.66,547974
1.77,547592
1.8,546925
1.98,546699
2.28,545386
2.39,545058
2.46,544973
2.46,544603
2.47,543645
2.51,541542
2.51,540975
4.03,540885
4.03,540412
8.33,540235
17.52,539953
17.86,539828
19.14,539776
19.68,539456
21.75,539367
22.36,538890
22.43,538713
41.41,538672
46.44,538639
46.46,538449
46.46,537882
49.28,537747
49.43,537662
49.43,537292
49.44,536334
49.53,534231
49.54,533664
53.38,533574
53.38,533101
63.04,532924
70.44,532091
70.44,531721
70.51,531704
70.54,530380
70.58,530376
70.63,529015
70.76,528089
71.66,527707
71.8,527040
73.23,526814
75.55,525501
76.42,525173
77.05,525088
77.06,524718
77.09,523760
77.39,523019
77.39,521657
77.41,521090
79.62,520259
80.69,519549
80.78,519339
81.41,518251
81.48,518015
88.09,517970
88.11,517403
97.32,517375
99.42,517140
110.94,516436
110.99,515844
119.45,515334
176.16,515242
253.57,515065
401.75,514954
407.54,514920
422.56,514783
431.99,514658
455.58,514606
462.65,514286
484.72,514197
494.2,513720
495.56,513543
516,513066
