0,505540
0.11,497288
0.2,477312
0.27,460939
0.28,458579
0.31,446054
0.32,430490
0.33,392606
0.35,369843
0.36,328482
0.36,322810
0.39,301778
0.4,291792
0.41,270610
0.41,245310
0.43,209676
0.46,205504
0.47,200769
0.47,186651
0.47,182426
0.48,170529
0.49,170111
0.49,168056
0.5,160751
0.51,156795
0.52,154931
0.52,149184
0.53,148714
0.54,143557
0.54,142221
0.55,141726
0.55,138706
0.55,137861
0.57,135107
0.59,135069
0.61,134726
0.61,134274
0.63,134187
0.66,134097
0.67,133125
0.68,133080
0.7,132993
0.7,132847
0.72,132805
0.73,132620
0.73,132561
0.74,132396
0.75,132034
0.79,130919
0.79,130472
0.8,129797
0.83,129683
0.94,129589
0.95,128373
1,128240
1.03,128182
1.11,127899
1.18,127872
1.2,127870
