0.01,493260
0.02,469755
0.03,460439
0.04,459598
0.04,441680
0.04,439818
0.05,423459
0.05,422677
0.06,421496
0.06,420010
0.06,411375
0.07,401508
0.07,397541
0.07,393912
0.08,390184
0.1,382854
0.11,382785
0.11,382023
0.12,380107
0.12,378047
0.13,375860
0.14,374990
0.14,372808
0.14,370310
0.16,366928
0.16,364710
0.17,363880
0.19,363498
0.21,363308
0.22,359839
0.24,358045
0.27,356536
0.28,356053
0.28,355294
0.28,350561
0.3,350281
0.31,344533
0.32,343994
0.32,342007
0.33,336881
0.33,335203
0.35,333049
0.35,332073
0.38,331987
0.39,321801
0.45,320421
0.46,315004
0.46,309642
0.48,307868
0.48,307573
0.48,307254
0.49,303760
0.49,303100
0.5,303080
0.52,296982
0.53,295481
0.54,293544
0.55,292794
0.55,290653
0.56,289883
0.57,289831
0.57,285170
0.58,284361
0.59,283013
0.6,282053
0.6,281801
0.63,279327
0.65,277962
0.67,272304
0.68,270949
0.69,270269
0.7,269832
0.7,263687
0.71,259303
0.76,258455
0.76,258313
0.77,256844
0.77,255392
0.79,255192
0.8,254348
0.81,251877
0.82,242934
0.85,242506
0.86,242468
0.89,240192
0.89,239899
0.92,238960
0.92,237825
0.94,235459
0.95,235043
0.95,235007
0.95,233874
0.98,232272
0.99,230834
1.02,228208
1.05,227244
1.07,226876
1.07,226484
1.07,225571
1.07,225090
1.07,224689
1.09,224242
1.09,223865
1.1,222898
1.1,222007
1.17,221977
1.19,221515
1.19,221157
1.19,220917
1.2,220284
1.21,220277
1.23,217013
1.29,216046
1.29,213426
1.3,212315
1.31,211198
1.32,210561
1.32,209453
1.35,209232
1.36,208968
1.41,200887
1.44,200221
1.46,199584
1.46,195141
1.47,194676
1.49,192043
1.49,191620
1.51,190776
1.52,190445
1.53,190044
1.58,189860
1.59,188703
1.59,188435
1.62,187635
1.67,187546
1.68,184145
1.75,183620
1.76,183224
1.76,180431
1.8,179852
1.82,178727
1.85,177668
1.86,177232
1.91,176610
1.91,176369
1.91,176194
1.95,175790
1.95,175554
1.97,174296
1.99,173278
2,171124
2.02,169705
2.26,168088
2.27,166415
2.3,165778
2.34,165510
2.37,164463
2.39,163585
2.47,162307
2.64,161234
2.71,160655
2.74,157877
2.79,156864
2.8,156227
2.86,155619
2.88,154989
2.92,154410
2.94,154317
2.95,153585
2.99,153584
3,153427
3.03,153107
3.08,151942
3.09,150672
3.13,150378
3.19,149764
3.26,149208
3.38,149174
3.43,148996
3.5,147876
3.55,147232
3.59,147206
3.65,145779
3.74,144476
3.85,141718
3.87,141444
3.96,141405
4.01,140801
4.09,140582
4.12,140318
4.14,139888
4.17,138767
4.18,138505
4.23,137834
4.23,137552
4.31,136871
4.34,136576
4.45,136234
4.45,135090
4.45,134748
4.49,134494
4.73,134185
4.73,133646
4.85,133528
4.88,132020
4.9,131739
4.96,130529
5.01,129827
5.14,129485
5.19,127501
5.45,127231
5.45,127060
5.67,126865
5.72,126691
5.78,126062
5.85,125767
5.9,125330
5.98,125122
6.02,124973
6.06,124681
6.09,124395
6.14,122693
6.24,122139
6.51,122098
6.6,120566
6.65,120539
6.8,120510
6.89,119975
6.93,119903
6.99,119729
7.03,119010
7.2,118879
7.42,118724
7.48,118697
7.6,117029
7.66,117002
7.83,116321
7.93,116021
7.96,115983
8.09,115842
8.15,115750
8.16,115631
8.37,115346
8.53,115164
8.7,115134
8.84,114340
9.18,114140
9.22,113810
9.41,113577
9.62,113185
9.75,112652
10.01,112125
10.15,111818
10.77,111726
10.93,111690
11.48,111607
11.49,110999
11.8,110907
12.09,110794
12.18,110378
12.66,108830
12.97,108051
13.16,107892
13.31,107779
14.11,106157
14.17,105956
15.31,105321
15.43,104771
15.66,104679
15.85,104671
16.39,104596
16.44,104588
16.58,104171
16.78,104136
16.89,104024
17.19,103939
17.28,103931
