0.03,524635
0.04,520316
0.04,518184
0.04,517334
0.04,495895
0.05,494188
0.05,484110
0.06,484100
0.07,481804
0.1,480658
0.1,470409
0.12,464782
0.12,464008
0.16,461278
0.17,451299
0.18,450047
0.18,447090
0.19,446817
0.19,444275
0.19,440066
0.21,439909
0.22,439429
0.22,438050
0.23,433833
0.24,433404
0.24,432175
0.25,428589
0.25,427839
0.25,427281
0.26,425238
0.26,424903
0.26,424345
0.27,422416
0.28,420472
0.29,420311
0.29,419387
0.3,414856
0.3,407901
0.31,406319
0.32,405598
0.33,403789
0.33,399967
0.34,392671
0.37,387628
0.38,387291
0.39,385012
0.39,383728
0.4,383659
0.4,383513
0.41,380025
0.41,379134
0.43,378826
0.43,376416
0.44,376102
0.44,375450
0.44,375157
0.45,374537
0.45,374053
0.45,371445
0.46,371238
0.46,363925
0.47,363554
0.48,353801
0.49,352960
0.5,350977
0.5,350974
0.5,349487
0.5,341254
0.54,339960
0.55,332386
0.55,331857
0.56,324014
0.57,318891
0.58,318233
0.59,317969
0.59,317850
0.59,316054
0.59,312937
0.6,311904
0.62,311311
0.63,310164
0.64,299915
0.69,298603
0.72,292506
0.74,290042
0.74,289713
0.76,289234
0.77,289128
0.78,287779
0.79,286921
0.8,284633
0.81,283334
0.84,282238
0.86,282064
0.87,281082
0.88,280152
0.88,278334
0.88,277081
0.89,276791
0.91,276358
0.97,275757
0.97,273048
1.02,271451
1.03,268075
1.08,266004
1.09,265056
1.1,261806
1.11,261748
1.11,260821
1.13,254160
1.14,252898
1.16,248529
1.16,246531
1.22,245287
1.22,243579
1.25,242830
1.26,239130
1.28,237857
1.29,236889
1.31,234058
1.34,232889
1.35,232629
1.36,231603
1.36,229367
1.37,227106
1.38,226122
1.41,226055
1.44,224898
1.44,224137
1.45,223978
1.48,220307
1.52,219235
1.55,218766
1.56,217173
1.58,216731
1.59,212593
1.6,211877
1.62,207438
1.64,206089
1.65,205139
1.67,202681
1.7,202009
1.72,200741
1.72,199493
1.72,199484
1.73,197997
1.74,197470
1.75,195968
1.8,193392
1.81,192201
1.84,192197
1.85,191574
1.86,191434
1.88,186612
1.96,184026
2.07,183703
2.07,182469
2.07,180254
2.08,177220
2.11,177160
2.11,176457
2.15,176194
2.17,175406
2.18,175335
2.18,173962
2.21,173223
2.29,171676
2.35,171537
2.38,169739
2.38,166106
2.44,166040
2.45,164239
2.49,164152
2.5,163962
2.51,163771
2.51,163424
2.54,161613
2.56,161534
2.57,159782
2.58,159166
2.6,159120
2.63,157860
2.64,157582
2.66,157035
2.66,156993
2.69,156879
2.71,156787
2.75,156593
2.75,155928
2.84,155638
2.87,155076
2.9,154902
2.91,154865
2.93,152633
2.99,152600
3.03,152090
3.11,151885
3.11,150545
3.17,150202
3.2,148056
3.26,147360
3.46,146089
3.53,144444
3.6,143883
3.63,141531
3.65,140952
3.66,140775
3.67,140682
3.67,140485
3.73,140140
3.92,140115
3.94,139493
3.95,139463
3.98,139383
4.03,138952
4.37,137561
4.4,136477
4.47,136219
4.48,134344
4.71,133975
4.75,132336
4.84,131586
4.85,131561
4.86,131537
4.88,131447
4.94,131383
5.01,131141
5.04,130836
5.04,130702
5.06,130572
5.09,130428
5.19,130205
5.28,129900
5.29,129848
5.41,129504
5.46,127209
5.56,127106
5.64,126459
5.69,125823
5.72,125567
5.79,123621
5.95,123596
5.95,123257
6.03,123230
6.04,123126
6.06,122300
6.08,120698
6.17,120181
6.37,119961
6.38,119772
6.52,118723
6.61,118673
6.86,118279
6.87,117630
6.9,117162
7.04,116751
7.48,115689
7.53,115110
7.69,114947
7.78,114715
7.89,114683
8.07,114046
8.18,114014
8.19,113500
8.36,113112
8.59,113033
9.12,112854
9.21,112822
9.28,112554
9.57,112545
9.74,112319
11.27,112236
11.32,112001
11.58,111591
11.63,111549
11.85,110785
12.16,110574
12.52,110099
12.77,109598
12.87,109420
13.01,109085
13.62,108997
13.67,108950
14.1,108819
14.33,108458
15.15,107961
15.56,106556
16.28,104912
16.69,104708
