0,530466
0.02,511597
0.04,478609
0.09,473964
0.1,468896
0.28,455406
0.3,444325
0.3,422343
0.32,397354
0.35,396143
0.35,382533
0.36,366016
0.37,340878
0.38,333343
0.38,323179
0.39,319925
0.4,259489
0.41,253642
0.42,225987
0.43,218102
0.44,203758
0.45,203132
0.46,187023
0.46,174693
0.47,170761
0.48,167644
0.49,162089
0.5,157706
0.51,157428
0.51,153065
0.52,148113
0.53,143630
0.53,141703
0.54,141497
0.54,140725
0.55,140429
0.55,139504
0.57,138397
0.58,138292
0.58,137844
0.59,137040
0.59,136403
0.6,135633
0.61,135146
0.62,134684
0.64,133875
0.65,133051
0.65,132727
0.66,132661
0.66,132460
0.67,131942
0.68,131525
0.69,130958
0.7,130831
0.7,129369
0.72,129366
0.79,129361
