0.02,526826
0.03,524410
0.04,513505
0.04,501695
0.21,495859
0.22,490007
0.23,488324
0.24,480408
0.28,465945
0.29,443988
0.29,424236
0.32,417559
0.34,409636
0.34,378001
0.36,357857
0.36,341259
0.38,325652
0.38,321731
0.39,262226
0.41,229573
0.43,215711
0.44,212481
0.44,188981
0.46,177380
0.46,175737
0.47,174398
0.48,169840
0.49,163560
0.49,155694
0.51,151692
0.52,150277
0.52,148245
0.52,145679
0.54,143632
0.54,142625
0.55,141172
0.55,138561
0.56,136163
0.56,135959
0.56,135130
0.57,134829
0.58,133833
0.58,131998
0.59,131850
0.59,131714
0.6,131058
0.61,130861
0.62,130829
0.63,129276
0.64,128859
0.65,127693
0.66,127095
0.67,126750
0.67,125754
0.69,125347
0.72,125138
0.72,125070
0.73,124750
0.76,124174
0.76,124034
0.77,122933
0.78,121227
0.84,121136
0.85,121113
0.86,121039
0.87,120963
0.89,120903
0.9,120867
1.02,120761
