0.01,518176
0.02,510683
0.02,507877
0.02,505879
0.03,501436
0.03,492596
0.03,490027
0.03,481291
0.04,475639
0.04,464109
0.05,451527
0.05,441274
0.05,428297
0.06,421076
0.06,415718
0.07,407346
0.07,404326
0.08,401525
0.08,401203
0.08,394180
0.09,384696
0.09,382759
0.09,380047
0.1,372936
0.11,367165
0.13,364390
0.13,363644
0.14,362575
0.14,361612
0.14,355686
0.14,355017
0.14,353005
0.15,352429
0.16,348582
0.17,346191
0.18,343897
0.18,341649
0.19,340120
0.19,339574
0.19,338864
0.19,336934
0.2,332002
0.22,323961
0.23,321702
0.23,319686
0.24,316070
0.24,314229
0.25,307003
0.27,304272
0.28,302199
0.28,294006
0.29,291493
0.29,290115
0.31,289891
0.32,289691
0.32,288768
0.33,284793
0.34,281422
0.35,275361
0.38,272438
0.39,271319
0.4,271229
0.4,269560
0.42,268243
0.43,267743
0.47,265812
0.48,263689
0.51,263185
0.51,262218
0.52,261431
0.54,259239
0.56,256956
0.57,254810
0.58,252892
0.59,245349
0.59,245011
0.59,243757
0.6,242117
0.6,240525
0.63,238774
0.64,238475
0.67,237042
0.68,236100
0.69,235560
0.7,231234
0.72,230121
0.75,229054
0.75,228770
0.75,222105
0.77,219081
0.79,217845
0.8,217591
0.8,217234
0.81,215488
0.81,215120
0.83,213365
0.85,211099
0.86,208476
0.88,206475
0.89,204115
0.91,204082
0.94,199020
0.96,196695
0.99,196369
1.01,193937
1.05,193388
1.07,192822
1.07,188653
1.14,187396
1.15,187194
1.16,182312
1.17,181588
1.27,181310
1.3,180015
1.31,178576
1.33,178446
1.34,177183
1.35,176937
1.37,174763
1.39,174192
1.42,173662
1.44,172850
1.5,171797
1.52,171092
1.56,170625
1.58,169358
1.61,167707
1.68,166910
1.74,164556
1.75,164172
1.77,162822
1.77,160745
1.82,159011
1.86,157345
1.95,157083
1.96,155343
2,154565
2.02,154323
2.03,154076
2.03,153621
2.06,153597
2.07,153536
2.08,153496
2.1,153013
2.12,148999
2.12,148562
2.12,148284
2.14,147340
2.23,144046
2.23,143179
2.26,141128
2.31,141035
2.32,140380
2.33,139583
2.36,139570
2.37,139171
2.47,138992
2.51,138563
2.56,138252
2.6,137480
2.63,136322
2.7,135885
2.78,135723
2.83,135155
2.86,134512
2.86,133373
2.97,132559
3.07,131599
3.1,131585
3.1,131508
3.11,130111
3.22,130014
3.24,129923
3.26,129702
3.27,129288
3.32,129012
3.33,128266
3.38,127794
3.58,127096
3.59,127044
3.7,127010
3.71,126680
3.72,126200
3.75,125563
3.8,125439
3.87,124502
3.98,124361
3.98,124340
4.02,124112
4.03,123567
4.06,123175
4.07,122459
4.08,122356
4.09,122251
4.12,122148
4.27,121944
4.35,119947
4.42,119261
4.48,116507
4.82,116250
5.15,116045
5.19,115631
5.29,115615
5.3,115498
5.36,115432
5.59,115034
5.74,114656
5.96,114430
6.2,113968
6.27,112813
6.73,111733
7.27,111476
8.53,111385
8.54,110905
8.91,110894
9.03,110691
9.06,110689
9.26,110422
9.33,110209
9.45,110132
9.97,109850
10.29,109750
11.05,109637
11.14,109537
11.72,109531
12.35,109513
12.86,109339
13.76,108958
13.92,108825
15.02,108773
15.03,108481
15.34,108330
15.45,108250
15.7,108191
16.52,107925
17.81,107445
18.87,106633
19.59,106627
19.96,106441
