0.01,543027
0.02,541864
0.02,537717
0.03,496961
0.07,494825
0.16,473897
0.26,431022
0.31,380409
0.33,375704
0.34,354450
0.36,345409
0.36,333458
0.36,330236
0.37,308423
0.39,268738
0.41,264388
0.41,243011
0.42,223597
0.43,208692
0.43,207047
0.44,194152
0.44,180531
0.45,175555
0.45,173432
0.46,170626
0.47,155651
0.47,152016
0.48,149716
0.49,147877
0.5,143353
0.5,143208
0.5,140700
0.52,139923
0.52,138729
0.52,137884
0.53,136292
0.54,135080
0.54,133818
0.54,132093
0.55,129399
0.55,128808
0.55,128315
0.56,127623
0.58,126313
0.59,125876
0.6,125747
0.61,124968
0.62,124915
0.63,124484
0.64,123875
0.65,123124
0.66,122982
0.66,122594
0.67,122576
0.68,122472
0.68,122403
0.7,122309
0.73,121463
0.75,121385
0.76,121272
0.77,120939
0.8,120236
0.81,119814
