0.02,507233
0.09,502009
0.1,490881
0.23,479529
0.25,478008
0.28,460435
0.3,444745
0.31,431419
0.31,417287
0.32,390271
0.34,385674
0.35,376903
0.35,376395
0.35,343989
0.36,339339
0.36,274058
0.38,262058
0.39,241555
0.41,218056
0.42,215169
0.43,211811
0.43,210863
0.44,192421
0.44,189840
0.45,189461
0.46,166411
0.48,162827
0.48,159546
0.49,158549
0.49,153553
0.49,152168
0.5,150294
0.51,147187
0.52,145913
0.52,143254
0.53,140524
0.53,139232
0.54,138360
0.55,138299
0.56,137899
0.57,137739
0.58,137086
0.58,136266
0.59,135956
0.59,135705
0.59,134031
0.6,133815
0.61,133768
0.62,133416
0.62,133050
0.64,132636
0.64,132475
0.66,132141
0.69,132079
0.73,131442
0.84,130076
