0.01,567746
0.01,555235
0.01,548741
0.02,536028
0.02,528074
0.02,527962
0.02,527785
0.03,527059
0.03,520997
0.03,519890
0.03,517690
0.03,515041
0.04,499831
0.04,498007
0.04,496639
0.05,491152
0.05,489767
0.05,488977
0.05,478569
0.06,477576
0.06,463890
0.06,456820
0.06,454535
0.06,449500
0.07,445254
0.07,441273
0.07,441229
0.07,433857
0.08,423419
0.09,411804
0.09,405955
0.1,402435
0.11,402258
0.11,399494
0.12,393772
0.12,389004
0.13,388687
0.13,381557
0.14,380069
0.15,378965
0.16,377841
0.16,370224
0.17,359811
0.18,353853
0.18,353164
0.19,350011
0.24,348043
0.24,346767
0.26,346283
0.27,338676
0.27,333050
0.28,333035
0.28,329755
0.3,329252
0.32,320684
0.33,313845
0.35,312541
0.36,309050
0.38,304678
0.39,302689
0.39,302157
0.4,300517
0.41,296508
0.42,293722
0.43,290193
0.43,289961
0.46,289506
0.46,284421
0.47,282167
0.48,281882
0.5,281816
0.5,279405
0.51,275723
0.52,275374
0.52,273654
0.54,273499
0.54,272100
0.54,271137
0.56,270105
0.56,268203
0.57,267362
0.58,265485
0.58,261847
0.59,261236
0.59,257715
0.59,257350
0.63,255269
0.63,251792
0.67,251497
0.68,250645
0.71,249389
0.73,245289
0.81,243864
0.83,243151
0.84,239528
0.89,237092
0.9,237089
0.91,233055
0.93,231370
0.95,230973
0.97,230311
0.99,229879
1,227753
1.04,224189
1.04,223990
1.05,223489
1.07,222652
1.08,222173
1.08,219829
1.08,219580
1.1,216248
1.1,215646
1.12,213619
1.13,212377
1.15,210609
1.16,210242
1.18,209808
1.21,208070
1.21,207634
1.22,207473
1.22,206330
1.23,206183
1.26,205031
1.27,203002
1.31,201917
1.35,201241
1.39,201134
1.4,200623
1.4,200034
1.4,199539
1.43,199072
1.47,198168
1.48,196828
1.54,196716
1.54,195620
1.56,195173
1.56,195099
1.57,194401
1.59,191996
1.6,191506
1.65,191492
1.66,187802
1.69,187102
1.76,186643
1.82,186604
1.83,186180
1.85,184156
1.87,183645
1.88,182402
1.89,182021
1.95,181769
1.97,181754
1.99,180516
2,179615
2.07,179177
2.11,174585
2.12,174076
2.12,173179
2.21,172502
2.24,172351
2.27,171319
2.27,171181
2.27,170937
2.33,169668
2.35,169234
2.36,168122
2.37,167667
2.39,167634
2.44,165023
2.47,164225
2.48,164174
2.48,163422
2.49,162206
2.56,162181
2.63,162173
2.63,162127
2.65,161084
2.66,160940
2.71,157607
2.72,157562
2.75,156657
2.85,154687
2.87,152565
2.96,151632
2.99,150986
3.01,150927
3.11,150652
3.15,150358
3.16,150331
3.2,148510
3.21,148335
3.27,148200
3.27,147637
3.27,146927
3.3,146890
3.4,144758
3.53,144530
3.6,144118
3.64,142077
3.71,141895
3.72,141663
3.75,141023
3.8,141008
3.88,140728
3.95,140084
4.01,139999
4.02,139888
4.03,138864
4.04,138174
4.09,137328
4.18,135899
4.26,135873
4.31,135850
4.38,135695
4.43,135200
4.5,133746
4.57,133252
4.74,131538
4.84,129239
4.99,129224
5,128604
5.01,127223
5.08,126301
5.13,125747
5.18,125337
5.23,125156
5.34,124639
5.35,124598
5.41,124040
5.43,123899
5.58,123486
5.79,123413
5.89,123405
5.95,123014
6.1,122870
6.21,122721
6.24,121122
6.32,121005
6.32,120846
6.36,120194
6.56,120046
6.56,119997
6.59,118969
6.66,118622
6.72,118436
6.88,118221
7.03,117984
7.08,117388
7.16,116097
7.36,115991
7.37,115670
7.39,115262
7.66,115141
8.22,114941
9.07,113725
9.16,113558
9.2,113452
9.82,113060
9.85,112694
10.18,111967
10.78,111815
11.22,111300
11.59,111281
11.7,111125
11.78,111041
11.8,110950
12.11,110839
12.41,110804
12.85,110787
13.87,110528
15.63,109764
19.16,109729
