0.01,527824
0.02,516971
0.03,516063
0.03,508134
0.03,505927
0.03,505818
0.03,494535
0.04,489296
0.04,486710
0.04,479130
0.04,476635
0.04,476077
0.05,468022
0.05,467997
0.05,461728
0.05,461559
0.06,454530
0.06,433695
0.06,432914
0.06,431846
0.06,428609
0.07,416988
0.07,412650
0.08,409203
0.08,408028
0.08,406625
0.09,401560
0.1,396477
0.1,395544
0.1,392109
0.11,385287
0.13,384620
0.13,383673
0.13,383239
0.14,369282
0.14,368899
0.16,368785
0.16,364641
0.17,364626
0.17,364615
0.18,362579
0.18,361835
0.18,360692
0.19,359594
0.2,356485
0.2,341340
0.2,339248
0.21,336608
0.22,333526
0.22,330827
0.23,329787
0.23,329586
0.24,327979
0.24,326645
0.26,324939
0.26,324319
0.28,321937
0.28,320946
0.29,318446
0.29,316483
0.3,313900
0.31,312929
0.32,310266
0.33,308730
0.33,306242
0.34,303467
0.35,299351
0.37,298840
0.37,297482
0.37,296587
0.38,295989
0.38,294789
0.39,293667
0.4,290833
0.4,288120
0.41,287215
0.42,286482
0.43,286095
0.43,284990
0.44,284472
0.45,282134
0.45,281703
0.47,279077
0.48,277040
0.49,276389
0.49,266192
0.51,262517
0.52,261019
0.54,260469
0.54,258571
0.54,257330
0.57,256063
0.58,254738
0.62,254150
0.62,251946
0.64,250388
0.64,249877
0.66,249515
0.66,246624
0.69,240978
0.71,237564
0.74,235544
0.76,234556
0.77,233269
0.79,233053
0.81,232052
0.81,229116
0.82,228500
0.82,228488
0.84,224250
0.84,224121
0.84,223567
0.86,223214
0.91,223126
0.91,219206
0.92,216360
0.94,211744
0.97,211352
0.97,211349
0.98,207099
1.01,205696
1.03,205463
1.05,201399
1.05,200962
1.06,200225
1.07,198519
1.08,198040
1.12,197742
1.12,197350
1.14,197315
1.16,196578
1.17,196043
1.19,195655
1.21,195273
1.22,194324
1.25,193809
1.31,193750
1.32,193725
1.32,193659
1.33,193286
1.37,192459
1.39,191132
1.43,188828
1.48,188364
1.49,184345
1.52,182942
1.58,182376
1.59,182122
1.6,182071
1.61,181828
1.61,181822
1.63,181200
1.63,180014
1.64,179196
1.66,177023
1.67,176979
1.67,176884
1.67,176512
1.71,172461
1.73,170201
1.74,170125
1.74,169282
1.74,166580
1.75,165066
1.76,160733
1.78,157345
1.8,154455
1.81,153411
1.85,152991
1.89,152208
1.93,151775
1.94,151240
1.98,151183
2.02,149723
2.04,148145
2.06,144169
2.13,143741
2.19,143173
2.22,143122
2.27,141457
2.37,141242
2.4,141056
2.41,140913
2.41,140911
2.46,140818
2.46,140750
2.48,140742
2.52,140258
2.59,140077
2.63,139890
2.64,139585
2.65,139022
2.7,138032
2.77,137937
2.77,137771
2.83,137385
2.88,137351
3.04,136910
3.26,136536
3.32,136174
3.32,135448
3.35,133746
3.38,133666
3.42,133614
3.43,132697
3.51,131574
3.54,130531
3.57,130388
3.61,129834
3.68,129549
3.95,128080
3.98,128039
4.03,125978
4.05,124762
4.22,124368
4.25,124153
4.28,122404
4.44,121970
4.44,121873
4.49,121698
4.57,120576
4.92,119616
4.96,119339
5.08,118512
5.25,118331
5.39,118322
5.44,117911
5.46,117536
5.61,117301
5.62,116909
5.67,115972
5.96,115892
6.04,115789
6.27,115525
6.39,115479
6.45,115456
6.47,115208
6.58,114460
6.87,114417
7.24,114389
7.26,114115
7.45,113611
7.61,113459
8.23,113244
8.41,112941
8.68,112906
8.69,112803
8.76,112511
8.76,112314
8.85,112262
8.86,112139
9.03,112092
9.05,111821
9.39,111780
9.45,111728
9.64,111386
9.67,110643
10.25,110531
10.47,110413
10.65,110057
10.78,109754
10.96,109677
10.99,109599
11.02,109382
11.13,108945
11.45,108745
11.65,108715
11.7,108462
12.16,108427
12.37,108410
12.39,108375
12.39,108090
12.63,108038
12.65,107809
12.73,107729
13.08,107654
16.95,107259
18.08,107167
