0,562927
0.01,534430
0.02,531451
0.04,528490
0.05,485448
0.21,485182
0.27,481781
0.29,454636
0.3,443269
0.31,434794
0.31,419815
0.34,418119
0.35,404374
0.36,378315
0.37,356668
0.37,348302
0.38,301385
0.4,287348
0.41,267215
0.42,246637
0.44,228661
0.44,190216
0.45,186387
0.47,182708
0.47,174597
0.48,171019
0.49,156000
0.51,153890
0.52,152134
0.52,150518
0.53,149541
0.53,149024
0.54,143695
0.54,140270
0.55,140117
0.56,139312
0.57,138578
0.58,137503
0.58,137116
0.59,136720
0.59,133825
0.6,133326
0.6,133170
0.6,133112
0.61,133039
0.61,132966
0.62,131932
0.62,131818
0.63,131503
0.63,131353
0.64,130525
0.64,129774
0.64,128971
0.65,128960
0.66,128793
0.66,128780
0.72,128609
0.73,128559
0.74,128219
0.74,127914
0.75,127624
0.76,126833
0.76,126397
0.77,125644
0.81,125232
0.82,124875
0.86,124826
0.98,124636
1.01,124470
1.04,124097
