0.02,537870
0.02,531909
0.02,523850
0.02,518128
0.03,515692
0.04,514559
0.04,511682
0.04,509989
0.04,503231
0.04,502766
0.04,499022
0.05,495445
0.05,488723
0.05,486141
0.06,478996
0.07,477594
0.07,460576
0.07,453495
0.08,453034
0.08,450340
0.09,445076
0.09,444829
0.09,443807
0.09,443699
0.09,440433
0.1,438264
0.1,437355
0.11,434172
0.11,425099
0.11,424268
0.12,417643
0.12,415084
0.13,407590
0.13,394033
0.15,391655
0.15,388991
0.16,388209
0.17,380771
0.18,380466
0.19,377096
0.2,374582
0.2,371906
0.2,371557
0.21,369051
0.22,368236
0.22,368078
0.23,367994
0.23,364558
0.23,362956
0.24,359568
0.24,356655
0.25,354096
0.25,352869
0.25,351989
0.25,351181
0.26,350350
0.27,349769
0.27,345708
0.29,344762
0.3,344051
0.3,344037
0.3,343561
0.3,341307
0.31,339358
0.31,337208
0.32,336938
0.33,334578
0.34,333106
0.34,329992
0.34,326285
0.35,325719
0.35,322994
0.35,320827
0.36,320590
0.36,320583
0.36,320358
0.37,311418
0.38,308668
0.39,308499
0.39,306846
0.39,306700
0.4,303850
0.42,303573
0.42,302659
0.43,301882
0.44,301089
0.45,299176
0.46,295951
0.46,295733
0.47,293595
0.48,287188
0.5,286092
0.5,285185
0.53,280957
0.53,280923
0.53,280708
0.54,278375
0.54,277907
0.54,276654
0.56,273505
0.56,273219
0.58,269022
0.58,266917
0.6,266135
0.61,266123
0.63,266020
0.63,262335
0.65,260394
0.67,258287
0.68,257370
0.68,252878
0.7,252401
0.71,247723
0.72,247510
0.72,247259
0.73,246931
0.74,246159
0.74,243877
0.75,242576
0.79,242031
0.8,241954
0.8,241827
0.82,241590
0.83,240595
0.85,239876
0.85,238814
0.87,234958
0.87,234919
0.88,233362
0.91,232318
0.92,230957
0.94,230278
0.94,229316
0.99,228401
1,227956
1.01,226510
1.02,224350
1.03,216580
1.09,216040
1.11,213332
1.11,212349
1.24,212029
1.26,211333
1.26,211308
1.27,210263
1.31,209218
1.35,208993
1.39,208194
1.41,206384
1.43,205697
1.45,203111
1.51,201974
1.52,201683
1.53,200062
1.56,199750
1.58,198583
1.74,197426
1.75,197212
1.76,196904
1.85,196195
1.85,196155
1.85,194829
1.87,192169
1.91,191953
1.93,190915
2.01,189666
2.03,189038
2.06,189022
2.08,185180
2.2,184049
2.21,183620
2.24,183503
2.25,181013
2.25,178020
2.3,177695
2.34,177175
2.42,176717
2.46,176520
2.47,173339
2.64,171883
2.7,171517
2.74,170789
2.79,170744
2.83,170446
2.83,169846
2.86,169546
2.89,167990
2.96,167210
3.02,165995
3.05,165004
3.07,164652
3.13,164038
3.16,163738
3.19,160913
3.25,160531
3.26,160417
3.26,159236
3.26,159190
3.31,157693
3.31,157543
3.32,156710
3.36,156596
3.36,155460
3.38,153875
3.39,153816
3.43,152563
3.47,152386
3.52,152127
3.53,151302
3.58,150960
3.6,150578
3.65,148699
3.76,148472
3.82,147034
3.89,146691
3.92,146302
4,142931
4.13,142684
4.15,142615
4.18,142231
4.23,140847
4.35,140036
4.49,139071
4.64,137429
4.71,136178
4.74,135565
4.79,135372
4.81,133256
4.85,133088
4.85,132440
5.19,132390
5.22,131686
5.24,131463
5.3,130656
5.32,130463
5.4,128159
5.47,127756
5.6,127160
5.66,127057
5.66,126946
5.77,126802
5.78,125645
5.87,125478
5.97,125240
6.01,125198
6.04,124953
6.05,124655
6.06,124553
6.21,123677
6.28,123486
6.47,123297
6.52,122561
6.55,121579
6.59,121544
6.63,121288
6.84,121247
6.85,119955
7.05,119914
7.08,119761
7.25,118782
7.56,118410
7.69,117439
7.73,117404
8.06,117206
8.09,117150
8.24,116968
8.73,116933
8.74,112667
9.17,112190
9.19,110981
9.23,110670
9.31,110630
9.35,109233
9.45,108841
9.68,108750
9.86,108718
9.94,108462
10.51,108219
10.82,107808
10.86,107533
11.19,107519
11.4,107357
11.79,106827
14.48,106677
15.6,106642
15.9,106385
18.04,106156
