0.03,521851
0.04,513112
0.07,492782
0.14,470225
0.26,448672
0.27,448218
0.3,446206
0.31,437508
0.32,399790
0.34,380341
0.35,369335
0.36,364850
0.36,332152
0.37,331532
0.38,324735
0.38,307550
0.39,293846
0.39,265023
0.4,252558
0.4,244512
0.41,238401
0.42,213438
0.42,210063
0.44,208626
0.45,205734
0.45,202408
0.45,178793
0.46,167605
0.46,164934
0.47,161191
0.47,158284
0.48,152298
0.48,151723
0.49,148749
0.5,144335
0.5,142010
0.5,141444
0.51,140005
0.51,139665
0.51,136359
0.52,136172
0.52,135672
0.53,134607
0.53,131262
0.53,128357
0.55,127725
0.55,125576
0.56,125469
0.56,124759
0.56,124747
0.57,123003
0.58,122262
0.59,121972
0.59,121437
0.6,121356
0.6,121222
0.61,120587
0.62,120325
0.63,119985
0.64,119327
0.66,119152
0.7,119148
0.71,119087
0.71,118954
0.72,118927
0.77,118503
0.79,118453
0.87,117991
