0.01,517688
0.02,505441
0.02,505335
0.02,504105
0.03,498061
0.03,496310
0.03,493207
0.03,483857
0.03,481271
0.04,480243
0.04,476002
0.04,474950
0.04,472671
0.04,472490
0.05,468416
0.05,466544
0.06,463435
0.07,461132
0.07,458558
0.07,457015
0.07,454586
0.08,453703
0.08,444783
0.09,438286
0.1,434848
0.1,433915
0.11,433310
0.11,420229
0.11,417771
0.11,411559
0.12,402788
0.13,394436
0.14,393108
0.14,386745
0.14,382793
0.14,381654
0.15,375546
0.15,371627
0.15,367751
0.16,363587
0.17,360603
0.17,360209
0.17,352854
0.18,350489
0.18,349268
0.2,343603
0.2,341358
0.21,338985
0.22,320543
0.23,319707
0.24,313794
0.26,311034
0.27,309953
0.27,309309
0.27,308511
0.27,304734
0.28,302577
0.29,301955
0.3,297446
0.3,297186
0.3,295329
0.3,295104
0.3,294557
0.31,294219
0.31,293105
0.31,291326
0.32,291299
0.32,291200
0.33,289686
0.34,288543
0.34,288073
0.34,287594
0.35,285412
0.35,280771
0.36,279662
0.36,277379
0.37,275636
0.43,275233
0.43,274082
0.44,270125
0.44,269780
0.45,269543
0.45,268540
0.47,268493
0.47,265083
0.47,264533
0.48,262535
0.49,259837
0.5,255060
0.51,254398
0.53,253211
0.54,253150
0.55,250982
0.56,250169
0.56,248733
0.59,247344
0.6,245143
0.6,244791
0.6,242729
0.61,240984
0.61,240912
0.63,238458
0.64,237655
0.64,237164
0.65,235157
0.68,234493
0.69,233884
0.7,230663
0.7,230662
0.73,230279
0.73,229915
0.73,229508
0.73,228591
0.74,226917
0.74,226612
0.75,226095
0.79,223685
0.79,222759
0.82,221401
0.82,220370
0.85,219630
0.87,219427
0.87,219271
0.88,212856
0.9,212094
0.91,211810
0.91,208319
0.91,206907
0.94,197824
0.98,197799
0.99,197002
0.99,196910
1,195225
1,195163
1.03,195024
1.03,193587
1.05,192371
1.06,188359
1.09,188036
1.09,187145
1.1,186495
1.12,186060
1.15,184356
1.15,183634
1.16,183605
1.19,183148
1.2,182000
1.22,181335
1.24,179953
1.26,179019
1.27,176905
1.3,176347
1.32,175297
1.36,174567
1.4,173073
1.42,171224
1.43,171012
1.46,170113
1.5,169578
1.5,168289
1.53,167335
1.57,165236
1.61,164480
1.67,163681
1.67,160469
1.72,159230
1.73,158755
1.76,158344
1.8,153298
1.87,152430
1.9,151003
1.96,150278
1.98,148420
1.98,148191
2,147664
2.02,146232
2.07,146170
2.1,145981
2.1,145853
2.12,145350
2.13,144417
2.15,144412
2.15,142651
2.2,142086
2.2,141901
2.26,139485
2.27,139016
2.42,138296
2.44,137750
2.47,136710
2.51,136187
2.51,135911
2.56,134695
2.57,133629
2.64,132980
2.73,132922
2.77,132765
2.81,132130
2.85,131778
2.94,131674
2.97,131395
3.02,129907
3.15,129372
3.21,129089
3.22,127913
3.29,127868
3.43,127462
3.48,127386
3.54,126505
3.62,125050
3.74,123648
3.75,123456
3.82,123443
3.86,122153
3.92,121367
3.99,121158
4,120037
4.16,120013
4.18,119297
4.25,119282
4.48,119071
4.6,118938
4.61,118724
4.71,118547
4.88,118449
4.95,118143
5.2,117291
5.42,117028
5.48,116767
6.04,116730
6.36,116660
6.36,116125
6.66,115764
6.99,115162
7.15,114288
7.3,114242
7.47,113789
7.74,113271
7.84,113041
8.02,112833
8.17,112121
8.37,112041
8.9,111810
8.99,111673
9,111471
9.42,111291
9.46,111139
9.59,111086
9.7,110937
10.13,109819
10.53,109745
10.59,109463
10.6,109383
12.53,109300
13.77,109265
14.26,109114
15.29,109062
19.43,109059
