0,518050
0.04,495260
0.24,474840
0.28,449925
0.3,448514
0.31,444603
0.32,426812
0.33,408947
0.34,399638
0.34,399414
0.35,356021
0.36,344856
0.38,313616
0.39,288109
0.4,256244
0.42,248999
0.43,233432
0.44,227607
0.44,226899
0.45,211439
0.45,197555
0.46,192317
0.47,188758
0.48,180829
0.49,172314
0.5,167718
0.5,161029
0.51,157059
0.51,148736
0.52,146748
0.52,142310
0.53,141137
0.53,141124
0.54,135932
0.54,135579
0.54,134964
0.55,134246
0.55,131119
0.56,128819
0.56,127257
0.57,125320
0.57,124893
0.58,124445
0.59,124346
0.59,123141
0.6,122738
0.6,122457
0.61,121259
0.62,120755
0.62,120549
0.62,120446
0.63,120403
0.64,120304
0.65,119279
0.66,118601
0.68,118047
0.69,117984
0.76,117793
0.76,117644
0.77,117266
0.77,117119
0.82,115823
0.86,115766
