0.01,544268
0.02,519316
0.09,514315
0.1,503554
0.16,490243
0.25,485409
0.26,460014
0.29,438008
0.33,379628
0.36,368344
0.36,367313
0.38,341612
0.39,336270
0.4,304011
0.4,298925
0.42,274282
0.43,261319
0.43,259411
0.44,229449
0.44,223313
0.45,202197
0.47,196913
0.47,192622
0.47,179363
0.49,176175
0.49,173097
0.5,167776
0.5,166017
0.51,165675
0.51,164089
0.52,157893
0.53,155786
0.54,151745
0.54,147684
0.55,146777
0.55,145919
0.55,142751
0.56,140828
0.56,140456
0.57,138720
0.57,138658
0.58,137795
0.58,136522
0.59,130922
0.6,129614
0.61,129152
0.62,128687
0.63,128470
0.63,127817
0.65,127469
0.65,126905
0.66,126771
0.66,125881
0.67,125492
0.67,124540
0.68,123654
0.69,121952
0.69,121907
0.69,121756
0.73,121697
0.74,121604
0.74,121429
0.75,121242
0.75,121115
0.77,120541
0.79,120508
0.84,119510
0.85,119442
0.87,119436
