0.01,553861
0.01,551308
0.02,545704
0.02,540061
0.02,539554
0.02,536802
0.02,533288
0.02,517430
0.03,511650
0.03,510804
0.03,497566
0.03,496885
0.03,496022
0.04,482479
0.04,472062
0.05,467134
0.05,462678
0.06,458585
0.06,447765
0.06,446160
0.06,444288
0.07,443683
0.07,442583
0.08,438583
0.08,437517
0.08,436174
0.08,434016
0.09,432470
0.09,432129
0.09,424321
0.1,424104
0.11,423724
0.11,423385
0.12,421565
0.12,421341
0.12,414506
0.12,405019
0.14,401280
0.14,391631
0.15,382646
0.16,379457
0.16,378708
0.17,376813
0.17,376756
0.17,375618
0.18,375540
0.18,374283
0.18,368114
0.19,367915
0.19,364080
0.2,360771
0.21,359952
0.21,359558
0.21,356758
0.21,350440
0.22,348220
0.22,344682
0.23,335932
0.25,334490
0.25,332189
0.25,330750
0.27,328309
0.27,328305
0.27,321841
0.27,319369
0.28,316616
0.3,311645
0.32,311207
0.34,310354
0.35,308901
0.36,304681
0.37,304055
0.38,299953
0.41,296847
0.42,296478
0.44,292857
0.44,282085
0.45,281013
0.45,278302
0.46,277652
0.47,277185
0.48,276519
0.58,276401
0.58,275404
0.64,267487
0.66,267103
0.67,266774
0.68,261966
0.71,260167
0.71,258254
0.74,257029
0.74,256750
0.75,254530
0.78,251917
0.8,251890
0.81,250782
0.82,250390
0.82,246942
0.84,244902
0.85,244360
0.9,243687
0.91,241982
0.92,238723
0.94,233150
0.95,232068
0.95,231413
0.98,230334
0.99,228013
0.99,225311
1,223981
1.01,223367
1.01,221554
1.02,219447
1.07,219445
1.08,217376
1.09,216934
1.1,210479
1.13,209432
1.14,205962
1.2,205586
1.26,204965
1.3,204515
1.31,203338
1.33,200252
1.36,198999
1.38,198897
1.39,198245
1.41,198012
1.41,196682
1.49,195288
1.49,194230
1.54,193616
1.55,193244
1.56,192895
1.61,192261
1.62,191978
1.63,189206
1.68,188677
1.75,188256
1.8,186979
1.84,185708
1.85,185508
1.86,184904
1.88,183529
1.93,183480
1.95,183304
1.95,182541
1.99,181466
2.04,180751
2.07,179612
2.09,178825
2.11,178701
2.11,178203
2.17,176011
2.24,176004
2.25,175830
2.26,175504
2.26,174991
2.27,174924
2.3,172172
2.38,171655
2.43,171447
2.44,171128
2.44,170557
2.48,169768
2.49,169437
2.5,168393
2.54,168176
2.55,168097
2.58,167456
2.64,166451
2.71,165556
2.81,165509
2.85,165223
2.87,164758
2.88,164405
2.89,164131
2.89,163380
2.99,162021
3.06,161561
3.08,161268
3.08,160349
3.09,160281
3.1,160193
3.11,159622
3.12,159215
3.17,158542
3.21,158187
3.22,157996
3.25,156455
3.29,156257
3.36,154798
3.4,154715
3.41,153994
3.43,153960
3.44,152129
3.49,151748
3.54,151539
3.56,150845
3.57,150507
3.57,149095
3.58,148357
3.65,148127
3.71,148012
3.72,147173
3.73,146804
3.76,146298
3.77,146124
3.8,144387
3.8,144358
3.86,144331
3.92,143788
3.93,142588
3.95,142238
4.01,141893
4.05,141529
4.09,140161
4.14,140150
4.14,139183
4.21,138564
4.25,136984
4.26,136639
4.31,136584
4.35,135460
4.39,135054
4.45,134869
4.45,134415
4.47,134242
4.53,133657
4.56,133427
4.57,133344
4.57,132193
4.59,132159
4.67,130390
4.72,129944
4.72,127905
4.79,127397
4.8,127035
4.8,126997
4.85,126517
4.91,126477
4.91,126309
4.96,125928
5.01,125287
5.02,124743
5.14,124675
5.2,124422
5.23,124038
5.34,121397
5.64,120688
5.79,119860
5.8,119850
5.85,119745
5.86,119320
6,119006
6,118901
6.06,118372
6.09,117972
6.21,117854
6.29,116947
6.41,116652
6.41,116001
6.68,115964
6.72,114457
6.88,114422
6.92,113858
7.18,113686
7.34,113646
7.38,113064
7.56,113019
8.09,110732
8.51,110648
8.58,110021
8.92,109930
9.05,109732
10,108214
10.87,108174
10.94,108068
11.26,107793
11.3,107607
12.39,107480
12.43,107026
13.19,106880
14.36,106859
14.91,106757
14.93,106641
15.24,106586
16.3,106495
16.71,106291
16.8,106100
18.88,105430
