0,542026
0.04,540198
0.05,536459
0.07,526240
0.09,481883
0.16,480446
0.27,476172
0.29,433410
0.32,405526
0.34,376404
0.36,354218
0.37,337786
0.38,313618
0.39,306193
0.4,300327
0.4,287123
0.4,277154
0.41,274674
0.41,260326
0.42,250854
0.43,247780
0.43,221468
0.44,216977
0.44,211397
0.45,189725
0.45,189407
0.46,184194
0.47,177338
0.48,168801
0.48,159309
0.49,156162
0.5,152390
0.5,148495
0.51,145209
0.52,142654
0.52,141420
0.53,136750
0.53,134855
0.54,133932
0.55,133274
0.55,132017
0.55,131557
0.56,130799
0.56,130330
0.57,129432
0.58,128671
0.59,128333
0.6,126896
0.61,126172
0.62,125916
0.63,125557
0.63,125023
0.64,125022
0.64,124490
0.65,124437
0.65,123734
0.65,123084
0.66,122703
0.66,122528
0.67,122079
0.67,121027
0.68,120760
0.71,120736
0.76,120490
0.8,119853
0.88,119648
1.08,119628
1.11,119604
