0.01,7179037
0.01,7063461
0.02,6944353
0.02,6838340
0.02,6712667
0.02,6684980
0.03,6659559
0.03,6653883
0.03,6575168
0.03,6500112
0.04,6404441
0.04,6394063
0.04,6354555
0.04,6330032
0.04,6250111
0.05,6235303
0.05,6223965
0.05,6150101
0.06,6043724
0.06,5889790
0.07,5813895
0.07,5783351
0.07,5667023
0.08,5630244
0.08,5530681
0.1,5330341
0.11,5328918
0.12,5287271
0.12,5275874
0.12,5172725
0.13,5131071
0.13,5130594
0.14,5118848
0.14,5111952
0.15,5097190
0.15,5094002
0.15,5063327
0.15,4953151
0.16,4945600
0.16,4922750
0.17,4896724
0.17,4870952
0.17,4836667
0.17,4803429
0.18,4802666
0.19,4728986
0.2,4711633
0.21,4673257
0.21,4573435
0.21,4551922
0.21,4539119
0.22,4515395
0.22,4502354
0.22,4479383
0.22,4463868
0.23,4462975
0.23,4439479
0.23,4434697
0.24,4419158
0.24,4395013
0.24,4363252
0.25,4355313
0.26,4353776
0.27,4294527
0.27,4281802
0.3,4264851
0.3,4263995
0.32,4121398
0.33,4082019
0.33,4061477
0.33,4012825
0.35,4005650
0.36,3994209
0.36,3982680
0.37,3979117
0.37,3979042
0.38,3968572
0.38,3954922
0.38,3904591
0.39,3895285
0.39,3859849
0.4,3760937
0.41,3751939
0.43,3748589
0.45,3717383
0.46,3703872
0.46,3673712
0.47,3638127
0.49,3634706
0.49,3631353
0.49,3585876
0.5,3579560
0.5,3566916
0.52,3564276
0.52,3545144
0.52,3544999
0.53,3481352
0.54,3477166
0.54,3401610
0.55,3388128
0.57,3292295
0.57,3278164
0.59,3267883
0.62,3235018
0.68,3227195
0.7,3213669
0.7,3213606
0.71,3212944
0.71,3200634
0.73,3140439
0.76,3104885
0.76,3097853
0.77,3090834
0.8,3088317
0.8,3069135
0.82,3047429
0.83,3037535
0.84,3032215
0.84,3001927
0.87,2999410
0.87,2994311
0.88,2989622
0.89,2959241
0.89,2941881
0.89,2893139
0.95,2885713
0.96,2876546
0.97,2867140
0.98,2864366
0.99,2827910
1,2824527
1.01,2796410
1.02,2785126
1.09,2773809
1.09,2773086
1.11,2769894
1.11,2763794
1.12,2761997
1.13,2756707
1.14,2749822
1.15,2709758
1.16,2702263
1.16,2701826
1.17,2694331
1.18,2693908
1.19,2691834
1.19,2684346
1.23,2640624
1.24,2637077
1.28,2633890
1.28,2621355
1.31,2614581
1.32,2612398
1.33,2605243
1.34,2574611
1.35,2563527
1.37,2508040
1.39,2494165
1.39,2462206
1.44,2444341
1.46,2395553
1.46,2394690
1.47,2383253
1.51,2382989
1.54,2382988
1.54,2380797
1.54,2378738
1.56,2364497
1.56,2362373
1.58,2357849
1.58,2355994
1.59,2354858
1.6,2354465
1.62,2351194
1.62,2328225
1.63,2327362
1.65,2290029
1.66,2277333
1.69,2276678
1.69,2270499
1.71,2269004
1.71,2250887
1.77,2249486
1.78,2231121
1.8,2201710
1.82,2192373
1.83,2186548
1.84,2178935
1.87,2155352
1.87,2152495
1.9,2150633
1.94,2148494
1.94,2146279
1.96,2112184
2.04,2101180
2.11,2099659
2.12,2090674
2.12,2081789
2.15,2067500
2.15,2066674
2.24,2061586
2.26,2060585
2.26,2056764
2.28,2048940
2.3,1966326
2.33,1966099
2.34,1963551
2.36,1960044
2.38,1959126
2.39,1941317
2.41,1938303
2.41,1936890
2.41,1929769
2.45,1925738
2.48,1922474
2.53,1921230
2.54,1914376
2.58,1907132
2.65,1906389
2.65,1905363
2.68,1905131
2.69,1880962
2.72,1874235
2.74,1873840
2.79,1866758
2.8,1864736
2.82,1856121
2.96,1852604
2.96,1850722
2.99,1850684
3,1845395
3,1839302
3.01,1826273
3.32,1787930
3.39,1782824
3.47,1779966
3.64,1772941
3.73,1771810
3.76,1769248
3.85,1768105
4.29,1765187
4.3,1747078
4.43,1737946
4.45,1731853
4.48,1710267
4.53,1706277
4.55,1700184
4.62,1700028
4.64,1698615
4.64,1693935
4.88,1691311
4.9,1689617
4.97,1687527
5.33,1684659
5.66,1683516
6.02,1663052
6.14,1662190
6.22,1661358
6.3,1660184
6.51,1648232
7.39,1646850
