0.01,7263435
0.01,6985224
0.01,6374743
0.02,6169188
0.02,6164836
0.02,6009073
0.02,5867975
0.03,5859662
0.04,5769067
0.04,5709185
0.05,5346369
0.06,5322971
0.06,5241517
0.07,5239607
0.08,5198839
0.09,5175902
0.1,5169472
0.1,5145580
0.1,5143386
0.11,5083628
0.12,4985046
0.13,4882053
0.13,4881018
0.13,4773036
0.13,4682800
0.14,4681913
0.14,4638800
0.14,4617532
0.15,4576100
0.15,4569678
0.15,4567351
0.16,4565563
0.17,4564708
0.18,4488924
0.19,4433442
0.22,4423205
0.23,4403239
0.23,4397308
0.23,4396354
0.23,4311236
0.27,4271856
0.28,4230050
0.28,4176068
0.3,4171991
0.3,4160451
0.31,4159047
0.31,4153328
0.32,4133181
0.32,4125843
0.32,4123043
0.32,4079998
0.33,4058716
0.35,4034282
0.36,4032225
0.36,4009938
0.38,3987888
0.38,3960351
0.39,3959640
0.41,3814676
0.44,3805528
0.45,3771026
0.47,3768092
0.47,3753566
0.49,3750960
0.49,3727617
0.5,3723251
0.51,3720588
0.52,3644286
0.55,3640183
0.55,3637670
0.58,3605598
0.6,3604569
0.64,3590577
0.66,3584260
0.66,3564283
0.66,3485540
0.68,3483032
0.68,3446772
0.7,3435381
0.72,3413938
0.74,3400794
0.74,3399322
0.75,3334275
0.79,3299006
0.79,3298483
0.8,3269331
0.81,3268733
0.82,3266070
0.83,3262161
0.83,3218932
0.84,3216132
0.85,3210646
0.86,3204037
0.88,3171864
0.92,3151887
0.93,3141603
0.96,3135749
1.02,3129929
1.02,3114544
1.03,3083121
1.04,3080760
1.04,3080321
1.05,3070868
1.05,3037391
1.06,3024793
1.11,3016275
1.14,3006129
1.2,2997882
1.21,2997020
1.25,2996163
1.25,2990677
1.25,2895098
1.26,2885480
1.27,2875505
1.3,2874757
1.33,2859386
1.33,2830749
1.35,2811169
1.36,2798134
1.41,2792648
1.44,2781643
1.44,2772156
1.45,2771406
1.46,2743656
1.47,2720784
1.48,2674388
1.49,2649473
1.52,2614651
1.56,2599210
1.57,2598167
1.61,2597640
1.62,2583256
1.65,2573516
1.65,2570429
1.66,2570353
1.66,2567829
1.67,2553730
1.68,2538646
1.68,2532771
1.69,2515615
1.72,2476165
1.72,2473762
1.75,2370618
1.75,2330488
1.81,2306477
1.87,2304074
1.9,2295567
1.92,2290396
1.92,2285142
1.94,2281523
1.95,2267862
2,2255707
2.02,2250657
2.06,2247204
2.11,2224754
2.18,2224473
2.23,2221354
2.24,2169161
2.29,2145375
2.34,2138273
2.34,2113630
2.38,2113372
2.42,2113196
2.44,2105451
2.45,2062057
2.46,2061924
2.48,2055211
2.49,2036064
2.53,2020985
2.54,1992098
2.57,1986844
2.62,1980564
2.62,1978028
2.69,1968518
2.7,1962582
2.71,1960791
2.72,1960260
2.72,1942695
2.73,1940945
2.73,1891286
2.76,1888508
2.79,1869072
2.83,1866347
2.84,1857667
2.87,1856364
2.89,1852655
2.92,1777402
2.96,1777236
2.99,1775607
3.02,1767438
3.06,1759286
3.22,1747789
3.32,1740660
3.35,1729056
3.38,1725866
3.66,1710621
3.99,1710538
4.06,1708135
4.12,1706569
4.3,1701025
4.8,1693474
4.81,1688850
5.02,1686306
5.08,1684813
5.1,1684441
5.32,1681381
5.63,1679247
5.79,1675663
6.06,1674800
6.17,1671554
6.49,1666029
6.66,1659587
7.01,1655228
7.03,1652825
7.27,1652710
7.33,1651577
7.34,1651488
7.69,1646168
8.09,1644252
8.21,1642212
8.31,1639809
