0,4511905
0,3919017
0.01,3726303
0.01,3665555
0.01,3550894
0.01,3536378
0.01,3518574
0.01,3478271
0.01,3470315
0.01,3443562
0.01,3395912
0.01,3090697
0.01,2713784
0.02,2693621
0.02,2684323
0.02,2611617
0.02,2391124
0.03,2383936
0.03,2288162
0.04,2274786
0.04,2105489
0.05,2104274
0.05,1878154
0.06,1865171
0.06,1848311
0.06,1842568
0.06,1830314
0.07,1817170
0.07,1814411
0.07,1789983
0.07,1788970
0.08,1747685
0.08,1743305
0.08,1727194
0.1,1720738
0.11,1707292
0.11,1685041
0.13,1674802
0.14,1665747
0.14,1661612
0.14,1640072
0.17,1631425
0.17,1627329
0.18,1607227
0.2,1569039
0.21,1567541
0.21,1565907
0.22,1563300
0.22,1560371
0.23,1559349
0.23,1539717
0.24,1537520
0.24,1527215
0.25,1523119
0.26,1518992
0.26,1514659
0.26,1501976
0.27,1501808
0.28,1499892
0.28,1490231
0.28,1478596
0.31,1472978
0.34,1470136
0.35,1465731
0.39,1460113
0.45,1458231
0.49,1453919
0.52,1442269
0.56,1440955
0.56,1440387
0.64,1439904
0.67,1439882
0.89,1439399
0.97,1438193
1.02,1437453
