0,4450286
0.01,4337836
0.01,4225895
0.01,4090194
0.01,4085642
0.01,4011680
0.01,3734785
0.01,3485916
0.01,3242563
0.02,3242473
0.02,3201538
0.02,3189687
0.02,3175309
0.02,3091144
0.02,3087250
0.02,3019650
0.02,2953525
0.03,2952147
0.03,2950481
0.03,2928919
0.03,2879166
0.04,2846187
0.04,2836592
0.04,2681046
0.05,2673204
0.05,2610399
0.05,2593615
0.06,2592330
0.06,2558905
0.06,2497150
0.07,2340146
0.07,2305623
0.08,2099052
0.09,2076676
0.09,2064579
0.09,2046229
0.09,2011931
0.11,2004610
0.11,2004304
0.11,1984493
0.12,1959718
0.12,1957002
0.12,1937580
0.12,1902504
0.13,1893219
0.13,1888958
0.14,1887497
0.14,1884674
0.14,1877971
0.15,1862028
0.16,1860013
0.17,1845497
0.18,1827892
0.18,1811909
0.19,1722542
0.19,1717498
0.2,1708007
0.21,1698701
0.22,1670933
0.23,1666449
0.23,1645003
0.25,1643867
0.25,1642077
0.26,1640895
0.26,1625129
0.28,1623045
0.28,1613384
0.29,1594758
0.33,1590488
0.39,1517494
0.41,1455240
0.42,1444935
0.43,1440134
0.45,1439348
0.49,1438998
0.53,1438212
0.55,1435646
0.55,1434906
0.64,1434860
0.68,1434120
0.77,1433649
