0,3982321
0.01,3872168
0.01,3647880
0.01,3586775
0.01,3291218
0.01,2617745
0.02,2606216
0.02,2205323
0.02,2186579
0.02,2167720
0.03,2161879
0.03,2146765
0.03,2123547
0.03,2116634
0.03,2107268
0.03,2002557
0.04,2001357
0.04,1958787
0.04,1940006
0.05,1934736
0.05,1880023
0.06,1869054
0.06,1862496
0.07,1815789
0.09,1777399
0.1,1768199
0.1,1761903
0.1,1756286
0.11,1746379
0.12,1732295
0.13,1690974
0.17,1681846
0.19,1675588
0.19,1672566
0.22,1635334
0.31,1635096
0.48,1634279
0.5,1629030
0.57,1622241
0.64,1610963
0.81,1587361
0.82,1567285
0.84,1444720
0.85,1439410
0.85,1437975
0.87,1436029
0.88,1431243
0.9,1419951
0.91,1417651
0.94,1417083
0.96,1414429
1.09,1411561
1.69,1408836
2.12,1404011
2.56,1403443
2.87,1402875
2.9,1402307
6.22,1401831
