0,3772357
0.01,3630606
0.01,3586494
0.01,3257598
0.01,3255986
0.01,3253117
0.01,3235583
0.01,3230858
0.01,3184440
0.02,2898064
0.02,2854278
0.02,2809503
0.02,2632519
0.02,2598133
0.03,2552359
0.03,2537949
0.03,2520791
0.03,2185841
0.04,2166144
0.04,2164030
0.05,2162179
0.05,2155335
0.05,2139739
0.05,2138479
0.05,2099521
0.06,2083585
0.07,1977416
0.08,1922693
0.09,1922306
0.09,1910433
0.1,1908425
0.11,1902422
0.12,1748442
0.13,1696868
0.13,1696230
0.14,1627001
0.15,1623598
0.16,1621324
0.17,1609646
0.17,1602714
0.19,1601590
0.2,1593687
0.21,1583532
0.21,1560632
0.21,1553478
0.24,1542398
0.26,1537633
0.27,1523966
0.28,1518207
0.28,1516352
0.3,1504826
0.31,1504086
0.33,1502507
0.34,1501386
0.34,1496861
0.34,1495589
0.35,1487512
0.38,1471420
0.39,1469355
0.43,1466366
0.44,1466258
0.44,1450770
0.47,1438648
0.48,1437512
0.51,1435552
0.55,1435226
0.57,1435066
0.6,1430324
0.69,1429584
