0.1,6980000
0.1,6870247
0.12,6833775
0.13,6810966
0.14,6721447
0.15,6714639
0.16,6696573
0.16,6666640
0.18,6598932
0.2,6565879
0.22,6565839
0.23,6548330
0.23,6537256
0.27,6531851
0.27,6498402
0.29,6492228
0.3,6469539
0.31,6379802
0.31,6317853
0.34,6313423
0.39,6311600
0.39,6211194
0.41,6210920
0.41,6191518
0.42,6147332
0.43,6131782
0.44,6107763
0.46,6077315
0.48,6074489
0.49,5984186
0.58,5980443
0.6,5972306
0.61,5925011
0.63,5922273
0.64,5919022
0.67,5913223
0.68,5888144
0.71,5869826
0.75,5799263
0.79,5784541
0.8,5782400
0.81,5743752
0.83,5738598
0.83,5737108
0.83,5736479
0.84,5731258
0.84,5723517
0.85,5720664
0.85,5713301
0.85,5710440
0.86,5695247
0.87,5651559
0.92,5616961
0.93,5595373
0.96,5574178
0.99,5564663
1,5558785
1,5522733
1.05,5505748
1.08,5494069
1.11,5491153
1.11,5462000
1.12,5449698
1.14,5446179
1.15,5433419
1.18,5428332
1.19,5419445
1.24,5409617
1.26,5387051
1.26,5384896
1.33,5337398
1.38,5323173
1.41,5318738
1.42,5313035
1.44,5310981
1.44,5304896
1.46,5246200
1.48,5243347
1.49,5243253
1.49,5227464
1.51,5210176
1.52,5202307
1.56,5190990
1.58,5189455
1.58,5186965
1.6,5181365
1.66,5164073
1.69,5161264
1.71,5159909
1.73,5158932
1.75,5152067
1.76,5128160
1.84,5093347
1.85,5091816
1.85,5082056
1.86,5079304
1.88,5070312
1.88,5059114
1.88,5027420
1.9,5014739
1.91,5012274
1.94,4989783
1.96,4971297
2,4968131
2.01,4957904
2.03,4956880
2.05,4953552
2.06,4953029
2.07,4948275
2.07,4904151
2.19,4892138
2.2,4872673
2.21,4867990
2.22,4857721
2.28,4841200
2.31,4788639
2.38,4787335
2.41,4750003
2.41,4744525
2.42,4726602
2.43,4648224
2.44,4644243
2.46,4628757
2.47,4628527
2.49,4621546
2.5,4620589
2.51,4611947
2.52,4575641
2.58,4556863
2.6,4539756
2.7,4499773
2.77,4485642
2.78,4476074
2.85,4470823
2.87,4460929
2.95,4444663
2.98,4444613
2.99,4429764
2.99,4329779
3.02,4329305
3.02,4327789
3.05,4327775
3.1,4325956
3.13,4324476
3.16,4323852
3.19,4198708
3.25,4189556
3.27,4182920
3.3,4118199
3.36,4109396
3.42,4106946
3.44,4105896
3.45,4099129
3.46,4064505
3.55,4064067
3.55,4021563
3.61,4017370
3.61,4016123
3.64,4011988
3.68,4011688
3.68,4006997
3.71,3996187
3.79,3984393
3.97,3939334
4.02,3851780
4.07,3818687
4.1,3808217
4.12,3807893
4.15,3807541
4.16,3802854
4.17,3800217
4.2,3773526
4.21,3767825
4.23,3765077
4.23,3763498
4.24,3763122
4.25,3760488
4.25,3760376
4.26,3760275
4.27,3728292
4.36,3719727
4.5,3663076
4.58,3660418
4.6,3657760
4.61,3654976
4.61,3651611
4.7,3649562
4.71,3648579
4.72,3644288
4.79,3643923
4.95,3642215
4.96,3636036
4.97,3552460
5.1,3547083
5.14,3546040
5.15,3529539
5.15,3528150
5.2,3519846
5.27,3516145
5.29,3514887
5.29,3512534
5.3,3506320
5.36,3490910
5.36,3487215
5.4,3477811
5.53,3474580
5.55,3473935
5.57,3468879
5.6,3466028
5.61,3465796
5.61,3465284
5.61,3457856
5.7,3452656
5.73,3431778
5.75,3431349
5.78,3421789
5.83,3414193
5.85,3414178
5.86,3414130
5.87,3397276
5.88,3392046
5.9,3377583
5.97,3375501
6.04,3374641
6.06,3370466
6.14,3368483
6.16,3367403
6.18,3361544
6.2,3353855
6.3,3352195
6.42,3333344
6.45,3332927
6.45,3331460
6.49,3329786
6.51,3321411
6.52,3268010
6.53,3267801
6.53,3267437
6.56,3263481
6.62,3257979
6.68,3241838
6.75,3229473
6.76,3229081
6.82,3218907
6.84,3216418
6.89,3198229
6.91,3197045
6.93,3195261
7.08,3182324
7.09,3180457
7.1,3173730
7.12,3170664
7.31,3169400
7.37,3157097
7.44,3151531
7.53,3140650
7.57,3132994
7.58,3123935
7.69,3105084
7.69,3104624
7.75,3102297
7.8,3099460
7.81,3070468
7.94,3057619
8.09,3053438
8.18,3049902
8.29,3048271
8.47,3038928
8.49,2962054
8.52,2953388
8.55,2953247
8.57,2953007
8.58,2927589
8.62,2922802
8.66,2920924
8.68,2885718
8.75,2882661
8.78,2876819
8.83,2876635
8.86,2844209
8.88,2841496
9,2827325
9.14,2826680
9.14,2812448
9.34,2803797
9.51,2796683
9.52,2795086
9.54,2789198
9.58,2787970
9.59,2787609
9.61,2778113
9.63,2765949
9.69,2765694
9.72,2762059
9.82,2751452
9.86,2740356
9.93,2733817
10.05,2709259
10.06,2690411
10.22,2690276
10.3,2671502
10.44,2663030
10.55,2658391
10.66,2650457
10.69,2639886
10.78,2627910
10.94,2620034
10.98,2618719
10.99,2618263
11.08,2570641
11.11,2565962
11.34,2565127
11.37,2561277
11.39,2560046
11.4,2556044
11.43,2544008
11.56,2533902
11.69,2532431
11.71,2530701
11.79,2526323
11.86,2525773
11.87,2525065
11.9,2522036
11.98,2516714
12.23,2512128
12.32,2511585
12.41,2510715
12.41,2507179
12.59,2505533
12.7,2504204
12.7,2484723
12.92,2483924
13.03,2483917
13.09,2482586
13.11,2480451
13.13,2469398
13.15,2468536
13.15,2467005
13.25,2460466
13.26,2459725
13.3,2450681
13.42,2447958
13.51,2443908
13.57,2442438
13.65,2441931
13.7,2441105
13.73,2439315
13.75,2438619
13.94,2437665
14.02,2436996
14.06,2430963
14.12,2430802
14.21,2411981
14.22,2411893
14.27,2411607
14.36,2410114
14.52,2398962
14.6,2384592
14.63,2381245
14.67,2374153
14.69,2371659
14.76,2370635
14.77,2369320
14.96,2365194
15.11,2364028
15.18,2363559
15.19,2362440
15.21,2360905
15.31,2360766
15.31,2338980
15.34,2336803
15.36,2336559
15.4,2334659
15.43,2333300
15.49,2332868
15.57,2332785
15.66,2331140
15.67,2324066
15.71,2322032
15.77,2320729
15.8,2314272
15.82,2309823
15.95,2309283
15.99,2306435
16.02,2302552
16.04,2302163
16.06,2301357
16.07,2300518
16.1,2298755
16.21,2296100
16.26,2289312
16.41,2284162
16.42,2281706
16.52,2279668
16.55,2278140
16.71,2270306
16.77,2267896
16.85,2267648
16.87,2266665
16.99,2259915
17.07,2258571
17.08,2253243
17.11,2251844
17.18,2243894
17.29,2240048
17.56,2237830
17.61,2237657
17.63,2237395
17.64,2234142
17.67,2205029
17.8,2203618
17.8,2202998
17.8,2201781
17.84,2199621
17.85,2184978
18,2184851
18.08,2178522
18.1,2172667
18.13,2166588
18.21,2165796
18.26,2165704
18.29,2163027
18.34,2153074
18.54,2150797
18.54,2148157
18.57,2142526
18.71,2138215
18.72,2136550
18.75,2134835
18.81,2132203
18.85,2130412
18.91,2128346
18.93,2119060
19,2116605
19.02,2109252
19.06,2102135
19.13,2098980
19.18,2091808
19.24,2086834
19.26,2086662
19.32,2084218
19.41,2083129
19.45,2083078
19.53,2080336
19.55,2079484
19.61,2077874
19.63,2077445
19.82,2076461
19.89,2075504
19.93,2074211
19.93,2074179
19.95,2073470
19.95,2070961
