0.1,6994624
0.12,6982533
0.12,6964437
0.13,6946250
0.13,6833306
0.15,6828431
0.15,6780524
0.17,6690761
0.19,6648300
0.2,6613209
0.22,6582317
0.22,6579883
0.23,6570000
0.24,6569786
0.25,6550316
0.25,6545674
0.26,6511174
0.29,6441457
0.32,6417919
0.32,6406566
0.33,6364077
0.33,6363990
0.34,6356405
0.35,6343639
0.35,6337797
0.35,6283713
0.37,6282257
0.38,6254838
0.4,6241029
0.41,6216286
0.42,6185714
0.44,6183875
0.45,6173305
0.47,6110751
0.47,6107295
0.49,6079262
0.54,6057849
0.57,6054581
0.58,6052382
0.59,5987883
0.62,5903004
0.66,5885849
0.7,5827760
0.72,5809713
0.73,5809155
0.73,5805771
0.73,5705900
0.75,5704694
0.76,5700212
0.78,5697295
0.79,5692580
0.8,5685319
0.81,5685057
0.83,5684643
0.85,5651987
0.89,5603287
0.91,5576401
0.94,5575700
0.94,5566703
0.97,5550700
0.99,5518753
1.04,5495377
1.05,5485422
1.06,5482833
1.07,5481702
1.08,5474545
1.08,5447964
1.14,5436642
1.15,5436633
1.16,5428080
1.17,5425141
1.17,5405163
1.18,5402756
1.18,5391355
1.22,5351330
1.26,5350887
1.27,5319797
1.28,5304254
1.29,5238980
1.35,5231195
1.36,5210271
1.37,5200564
1.45,5193141
1.48,5190582
1.48,5158049
1.52,5153727
1.52,5149902
1.55,5138232
1.56,5126040
1.57,5121354
1.6,5106563
1.64,5090258
1.66,5076730
1.67,5075856
1.67,5059926
1.7,5056447
1.74,5053309
1.76,5040217
1.81,5037900
1.82,5031922
1.84,4975382
2.11,4973225
2.3,4941970
2.35,4938150
2.36,4929322
2.43,4920583
2.49,4891028
2.53,4872093
2.57,4850373
2.58,4845737
2.59,4784537
2.71,4781194
2.74,4773018
2.77,4764714
2.82,4743614
2.82,4707853
2.87,4705159
2.88,4701051
2.89,4696526
2.89,4696067
2.9,4692287
2.92,4691011
2.97,4684801
3.16,4684709
3.17,4678568
3.19,4674401
3.19,4671690
3.21,4665824
3.23,4660083
3.25,4646057
3.28,4638740
3.3,4629428
3.35,4623457
3.35,4623370
3.35,4611314
3.41,4606817
3.45,4595072
3.48,4584575
3.51,4578798
3.52,4570210
3.57,4559021
3.59,4538889
3.6,4533327
3.71,4516479
3.72,4515380
3.73,4506529
3.76,4506491
3.77,4505198
3.78,4476877
3.79,4470915
3.8,4469795
3.8,4454952
3.83,4453599
3.84,4443619
3.89,4442461
3.9,4441540
3.91,4421224
3.92,4411437
3.98,4401015
3.99,4394371
4,4316833
4,4292099
4.04,4288400
4.04,4285990
4.04,4280485
4.07,4279541
4.07,4276011
4.1,4275148
4.14,4273425
4.16,4272282
4.16,4250576
4.19,4249400
4.2,4240837
4.21,4237142
4.22,4231000
4.28,4223028
4.29,4204797
4.29,4200558
4.34,4184222
4.37,4148348
4.39,4143872
4.4,4137311
4.41,4123838
4.48,4120697
4.58,4114469
4.58,4097392
4.68,4095116
4.7,4079022
4.75,4076298
4.82,4074195
4.83,4066365
4.83,4015093
4.84,4014731
4.84,4008187
4.86,4005440
4.88,3993526
4.91,3987511
4.96,3984643
5,3980892
5.01,3980662
5.03,3976942
5.09,3970449
5.1,3910094
5.21,3903397
5.23,3903347
5.25,3893901
5.27,3884938
5.29,3882065
5.32,3877416
5.38,3842470
5.43,3841653
5.45,3835724
5.48,3833035
5.48,3829818
5.51,3829260
5.55,3823153
5.57,3818697
5.6,3812698
5.64,3810307
5.65,3781828
5.7,3779773
5.72,3778183
5.74,3775936
5.79,3774323
5.81,3771863
5.82,3764504
5.85,3761873
5.86,3760891
5.92,3752916
6.03,3750861
6.04,3736170
6.16,3720047
6.28,3685589
6.31,3670277
6.37,3646206
6.42,3634114
6.54,3631020
6.59,3628903
6.67,3621440
6.68,3615685
6.75,3590397
6.91,3560421
7.18,3556874
7.18,3548221
7.49,3539775
7.5,3531948
7.62,3522636
7.66,3522198
7.66,3492361
7.74,3491576
7.9,3490680
7.92,3488401
7.92,3480030
7.98,3479912
7.99,3477607
8.03,3474901
8.04,3474212
8.07,3473940
8.08,3466347
8.14,3461270
8.16,3460153
8.17,3456052
8.17,3452002
8.18,3443434
8.19,3440013
8.26,3438531
8.26,3436181
8.31,3431556
8.36,3429968
8.41,3423073
8.5,3410285
8.67,3384557
8.8,3381538
8.85,3378279
8.85,3374806
8.91,3357552
8.98,3347371
9.22,3338922
9.23,3288382
9.47,3286906
9.5,3252003
9.89,3251161
10.01,3249148
10.02,3245651
10.19,3236249
10.37,3235471
10.38,3235104
10.4,3234480
10.41,3232735
10.45,3232548
10.46,3226698
10.47,3222336
10.49,3213954
10.54,3213302
10.57,3212768
10.61,3211228
10.62,3209592
10.62,3202180
10.63,3201979
10.71,3197155
10.72,3147051
10.82,3144490
10.84,3144417
10.86,3137804
10.98,3127060
11,3105751
11.37,3104754
11.49,3103423
11.5,3081247
11.62,3078250
11.65,3075533
11.66,3060991
11.67,3055024
11.67,3039937
11.7,3024766
11.87,3023952
12.16,3023750
12.18,3012723
12.22,3003773
12.24,3002702
12.25,2998852
12.29,2996731
12.51,2996424
12.64,2991080
12.67,2985878
12.71,2984783
12.8,2983580
12.83,2979724
12.9,2946451
13.01,2938423
13.29,2929004
13.35,2927578
13.39,2925190
13.41,2899715
13.47,2896326
13.6,2886615
13.72,2883626
13.9,2877390
13.96,2877341
13.98,2854276
14.03,2854265
14.04,2853754
14.06,2853648
14.1,2851732
14.19,2850422
14.2,2827008
14.26,2824167
14.31,2823236
14.36,2820954
14.4,2808563
14.47,2807605
14.5,2806064
14.62,2802584
14.65,2794110
14.66,2794067
14.69,2783117
14.73,2782093
14.73,2780173
14.94,2776537
14.97,2772722
15,2766402
15.02,2766025
15.03,2764310
15.05,2763554
15.08,2761641
15.09,2741577
15.14,2738686
15.29,2736980
15.3,2732918
15.36,2731077
15.4,2725683
15.42,2725512
15.44,2724760
15.49,2720460
15.5,2715237
15.54,2714140
15.54,2704226
15.72,2700628
15.77,2677138
15.87,2672904
15.97,2657577
15.97,2624226
16.18,2614463
16.22,2612417
16.25,2612410
16.28,2607110
16.34,2596559
16.46,2594697
16.5,2594448
16.53,2589619
16.57,2588899
16.61,2584751
16.65,2584355
16.65,2582042
16.79,2581744
16.82,2579093
16.85,2574409
16.85,2574147
16.86,2560948
16.89,2557991
16.99,2557407
17.2,2530669
17.57,2524786
17.85,2523870
17.87,2522637
17.91,2522597
17.92,2521984
17.95,2519770
18,2512082
18.19,2499786
18.23,2497976
18.28,2496074
18.32,2481958
18.41,2477462
18.51,2477123
18.54,2476979
18.6,2476369
18.66,2476363
18.69,2476345
18.7,2471645
18.74,2471310
18.77,2467315
18.92,2466487
18.92,2417414
19.02,2416453
19.05,2414126
19.13,2413907
19.19,2390093
19.22,2388391
19.28,2387156
19.29,2384779
19.32,2381208
19.36,2372653
19.43,2372367
19.44,2361640
19.46,2360878
19.47,2359652
19.5,2337396
19.76,2334965
19.85,2283003
19.93,2281529
19.94,2275451
