0.09,6781165
0.12,6703026
0.13,6660359
0.14,6603763
0.17,6535900
0.19,6350835
0.21,6350772
0.22,6281463
0.24,6266599
0.24,6255892
0.25,6244077
0.27,6239645
0.28,6150526
0.31,6137713
0.31,6126000
0.33,6118701
0.34,6093957
0.36,6088724
0.37,6086633
0.38,6068693
0.42,6066522
0.43,6065065
0.45,6063925
0.46,5990053
0.47,5945266
0.48,5889593
0.5,5881643
0.54,5873105
0.54,5865888
0.56,5864145
0.56,5862555
0.56,5841060
0.56,5829782
0.57,5806970
0.6,5806731
0.61,5805649
0.62,5804934
0.64,5804621
0.65,5775363
0.67,5730128
0.68,5717219
0.7,5690320
0.71,5627763
0.71,5584678
0.72,5563695
0.73,5501855
0.78,5499215
0.8,5437818
0.83,5405759
0.84,5396104
0.86,5389752
0.88,5387035
0.9,5382803
0.92,5376756
0.94,5372881
0.95,5355811
0.97,5346224
1.02,5344750
1.03,5343295
1.04,5340759
1.06,5281873
1.12,5281500
1.14,5264949
1.15,5254816
1.16,5248043
1.16,5247328
1.19,5245263
1.21,5244983
1.21,5166586
1.23,5142803
1.24,5141777
1.24,5139165
1.24,5125795
1.25,5122524
1.26,5109975
1.29,5021042
1.34,5002534
1.36,4972905
1.4,4967781
1.41,4956122
1.44,4950784
1.48,4945473
1.51,4944679
1.51,4935913
1.53,4900043
1.54,4894077
1.62,4890778
1.65,4888058
1.66,4887515
1.68,4866309
1.75,4864462
1.77,4854988
1.81,4830921
1.87,4830909
1.9,4822195
1.95,4819648
1.96,4812820
1.97,4810266
1.97,4779038
2.03,4776110
2.04,4766593
2.04,4756164
2.07,4738756
2.09,4707165
2.09,4700251
2.1,4671991
2.13,4657943
2.14,4652913
2.18,4637842
2.2,4637158
2.21,4637046
2.25,4632696
2.25,4628868
2.27,4627314
2.32,4616745
2.33,4605680
2.35,4596270
2.35,4593754
2.35,4577503
2.37,4576684
2.41,4575462
2.41,4573498
2.42,4545139
2.43,4539321
2.44,4524091
2.49,4508573
2.55,4504689
2.56,4500126
2.57,4494556
2.57,4487971
2.58,4401683
2.64,4401234
2.65,4385641
2.7,4371331
2.74,4371284
2.75,4359263
2.8,4357530
2.81,4340687
2.82,4330071
2.85,4300582
2.87,4295847
2.88,4293820
2.88,4279994
2.89,4276812
2.89,4272678
2.91,4259563
2.99,4244221
3.01,4238669
3.07,4226188
3.11,4198929
3.12,4167271
3.17,4159994
3.19,4134227
3.2,4132037
3.2,4117988
3.24,4117223
3.26,4114525
3.26,4113407
3.27,4093920
3.28,4010570
3.3,3985517
3.3,3961655
3.33,3959632
3.35,3921939
3.44,3921863
3.45,3921376
3.46,3911076
3.47,3901042
3.5,3895454
3.51,3877261
3.55,3856487
3.57,3845119
3.57,3824754
3.58,3783895
3.63,3779891
3.69,3778923
3.7,3773954
3.71,3758345
3.76,3750501
3.83,3747642
3.85,3741990
3.87,3739484
3.93,3737759
3.97,3725609
4.02,3720713
4.02,3712910
4.03,3700537
4.03,3700001
4.03,3699713
4.03,3681865
4.09,3679107
4.11,3675451
4.12,3673376
4.14,3663495
4.15,3641897
4.21,3641482
4.32,3639620
4.32,3601894
4.4,3596821
4.44,3590199
4.49,3588611
4.5,3575875
4.55,3573706
4.61,3569327
4.63,3559773
4.73,3549611
4.83,3547640
4.86,3544675
4.94,3538350
5.07,3534520
5.11,3529273
5.15,3523402
5.16,3517835
5.17,3516822
5.19,3508156
5.2,3506312
5.21,3502770
5.24,3488649
5.33,3481679
5.34,3481237
5.37,3476022
5.39,3475765
5.4,3472217
5.41,3467726
5.53,3459985
5.65,3456326
5.65,3446875
5.65,3391584
5.72,3385256
5.82,3376019
5.93,3358112
5.94,3354756
5.99,3331259
6.02,3328249
6.04,3328139
6.05,3325481
6.07,3322268
6.15,3313946
6.19,3310162
6.28,3305165
6.28,3303301
6.39,3301957
6.4,3295318
6.47,3274039
6.51,3264225
6.66,3263917
6.69,3253421
6.71,3244763
6.95,3240175
6.95,3226728
7.02,3221176
7.03,3218856
7.07,3218555
7.13,3218063
7.14,3210582
7.17,3182980
7.17,3181377
7.22,3180392
7.27,3162539
7.34,3162472
7.35,3157781
7.59,3106074
7.66,3096346
7.73,3092765
7.79,3087823
7.83,3076868
7.89,3075588
7.91,3066209
7.94,3064679
7.96,3058823
8.01,3057748
8.02,3053109
8.06,3040395
8.12,3039364
8.12,3038792
8.26,3031216
8.68,3026235
8.69,2976392
8.71,2975282
8.74,2971905
8.75,2963585
8.79,2957860
8.87,2949091
8.98,2947413
9.01,2944641
9.06,2942667
9.3,2942523
9.6,2942437
9.8,2939591
9.8,2932377
10.02,2932109
10.05,2930719
10.1,2927078
10.2,2925459
10.23,2910533
10.27,2908523
10.3,2884305
10.35,2883960
10.36,2860453
10.43,2850590
10.56,2848862
10.58,2846989
10.62,2846855
10.62,2843355
10.66,2841889
10.66,2841098
10.72,2836489
10.74,2832003
10.74,2830381
10.77,2827447
10.86,2825054
10.88,2823850
10.89,2821098
10.9,2810282
10.9,2808149
10.93,2803308
10.95,2795861
10.98,2795329
11.07,2792525
11.09,2771392
11.18,2767876
11.25,2754581
11.3,2726269
11.36,2722758
11.36,2692077
11.4,2688538
11.44,2684043
11.45,2682010
11.48,2681843
11.53,2680872
11.59,2677334
11.72,2676802
11.78,2668663
12.07,2667107
12.12,2665757
12.4,2661101
12.63,2660297
12.65,2651785
12.9,2648993
12.99,2646927
13.03,2646129
13.31,2642749
13.33,2641513
13.49,2640493
13.64,2638785
14.31,2635532
14.46,2634610
14.95,2623313
15.47,2616780
15.51,2603220
15.77,2602543
15.89,2586045
16.35,2557235
16.54,2555936
16.59,2548738
16.61,2544122
16.62,2543094
16.77,2542864
16.8,2542163
16.81,2541023
16.82,2540423
16.82,2538166
16.9,2536025
16.99,2532614
17.08,2531222
17.18,2528482
17.54,2524496
17.71,2523425
17.75,2510020
17.91,2508288
18.01,2499877
18.08,2494325
18.12,2485058
18.2,2480318
18.28,2479765
18.31,2468795
18.32,2466435
18.37,2463811
18.59,2463792
18.67,2438988
18.73,2432250
18.8,2428729
18.86,2428307
18.87,2426303
18.94,2392097
18.98,2391746
19.33,2387552
19.35,2386370
19.46,2382386
19.59,2370530
19.79,2366045
19.86,2361970
19.93,2361842
19.93,2343425
