0.13,6994624
0.13,6946247
0.13,6882449
0.14,6832334
0.15,6766606
0.18,6653821
0.2,6639136
0.24,6597850
0.25,6582708
0.26,6574592
0.28,6573903
0.3,6474772
0.32,6458554
0.33,6357185
0.33,6307356
0.36,6302874
0.36,6296358
0.37,6277801
0.42,6269656
0.42,6242919
0.43,6223924
0.48,6221602
0.48,6198710
0.49,6120232
0.54,6113312
0.55,6070188
0.55,6069784
0.56,6055405
0.57,6036272
0.59,6022994
0.64,6012137
0.69,5927944
0.69,5927288
0.7,5917238
0.72,5914220
0.73,5911508
0.74,5898968
0.75,5897512
0.81,5891080
0.82,5889423
0.82,5884094
0.83,5876238
0.83,5871986
0.84,5857440
0.85,5853782
0.86,5832158
0.91,5801225
0.96,5797659
0.97,5796729
0.99,5795221
1.01,5771682
1.02,5727415
1.04,5717280
1.04,5623900
1.05,5614921
1.06,5606100
1.07,5603025
1.07,5600910
1.08,5585720
1.1,5577205
1.1,5576212
1.13,5553110
1.15,5540627
1.19,5476874
1.24,5466387
1.28,5430202
1.28,5427319
1.31,5424197
1.31,5422097
1.35,5421629
1.37,5419864
1.38,5405445
1.39,5393022
1.4,5377855
1.42,5357384
1.45,5354595
1.46,5329092
1.48,5323198
1.5,5310652
1.53,5306251
1.54,5305849
1.58,5288819
1.6,5280356
1.61,5244746
1.66,5234561
1.72,5223392
1.76,5196424
1.77,5155282
1.87,5152813
1.88,5073922
1.88,5061047
1.91,5057590
1.93,5014241
1.95,5012635
1.95,5011798
1.95,5008802
1.99,5005236
2,4928378
2.05,4915263
2.06,4913212
2.07,4907427
2.08,4904216
2.08,4885418
2.08,4884893
2.08,4881481
2.11,4867056
2.12,4866890
2.13,4845900
2.14,4813396
2.24,4805980
2.25,4794720
2.26,4764362
2.4,4744042
2.43,4741768
2.46,4741499
2.46,4730416
2.47,4689687
2.52,4689296
2.56,4618390
2.58,4612202
2.58,4593998
2.59,4593631
2.59,4592515
2.6,4589100
2.65,4588168
2.67,4549557
2.75,4532389
2.77,4525751
2.77,4498450
2.98,4489941
3.05,4486956
3.07,4486110
3.12,4485975
3.13,4475682
3.15,4469981
3.19,4381936
3.21,4381884
3.21,4381210
3.22,4380478
3.22,4364492
3.28,4358528
3.34,4346949
3.37,4329393
3.53,4327950
3.54,4311935
3.57,4224842
3.63,4196591
3.64,4191241
3.66,4164154
3.73,4163650
3.73,4110844
3.79,4110169
3.81,4107933
3.82,4082847
3.84,4068836
3.85,4063950
3.86,4059633
3.88,4053368
3.92,4053336
3.96,4030459
3.98,4029366
3.98,4027063
3.99,4024580
4.03,4006614
4.04,4004243
4.06,4003965
4.07,4003842
4.08,4002022
4.1,3979168
4.1,3957234
4.13,3954292
4.15,3945165
4.18,3935897
4.18,3924536
4.19,3825055
4.3,3821330
4.32,3811625
4.32,3811131
4.35,3810657
4.36,3809470
4.41,3774289
4.52,3761752
4.59,3758196
4.61,3751886
4.64,3751578
4.66,3743138
4.68,3684689
4.73,3677673
4.73,3666720
4.77,3662885
4.8,3656131
4.84,3647991
4.85,3637739
4.85,3634641
4.87,3634476
4.91,3634198
4.92,3628854
4.96,3624990
4.98,3622069
4.98,3618160
5,3611728
5.05,3609354
5.12,3595303
5.19,3582127
5.21,3581403
5.23,3578085
5.25,3574573
5.33,3573664
5.39,3566355
5.39,3550686
5.46,3550675
5.48,3550537
5.52,3550261
5.53,3536930
5.53,3536216
5.54,3522648
5.57,3519441
5.59,3518410
5.6,3514994
5.6,3514052
5.68,3512058
5.75,3509472
5.83,3507953
5.89,3503394
5.91,3490448
6.06,3488325
6.09,3482233
6.1,3481854
6.13,3477967
6.19,3460847
6.22,3434809
6.39,3434587
6.59,3433302
6.59,3424556
6.63,3423736
6.73,3421387
6.73,3421012
6.73,3383310
6.79,3380001
6.86,3323947
6.86,3322679
6.9,3321150
6.95,3317953
6.99,3286960
7.23,3285544
7.29,3282227
7.39,3251019
7.46,3250821
7.48,3249128
7.77,3241878
7.78,3233789
7.8,3189470
7.85,3186733
7.89,3183836
7.89,3182640
7.9,3180715
7.95,3178286
7.96,3175007
8.17,3173675
8.36,3170408
8.39,3159937
8.66,3158457
8.8,3155821
8.92,3148141
9.07,3138859
9.09,3137262
9.1,3109178
9.14,3108912
9.15,3108044
9.17,3107590
9.21,3107059
9.23,3106345
9.29,3106220
9.32,3103367
9.78,3101242
9.8,3099538
9.81,3097225
9.87,3097195
9.87,3091340
9.92,3090731
10,3087937
10.07,3066847
10.26,3065554
10.32,3053431
10.39,3049130
10.51,3045606
10.55,3011258
10.95,3001354
10.96,2998660
10.97,2996023
11.01,2994558
11.09,2987210
11.24,2986857
11.47,2986810
11.5,2984880
11.54,2984080
11.56,2979722
11.57,2978981
11.58,2978250
11.62,2972343
11.7,2964851
11.71,2963046
11.81,2946458
11.83,2937260
11.89,2932973
11.96,2930034
12.12,2928242
12.32,2914735
12.46,2907236
12.56,2905085
12.67,2904648
12.69,2902428
12.7,2901938
12.73,2901125
12.8,2899762
12.95,2892796
13.05,2869212
13.11,2858424
13.3,2849043
13.45,2839298
13.51,2835790
13.51,2835743
13.53,2832419
13.57,2822820
13.65,2814849
13.7,2813462
13.85,2810974
13.88,2804752
14.14,2797767
14.56,2795561
14.65,2790595
14.85,2790008
14.88,2789992
14.93,2787186
15.04,2777991
15.21,2712423
15.23,2710922
15.25,2707068
15.44,2699976
15.44,2696505
15.52,2694394
15.52,2693151
15.57,2693088
15.57,2690405
15.6,2686364
15.6,2685966
15.7,2685051
15.71,2676272
15.72,2671911
15.77,2666192
15.83,2662732
15.84,2659609
15.99,2657863
16.11,2657385
16.12,2656853
16.18,2656140
16.19,2655235
16.24,2644692
16.35,2641168
16.35,2639404
16.4,2635465
16.44,2624283
16.51,2620303
16.63,2615105
16.65,2614217
16.84,2594603
16.91,2594383
17.05,2592778
17.05,2591094
17.06,2588668
17.08,2586731
17.12,2585150
17.17,2578574
17.2,2577319
17.28,2576719
17.35,2576333
17.39,2563840
17.46,2561623
17.53,2556288
17.6,2555951
17.74,2554756
17.79,2554305
17.81,2553911
17.84,2552497
17.87,2550944
18,2548086
18.07,2548062
18.08,2533296
18.08,2528104
18.25,2527827
18.36,2525924
18.36,2510991
18.38,2510662
18.39,2505792
18.79,2503513
18.84,2503476
18.87,2502788
18.87,2499482
18.95,2499064
19.01,2495148
19.04,2495039
19.07,2493168
19.11,2491755
19.23,2490789
19.27,2479691
19.31,2473353
19.31,2467890
19.35,2467086
19.36,2453799
19.52,2446249
19.71,2431061
19.83,2418960
19.86,2398064
19.95,2396124
