0.02,5906104
0.02,5842006
0.03,5825854
0.03,5597612
0.03,5545915
0.03,5501431
0.03,5439304
0.04,5419699
0.04,5401466
0.04,5330539
0.04,5279016
0.05,5232165
0.05,5171329
0.06,5155514
0.06,5128796
0.06,5116235
0.07,4998510
0.07,4988633
0.08,4966506
0.08,4921641
0.09,4780083
0.1,4716797
0.11,4713537
0.11,4618319
0.11,4534083
0.12,4461158
0.13,4345156
0.15,4343673
0.16,4329845
0.18,4316835
0.18,4286335
0.18,4242125
0.19,4174035
0.2,4159845
0.2,4139085
0.21,4094342
0.21,4081123
0.24,4079379
0.26,4075994
0.26,4023167
0.26,3983943
0.3,3956573
0.31,3911275
0.31,3904016
0.32,3850779
0.34,3818034
0.34,3760478
0.34,3750013
0.34,3576671
0.36,3575377
0.36,3571367
0.36,3543649
0.37,3505210
0.38,3501618
0.39,3491447
0.39,3462470
0.39,3456478
0.4,3430865
0.41,3412382
0.42,3398994
0.42,3364127
0.44,3361662
0.44,3328655
0.46,3328634
0.46,3326107
0.47,3325189
0.47,3298989
0.47,3289322
0.49,3244692
0.5,3231157
0.5,3215201
0.51,3190352
0.52,3179963
0.53,3107146
0.55,3092416
0.57,3060680
0.57,3011331
0.61,3003243
0.63,2988105
0.63,2978995
0.63,2978010
0.64,2958086
0.68,2919042
0.7,2902474
0.77,2881820
0.83,2869798
0.84,2864382
0.85,2862033
0.85,2835609
0.86,2786016
0.88,2780979
0.88,2767557
0.89,2750927
0.91,2750146
0.93,2744904
0.93,2701692
1.02,2646291
1.07,2597875
1.07,2548172
1.09,2530502
1.09,2512718
1.11,2495833
1.12,2478009
1.15,2475862
1.16,2468963
1.16,2412222
1.16,2402797
1.17,2399461
1.17,2383066
1.18,2379085
1.18,2378980
1.19,2374007
1.22,2356735
1.27,2340050
1.28,2336364
1.29,2335083
1.32,2326017
1.33,2307339
1.35,2305402
1.4,2295073
1.4,2285867
1.41,2274073
1.45,2273921
1.74,2269838
1.79,2263140
1.83,2260624
1.93,2254184
1.94,2252595
1.94,2247268
1.97,2231186
2.01,2220730
2.03,2205461
2.05,2197949
2.06,2183756
2.12,2183525
2.13,2144192
2.26,2142888
2.29,2140383
2.33,2101952
2.33,2088970
2.36,2083357
2.38,2082041
2.39,2073505
2.4,2056950
2.43,2045354
2.46,2032555
2.49,2030630
2.49,1997762
2.69,1964246
2.71,1959914
2.84,1944640
2.85,1937199
2.95,1932405
2.95,1915822
2.97,1884012
2.97,1883700
3.02,1873428
3.05,1872416
3.06,1827635
3.14,1826717
3.19,1819350
3.2,1818640
3.24,1816398
3.26,1814359
3.27,1809923
3.28,1788093
3.3,1785360
3.3,1781831
3.34,1777223
3.34,1772988
3.41,1768230
3.44,1764704
3.48,1764378
3.51,1762226
3.56,1760597
3.59,1757705
3.59,1752343
3.61,1748286
3.63,1742808
3.68,1737859
3.68,1736376
3.79,1733249
3.81,1729745
3.82,1729459
3.83,1728467
3.88,1720478
3.9,1717867
3.9,1712478
4.03,1688113
4.16,1681522
4.18,1677954
4.2,1676813
4.23,1673255
4.24,1670458
4.3,1648595
4.31,1646586
4.32,1643675
4.33,1638199
4.33,1630890
4.41,1596446
4.44,1593649
4.46,1580935
4.48,1571793
4.49,1566717
4.52,1529880
4.57,1529631
4.58,1527123
4.61,1526475
4.62,1522831
4.67,1478236
4.88,1478234
4.89,1477939
4.9,1477748
4.9,1475892
4.9,1463144
4.92,1462340
4.94,1459594
4.94,1449096
4.95,1447941
5.02,1442507
5.09,1441392
5.11,1439823
5.12,1433996
5.14,1424770
5.18,1419709
5.18,1418462
5.24,1405212
5.27,1405099
5.28,1401007
5.39,1398674
5.44,1395420
5.46,1393980
5.5,1386967
5.56,1382875
5.6,1377131
5.64,1374660
5.66,1369616
5.71,1368893
5.77,1362649
5.87,1361494
5.93,1355334
6.06,1349955
6.1,1346838
6.12,1344978
6.13,1339914
6.17,1325945
6.18,1325109
6.18,1324237
6.21,1323640
6.27,1322352
6.3,1307227
6.46,1282255
6.67,1276805
6.7,1272821
6.79,1270281
6.79,1268602
6.81,1265006
6.84,1263546
6.91,1257636
7.08,1256481
7.1,1246854
7.11,1246801
7.15,1245212
7.17,1245021
7.19,1224740
7.27,1223592
7.3,1222923
7.31,1220741
7.32,1219283
7.34,1208523
7.42,1205726
7.46,1205156
7.51,1189883
7.66,1189164
7.76,1185487
7.93,1185407
7.96,1185174
8.14,1180467
8.77,1172035
9.18,1171098
9.31,1138591
9.47,1138189
9.68,1131544
9.78,1128683
9.81,1127528
9.81,1110746
9.87,1108076
9.87,1102082
10.17,1097750
10.2,1093154
10.24,1092152
10.26,1091181
10.27,1090790
10.34,1090622
10.36,1089452
10.38,1088367
10.58,1088261
10.72,1086091
10.74,1077321
10.77,1077088
10.87,1073447
10.91,1072525
11.18,1065536
11.33,1064614
11.34,1059215
11.41,1056240
11.5,1055889
11.51,1052483
11.79,1047843
11.84,1047610
11.96,1045668
12.12,1043147
12.14,1042527
12.16,1042402
12.27,1035155
12.41,1035076
12.54,1033728
12.62,1032768
12.63,1032581
12.66,1032209
12.71,1032084
12.92,1023942
13.23,1023586
13.3,1022552
13.38,1022440
13.93,1022105
14,1020246
14.26,1020212
14.26,1018788
14.52,1014116
14.64,1012705
14.89,1010660
15.23,1010372
15.43,1009064
15.54,1008991
16.03,1008874
16.12,1008663
16.32,1004278
16.64,1003369
16.86,1003260
17.03,1002973
17.08,1002263
17.44,1001801
17.64,998897
17.73,992414
17.99,988891
18.15,986718
18.37,984819
18.5,984416
18.52,984266
18.55,983089
18.66,983018
18.81,982627
18.97,979573
19.01,979277
19.16,979180
19.17,976415
19.55,976381
19.59,975313
19.78,970649
20,957775
