0.02,5674429
0.02,5557866
0.02,5537995
0.03,5516352
0.03,5509101
0.03,5301904
0.04,5293547
0.04,5281728
0.05,5200262
0.06,5105568
0.07,5013694
0.08,4985345
0.09,4965341
0.1,4956726
0.1,4844856
0.11,4774840
0.13,4679609
0.14,4659890
0.14,4627640
0.15,4614500
0.15,4578211
0.16,4557694
0.17,4557402
0.17,4550122
0.17,4548879
0.18,4545357
0.18,4530826
0.18,4493323
0.19,4486717
0.19,4483193
0.19,4477675
0.19,4468117
0.19,4402062
0.21,4369792
0.21,4362604
0.22,4306709
0.23,4265292
0.23,4262753
0.24,4222672
0.24,4186508
0.25,4150848
0.25,4102434
0.26,4084705
0.26,4079082
0.26,4071106
0.27,4056414
0.27,4052572
0.28,4037380
0.28,4002532
0.29,3990308
0.29,3986667
0.3,3950052
0.31,3942416
0.31,3940531
0.31,3928836
0.32,3917379
0.32,3903566
0.32,3864181
0.33,3847046
0.34,3774738
0.35,3758804
0.37,3737787
0.39,3703532
0.4,3665591
0.4,3647444
0.4,3640426
0.41,3639841
0.42,3587344
0.42,3572727
0.43,3558111
0.45,3549788
0.47,3523419
0.48,3516545
0.49,3511852
0.49,3464178
0.5,3457508
0.52,3422305
0.53,3367945
0.59,3352464
0.59,3350798
0.6,3289619
0.63,3277674
0.64,3248619
0.65,3244232
0.65,3242977
0.66,3234032
0.68,3203633
0.68,3197364
0.68,3191365
0.69,3143823
0.7,3135939
0.7,3087946
0.72,3084155
0.73,3077907
0.75,3047180
0.75,3046195
0.76,3041093
0.76,3028508
0.79,3021105
0.79,3019312
0.81,3014530
0.82,3001126
0.83,2987713
0.84,2950541
0.87,2945052
0.88,2937923
0.88,2933522
0.89,2915746
0.9,2896609
0.93,2891885
0.94,2888930
0.96,2882856
0.96,2880757
0.96,2872320
0.99,2870630
0.99,2851005
1,2846752
1.04,2827794
1.04,2787110
1.05,2782103
1.05,2778610
1.06,2759153
1.07,2741426
1.12,2735582
1.12,2732053
1.13,2725635
1.13,2722846
1.15,2722763
1.16,2711545
1.16,2709014
1.16,2691809
1.17,2691720
1.19,2688728
1.2,2682808
1.21,2645254
1.22,2639809
1.25,2628248
1.27,2625946
1.27,2618872
1.28,2564764
1.31,2540361
1.34,2520338
1.36,2488221
1.36,2484919
1.38,2476674
1.39,2458524
1.39,2455990
1.4,2444258
1.43,2435612
1.44,2425246
1.46,2387622
1.49,2377253
1.5,2375708
1.5,2362760
1.51,2348414
1.52,2341376
1.54,2338673
1.55,2334203
1.55,2303250
1.55,2295184
1.56,2284102
1.58,2279747
1.58,2254291
1.63,2248319
1.63,2246935
1.64,2240667
1.65,2239424
1.71,2238237
1.73,2234451
1.74,2233554
1.76,2181919
1.8,2160618
1.82,2160503
1.84,2153546
1.84,2150326
1.85,2136819
1.85,2120557
1.87,2106073
1.91,2105865
1.91,2093329
1.91,2076386
1.92,2075462
1.94,2050366
1.98,2045095
1.99,2044921
1.99,2030226
2.02,2027130
2.04,2013586
2.06,2009509
2.09,2002622
2.11,1997888
2.13,1997850
2.13,1985767
2.15,1985567
2.17,1956704
2.19,1955849
2.23,1952708
2.25,1944903
2.25,1885028
2.3,1883515
2.3,1876151
2.34,1871820
2.35,1871671
2.37,1867571
2.38,1846603
2.4,1828910
2.43,1828903
2.45,1828546
2.47,1827652
2.49,1822877
2.51,1818501
2.52,1800453
2.59,1799358
2.6,1786759
2.61,1786328
2.63,1783309
2.65,1771215
2.65,1766916
2.66,1702917
2.69,1701806
2.71,1695085
2.78,1688264
2.8,1686778
2.8,1675124
2.87,1644857
2.87,1644800
2.89,1633349
2.89,1630872
2.9,1630505
2.93,1618108
2.94,1617081
2.95,1552852
3.05,1546932
3.06,1541947
3.09,1535465
3.14,1532655
3.28,1531503
3.28,1529500
3.3,1518750
3.35,1516978
3.37,1515164
3.37,1509740
3.39,1509737
3.4,1506723
3.42,1480569
3.45,1479529
3.5,1471938
3.54,1471844
3.55,1452918
3.58,1449684
3.58,1446357
3.58,1445205
3.61,1445010
3.61,1438438
3.64,1421532
3.65,1412498
3.66,1388257
3.75,1383887
3.88,1381849
3.91,1370814
3.96,1357836
4.05,1357603
4.06,1353967
4.08,1352542
4.12,1335009
4.23,1334619
4.23,1332045
4.25,1321655
4.27,1311640
4.34,1308491
4.41,1308416
4.42,1301875
4.52,1282856
4.59,1278555
4.6,1278430
4.61,1276578
4.71,1272747
4.78,1270042
4.83,1268109
4.87,1264768
4.87,1259949
4.87,1259382
4.89,1257177
4.97,1254589
5.08,1250834
5.14,1247515
5.15,1240182
5.16,1228701
5.17,1226769
5.17,1225061
5.26,1223757
5.34,1223004
5.46,1222444
5.52,1212664
5.64,1211335
5.71,1210075
5.77,1199429
5.82,1191714
5.87,1187041
6.01,1181407
6.13,1179998
6.43,1172126
6.76,1146015
6.76,1145230
6.87,1141352
6.88,1138311
6.92,1128637
7.03,1128090
7.09,1124179
7.2,1115078
7.49,1091585
7.53,1090874
7.67,1081023
7.75,1080370
7.83,1071231
7.85,1070399
7.93,1056097
7.93,1051308
8.08,1050667
8.09,1050633
8.09,1045940
8.13,1042322
8.14,1039444
8.31,1032279
8.43,1026724
8.68,1025391
8.71,1020408
8.72,1020376
9.05,1013530
9.28,1010127
9.46,1007185
9.52,1006455
9.55,1001659
9.72,1001062
9.83,999642
9.9,999018
10.01,992603
10.11,990212
10.16,983705
10.23,980933
10.33,978184
10.46,977740
10.46,969272
10.63,968876
10.8,968257
11.23,968064
11.26,966960
11.47,966357
11.56,966273
11.78,965573
11.92,963101
11.92,960779
12.03,960442
12.91,958438
13.24,957654
13.31,955729
13.7,955431
14.94,948235
15.03,946998
15.4,946985
15.47,946900
15.81,945751
16.21,944843
16.78,943308
16.81,943215
17.03,943095
17.07,942442
17.24,941858
17.49,941188
17.61,939344
18.05,938107
18.77,937888
19.87,937600
