0.02,5734141
0.03,5677425
0.03,5586420
0.03,5560017
0.04,5462042
0.04,5431087
0.05,5391804
0.05,5325117
0.05,5294115
0.06,5281283
0.06,5268167
0.07,5259031
0.07,5240548
0.07,5235733
0.08,5202385
0.08,5076281
0.08,4875048
0.08,4860941
0.09,4818231
0.1,4809657
0.1,4791434
0.11,4787286
0.11,4728628
0.11,4648017
0.13,4640620
0.13,4545154
0.14,4543874
0.14,4543505
0.14,4538976
0.14,4464225
0.15,4446727
0.16,4416088
0.16,4406805
0.16,4403065
0.17,4273959
0.18,4271908
0.19,4271590
0.19,4263219
0.19,4262317
0.19,4232298
0.2,4197533
0.21,4146768
0.21,4105150
0.21,4061439
0.21,4060163
0.22,4059923
0.23,4054096
0.23,4053428
0.24,3990247
0.24,3988101
0.24,3986199
0.25,3981765
0.25,3903089
0.3,3894001
0.31,3875479
0.32,3819562
0.32,3747489
0.34,3638322
0.34,3610340
0.35,3610189
0.36,3604922
0.37,3540390
0.39,3516275
0.4,3501175
0.42,3472298
0.42,3456770
0.43,3447088
0.44,3427173
0.46,3378523
0.48,3373719
0.48,3350432
0.48,3302342
0.49,3296549
0.49,3296141
0.49,3270555
0.51,3264018
0.51,3260593
0.52,3255588
0.53,3232822
0.55,3218953
0.55,3205918
0.56,3197653
0.56,3182918
0.57,3170042
0.58,3106519
0.58,3095652
0.62,3095552
0.63,3095508
0.63,3088525
0.64,3065919
0.65,3052424
0.66,3038810
0.67,2955296
0.69,2952216
0.69,2930443
0.71,2917310
0.73,2911406
0.73,2906401
0.74,2866443
0.75,2843860
0.75,2832935
0.77,2826054
0.78,2794351
0.79,2783027
0.81,2776881
0.85,2765810
0.85,2761887
0.85,2738726
0.87,2712039
0.87,2685220
0.91,2661819
0.91,2657794
0.91,2654829
0.94,2651168
0.94,2624630
0.98,2622427
1,2621590
1,2593725
1.05,2591173
1.08,2590879
1.08,2589959
1.08,2578990
1.11,2547582
1.12,2547312
1.13,2535480
1.13,2531373
1.17,2520968
1.18,2511652
1.18,2468818
1.19,2457148
1.21,2436961
1.21,2431073
1.21,2426502
1.24,2418155
1.24,2410101
1.25,2399292
1.28,2326483
1.33,2324776
1.34,2322398
1.35,2316625
1.4,2316295
1.4,2291024
1.41,2281493
1.42,2267196
1.43,2262185
1.44,2252118
1.46,2242587
1.47,2241390
1.49,2237214
1.51,2222639
1.51,2200826
1.57,2192900
1.57,2189958
1.59,2187024
1.6,2173554
1.61,2173493
1.62,2172574
1.64,2172559
1.65,2172057
1.66,2168469
1.69,2167445
1.7,2163255
1.7,2161500
1.73,2158511
1.77,2154920
1.77,2154365
1.79,2151562
1.81,2127020
1.82,2125924
1.82,2122286
1.83,2089341
1.85,2060633
1.91,2058119
1.92,2031923
1.95,2027460
1.99,2024946
2,2017707
2.02,2017234
2.03,2016619
2.04,1999733
2.07,1987358
2.09,1984798
2.09,1978960
2.1,1977865
2.12,1968276
2.17,1967409
2.21,1967017
2.23,1966493
2.23,1943493
2.24,1943452
2.25,1940739
2.28,1921004
2.3,1920655
2.33,1908661
2.39,1893025
2.4,1857004
2.41,1856704
2.43,1840911
2.45,1834664
2.45,1833187
2.49,1782294
2.49,1776047
2.53,1769999
2.54,1762034
2.55,1758769
2.55,1749119
2.59,1730211
2.62,1717937
2.62,1717754
2.66,1711074
2.67,1693639
2.68,1686196
2.68,1682376
2.69,1668026
2.69,1667346
2.69,1658061
2.7,1652549
2.7,1650752
2.71,1648437
2.73,1646694
2.76,1644921
2.8,1634027
2.81,1619037
2.85,1612820
2.89,1605997
2.95,1602350
2.97,1598412
2.98,1590091
3.05,1588155
3.06,1577056
3.08,1575406
3.09,1555006
3.23,1552885
3.26,1547074
3.27,1531112
3.31,1488214
3.38,1486217
3.38,1476903
3.4,1472604
3.42,1459809
3.42,1446088
3.49,1445914
3.49,1444785
3.49,1443648
3.5,1443377
3.53,1442060
3.56,1439796
3.57,1434217
3.58,1431777
3.59,1421623
3.67,1416231
3.78,1414434
3.78,1406148
3.92,1404096
3.96,1403483
3.99,1401415
3.99,1379418
4.03,1360694
4.1,1360004
4.15,1355147
4.17,1354594
4.24,1351275
4.27,1350279
4.35,1333309
4.37,1332296
4.38,1325204
4.47,1320478
4.47,1302973
4.51,1295373
4.55,1288990
4.6,1287857
4.6,1274028
4.61,1252655
4.64,1240780
4.73,1234113
4.75,1233860
4.77,1228389
4.78,1215913
4.85,1214817
4.87,1214797
4.91,1213538
5,1209379
5.02,1208940
5.04,1202684
5.05,1195082
5.14,1193204
5.15,1192381
5.19,1191585
5.3,1191470
5.48,1188889
5.54,1184324
5.64,1160117
5.67,1149630
5.84,1148688
5.86,1135891
5.87,1135367
5.87,1131587
5.89,1130471
5.89,1129158
5.9,1128474
5.99,1122870
6.08,1119173
6.13,1117432
6.21,1114134
6.24,1087902
6.28,1084618
6.4,1082078
6.41,1080529
6.43,1075553
6.43,1074082
6.44,1073754
6.55,1073610
6.55,1068387
6.64,1064919
6.75,1063751
6.8,1059432
6.8,1057251
6.91,1050935
6.99,1050156
7.07,1050016
7.08,1045738
7.09,1043298
7.18,1038532
7.21,1037531
7.23,1036752
7.26,1036341
7.3,1028098
7.41,1026982
7.51,1004751
7.63,1003857
7.63,996983
7.66,993870
7.71,984166
7.84,984116
7.84,983328
7.9,976197
7.97,976058
8,974869
8,971814
8.12,968516
8.41,967737
8.41,967230
8.5,966792
8.51,959557
8.56,955984
8.65,944908
8.7,941795
8.85,940608
8.92,924770
9.05,921512
9.07,914077
9.18,912698
9.36,908769
9.4,894298
9.55,894286
9.56,892670
9.63,891891
9.66,889801
9.68,889022
9.84,887789
9.88,885457
10.01,882802
10.07,882790
10.11,882023
10.23,882011
10.48,881952
10.48,881830
10.49,881818
10.72,881779
10.88,879748
11.07,879708
11.11,879696
11.56,879637
11.66,878858
11.86,878597
12.03,878335
12.07,874828
12.13,874611
12.13,874311
12.27,873542
12.4,873242
13.53,873037
13.61,870959
14.37,870947
16.98,870250
17.31,870238
18.89,867089
19.38,867044
19.81,866567
