0.03,5571508
0.03,5570719
0.04,5490583
0.06,5433965
0.07,5407028
0.07,5362516
0.07,5362353
0.07,5360128
0.08,5313489
0.09,5168284
0.09,5126625
0.1,5055444
0.11,5053843
0.11,4944196
0.11,4899895
0.12,4808531
0.12,4678084
0.13,4661323
0.16,4543518
0.17,4521718
0.17,4450490
0.17,4436155
0.19,4304881
0.19,4301905
0.21,4284580
0.22,4282985
0.22,4264284
0.23,4259010
0.23,4215964
0.25,4182592
0.27,4114239
0.28,4084306
0.3,4077001
0.3,4068624
0.3,4048751
0.31,4015049
0.31,3970191
0.32,3967901
0.33,3957542
0.35,3955251
0.37,3904389
0.38,3867540
0.39,3828484
0.43,3825003
0.43,3803302
0.44,3800251
0.45,3799188
0.45,3775690
0.47,3775594
0.52,3775241
0.55,3767632
0.56,3750598
0.58,3745231
0.63,3737254
0.65,3727243
0.65,3688194
0.72,3688174
0.73,3687232
0.73,3646939
0.75,3639729
0.77,3636242
0.77,3632846
0.79,3631183
0.8,3611880
0.8,3594304
0.8,3544678
0.82,3509176
0.83,3506900
0.84,3488456
0.84,3482307
0.84,3451746
0.85,3400729
0.86,3372716
0.87,3359775
0.89,3335470
0.9,3254424
0.93,3244840
0.93,3222797
0.94,3151314
0.94,3150173
0.96,3137352
0.97,3136578
0.97,3133905
0.97,3112215
0.99,3071533
1.02,3070393
1.02,3051041
1.02,3032879
1.02,2998666
1.04,2987973
1.04,2968760
1.05,2967897
1.07,2955722
1.07,2942873
1.09,2940339
1.1,2923562
1.11,2916836
1.14,2908917
1.14,2906127
1.16,2861930
1.17,2843200
1.22,2812044
1.24,2801612
1.31,2794063
1.38,2788126
1.41,2769099
1.42,2760105
1.43,2742239
1.45,2679074
1.46,2676209
1.57,2671262
1.59,2629239
1.6,2617168
1.62,2613620
1.62,2604443
1.63,2598959
1.71,2594529
1.74,2589346
1.81,2582132
1.86,2547398
1.9,2543359
1.98,2467728
2.03,2455312
2.1,2447510
2.14,2438722
2.19,2438545
2.2,2420790
2.2,2411399
2.24,2409176
2.25,2403055
2.3,2393800
2.31,2384974
2.34,2383969
2.36,2371193
2.42,2370589
2.47,2343121
2.48,2340533
2.52,2313566
2.55,2301960
2.62,2300308
2.63,2289727
2.66,2274682
2.76,2256491
2.8,2250858
2.81,2246089
2.82,2237232
2.86,2193009
2.94,2127129
3,2126400
3.01,2118978
3.04,2113157
3.06,2085086
3.14,2061777
3.19,2060189
3.2,2051500
3.22,2036054
3.23,2034787
3.25,2028490
3.26,2026479
3.3,2001942
3.34,2000470
3.36,1996798
3.43,1977637
3.44,1958384
3.47,1953494
3.48,1906142
3.5,1884850
3.55,1870159
3.63,1845802
3.63,1844486
3.67,1842582
3.7,1811753
3.72,1795485
3.76,1754039
3.9,1752139
3.9,1751724
3.93,1748114
3.96,1747754
3.98,1747644
3.99,1738584
4.15,1728435
4.23,1727459
4.24,1721860
4.25,1709270
4.25,1704513
4.26,1695943
4.26,1689805
4.33,1666484
4.45,1656003
4.48,1653987
4.49,1651864
4.51,1648037
4.53,1637303
4.55,1635224
4.55,1632073
4.6,1621381
4.64,1620375
4.65,1620174
4.67,1619509
4.68,1615654
4.7,1605573
4.82,1596518
4.84,1589827
4.87,1575225
4.88,1571675
4.91,1556682
4.94,1556673
4.96,1554280
4.97,1553350
5,1550111
5.02,1540868
5.05,1498360
5.09,1496989
5.09,1457336
5.1,1456456
5.12,1420782
5.14,1393353
5.2,1392906
5.22,1378032
5.3,1376821
5.38,1347784
5.4,1327654
5.43,1327317
5.43,1326490
5.44,1320390
5.47,1314004
5.47,1312658
5.52,1302227
5.59,1301525
5.61,1289492
5.65,1250919
5.69,1246185
5.72,1238527
5.75,1237472
5.77,1234070
5.77,1231769
5.77,1226600
5.85,1225517
5.85,1220511
5.89,1219902
5.99,1216872
6.01,1215933
6.25,1215852
6.26,1208719
6.31,1207594
6.41,1203673
6.57,1196667
6.65,1195784
6.87,1194432
7,1193928
7.04,1191341
7.05,1190258
7.06,1173479
7.31,1171236
7.39,1166750
7.4,1162905
7.47,1153482
7.67,1152833
7.67,1152798
7.68,1152189
7.69,1151259
7.72,1148741
7.8,1140616
7.83,1140563
7.93,1128158
7.95,1125020
7.97,1123018
7.98,1122409
8.02,1119576
8.11,1111197
8.17,1111146
8.19,1107798
8.34,1106627
8.35,1103770
8.46,1102921
8.6,1096834
8.69,1096617
8.7,1096225
8.72,1092938
8.81,1092329
8.93,1091362
8.95,1090034
9.06,1083132
9.14,1059406
9.14,1058323
9.25,1056391
9.29,1053874
9.29,1053016
9.32,1050098
9.36,1048328
9.4,1044911
9.44,1044517
9.51,1043352
9.54,1040542
9.54,1038806
9.57,1037667
9.7,1026943
9.72,1026645
10.01,1025207
10.06,1025070
10.08,1022122
10.33,1014282
10.83,1013099
10.9,1012129
10.93,1007894
11,1007677
11.1,1004299
11.21,1004082
11.37,1003771
11.49,994284
11.53,994245
11.61,993675
11.91,993566
11.91,993427
11.93,993195
12,993147
12.13,992717
12.25,987874
12.33,986937
12.49,985718
12.72,981778
12.84,981145
13.09,978610
13.23,977150
13.27,975947
13.39,969098
13.42,968578
13.52,967969
13.53,965764
13.58,963503
13.8,962896
13.86,947960
14.02,942534
14.14,911943
14.42,911534
14.45,911334
14.45,909361
14.7,908754
14.74,893014
14.9,890829
14.98,890018
15.58,888328
15.65,887085
15.76,886757
15.79,886608
15.87,886568
15.88,886001
16.18,885501
17.44,885132
17.86,884937
17.98,884704
18.03,882108
18.49,882001
18.69,881961
