0.02,5847287
0.03,5563415
0.05,5557351
0.05,5320571
0.06,5285673
0.06,5260800
0.06,5236216
0.07,5215815
0.07,5153122
0.07,5101956
0.08,5064125
0.08,5055974
0.08,5035120
0.08,4932281
0.09,4851985
0.09,4779964
0.09,4773018
0.1,4711009
0.1,4700427
0.11,4671356
0.13,4653732
0.15,4610852
0.16,4584359
0.17,4582738
0.17,4508834
0.18,4507042
0.18,4390228
0.19,4363720
0.19,4363198
0.2,4360956
0.2,4234763
0.21,4194483
0.22,4177809
0.22,4127423
0.23,4099236
0.25,3997312
0.26,3989378
0.27,3961991
0.28,3953437
0.28,3927015
0.31,3925227
0.31,3920239
0.33,3886404
0.33,3803447
0.33,3766235
0.35,3733605
0.36,3703008
0.37,3668644
0.37,3568928
0.4,3552298
0.41,3541291
0.42,3534438
0.43,3523721
0.43,3523084
0.44,3505734
0.45,3501732
0.46,3501679
0.47,3457441
0.47,3452794
0.47,3421163
0.48,3412398
0.48,3380683
0.5,3291732
0.54,3289161
0.56,3267214
0.59,3262395
0.62,3254160
0.63,3247276
0.63,3244501
0.64,3216869
0.64,3141262
0.65,3121220
0.67,3113047
0.68,3099671
0.69,3075791
0.71,3045473
0.72,3043156
0.73,3040102
0.74,3031180
0.76,3005702
0.79,3005213
0.79,2981480
0.8,2966273
0.81,2926590
0.83,2904773
0.84,2898779
0.85,2872157
0.86,2852402
0.87,2839572
0.89,2790845
0.9,2781035
0.91,2775843
0.92,2737657
0.92,2735633
0.93,2733562
0.93,2662169
0.96,2654665
1,2645908
1.02,2645179
1.02,2640084
1.05,2638014
1.06,2625067
1.08,2621615
1.1,2576629
1.14,2573778
1.15,2555513
1.16,2549103
1.17,2531380
1.17,2511003
1.21,2458327
1.22,2311167
1.24,2309014
1.25,2298367
1.26,2263323
1.27,2250882
1.29,2249240
1.29,2236057
1.29,2222350
1.35,2213426
1.36,2204128
1.37,2190808
1.37,2187423
1.37,2174913
1.38,2170625
1.42,2168214
1.51,2164554
1.57,2159922
1.59,2159793
1.6,2136201
1.61,2123314
1.61,2114947
1.62,2112597
1.62,2108628
1.65,2108230
1.65,2101874
1.67,2088374
1.7,2062525
1.76,2054927
1.77,2026536
1.78,2006457
1.79,2005415
1.8,1986107
1.82,1981267
1.84,1980156
1.84,1978563
1.86,1970486
1.92,1953703
1.96,1946637
1.97,1942471
1.98,1941662
1.99,1940253
2.02,1939817
2.06,1932867
2.09,1913395
2.14,1911253
2.15,1910342
2.15,1899470
2.18,1880673
2.3,1865494
2.32,1855841
2.41,1849575
2.44,1848018
2.46,1811021
2.47,1803559
2.49,1798045
2.52,1778024
2.53,1776327
2.59,1774913
2.61,1739238
2.64,1733946
2.68,1731908
2.71,1729640
2.77,1714233
2.78,1704429
2.78,1701358
2.8,1695189
2.84,1685341
2.86,1684087
2.87,1682081
2.89,1678403
2.91,1674310
2.92,1661015
2.95,1660621
2.95,1657203
3.05,1656704
3.06,1651053
3.09,1648201
3.11,1622157
3.22,1620320
3.23,1619920
3.24,1607801
3.29,1593925
3.4,1584454
3.45,1575598
3.5,1560402
3.5,1548976
3.54,1521398
3.62,1513569
3.63,1507180
3.64,1500634
3.65,1495894
3.68,1490729
3.69,1483977
3.71,1481537
3.71,1477365
3.8,1476759
3.81,1474721
3.81,1457952
3.82,1455847
3.92,1442213
3.96,1440398
4.09,1435133
4.11,1434880
4.12,1425070
4.12,1421473
4.18,1419092
4.27,1415796
4.28,1402745
4.3,1402689
4.3,1401420
4.55,1398211
4.57,1351276
4.59,1347719
4.6,1343034
4.6,1335839
4.69,1332478
4.72,1307921
4.78,1307174
4.79,1305629
5.04,1290289
5.25,1283677
5.28,1280263
5.29,1279104
5.3,1278547
5.32,1272566
5.35,1270274
5.45,1265293
5.46,1264305
5.5,1260493
5.51,1250255
5.59,1245410
5.67,1220730
5.79,1219444
5.81,1219168
5.82,1219149
5.82,1190398
5.94,1177957
5.96,1177515
5.97,1164773
6.02,1161743
6.05,1135398
6.08,1134855
6.12,1129555
6.16,1128968
6.19,1125640
6.21,1124275
6.24,1118755
6.25,1112803
6.35,1112187
6.37,1110535
6.41,1100033
6.5,1099886
6.55,1098618
6.64,1098476
6.66,1097499
6.66,1095653
6.69,1094944
6.73,1087813
6.74,1086421
6.76,1075781
6.88,1065709
6.99,1064625
7.1,1064563
7.13,1064268
7.17,1063548
7.22,1052525
7.24,1051379
7.25,1050295
7.4,1023898
7.46,1021684
7.54,1021560
7.88,1019584
7.95,978779
8.09,977883
8.1,977324
8.17,973023
8.26,966007
8.48,934665
8.55,933582
8.57,933304
8.73,928130
8.79,928053
8.84,927369
9.08,924596
9.18,923922
9.22,915749
9.41,914851
9.42,913541
9.47,912431
9.49,911317
9.65,908638
9.69,908010
9.73,906322
9.74,905584
9.77,903998
9.78,903187
9.82,901801
9.83,901566
9.86,899205
10.01,899176
10.02,898569
10.09,891667
10.33,889204
10.43,885801
10.49,884561
10.98,882058
11.14,881188
11.82,857591
11.93,857114
12.02,857106
12.03,856573
12.12,855098
13.4,854276
13.85,852951
14.33,846518
14.66,846472
14.77,843724
15.05,841958
15.89,832745
16.33,831870
17.97,831830
