0.02,9809545
0.03,9225267
0.04,9222140
0.04,9200960
0.04,9195702
0.05,9109980
0.05,9093979
0.05,9068744
0.06,8740313
0.06,8732674
0.07,8707355
0.07,8573347
0.07,8570486
0.08,8398975
0.09,8340844
0.09,8319229
0.1,8228076
0.1,8196955
0.11,8048667
0.12,8044971
0.12,7871413
0.13,7842681
0.13,7821758
0.13,7754925
0.14,7629119
0.15,7610650
0.15,7589388
0.16,7572285
0.16,7481184
0.16,7435944
0.17,7348292
0.18,7347392
0.18,7341610
0.19,7339200
0.19,7327401
0.19,7324156
0.2,7297796
0.2,7160314
0.21,7108549
0.21,6949110
0.21,6946475
0.21,6938279
0.22,6750379
0.23,6685558
0.23,6569882
0.26,6557693
0.27,6556969
0.27,6523399
0.27,6508355
0.28,6458461
0.29,6419598
0.3,6368517
0.34,6343724
0.34,6338088
0.34,6326669
0.35,6315426
0.35,6247621
0.36,6203030
0.37,6198491
0.38,6176019
0.39,6086244
0.4,5978468
0.4,5973813
0.4,5969907
0.41,5933174
0.42,5926249
0.43,5834803
0.43,5603808
0.46,5598722
0.46,5596526
0.48,5595398
0.48,5562621
0.49,5552070
0.49,5522471
0.51,5506540
0.52,5491366
0.53,5483010
0.54,5472991
0.55,5463811
0.55,5435324
0.56,5368051
0.57,5367394
0.57,5223529
0.61,5221805
0.61,5177851
0.62,5156481
0.62,5153411
0.63,5083216
0.67,5078936
0.67,5064684
0.68,5052314
0.68,5050546
0.72,5038992
0.72,5034987
0.74,5018428
0.75,4975567
0.75,4956045
0.76,4943423
0.76,4924442
0.77,4904406
0.78,4887904
0.78,4799903
0.79,4791315
0.8,4790595
0.81,4789468
0.82,4774690
0.84,4547681
0.88,4511876
0.9,4508406
0.9,4475754
0.93,4471111
0.94,4468338
0.94,4409761
0.97,4385277
0.97,4350308
0.98,4339360
0.99,4332789
1,4309830
1.01,4274363
1.02,4233541
1.02,4211419
1.03,4191225
1.03,4186357
1.04,4168559
1.05,4168392
1.06,4168018
1.06,4158329
1.07,4070158
1.08,4068992
1.08,4068813
1.1,4058048
1.11,4036087
1.11,4035603
1.12,4006048
1.13,3995736
1.14,3965382
1.15,3946779
1.17,3936467
1.17,3895173
1.18,3884414
1.19,3838430
1.22,3812249
1.23,3807494
1.25,3754314
1.28,3704218
1.31,3636269
1.39,3608937
1.43,3599948
1.5,3597890
1.51,3499080
1.54,3486048
1.59,3485544
1.59,3474704
1.6,3466974
1.61,3427847
1.63,3363569
1.65,3336227
1.69,3317886
1.7,3313537
1.74,3307769
1.75,3297895
1.78,3287219
1.8,3280812
1.82,3271319
1.83,3263646
1.84,3258850
1.86,3249989
1.88,3249194
1.9,3248059
1.93,3244189
1.94,3239886
1.99,3232959
2,3232712
2.01,3212299
2.01,3206312
2.01,3179330
2.09,3142480
2.21,3137010
2.22,3132100
2.24,3130051
2.26,3125141
2.27,3123361
2.28,3118444
2.28,3115315
2.29,3088940
2.3,3085826
2.35,3076141
2.37,3064551
2.38,3037612
2.39,3036619
2.39,3029042
2.46,2968021
2.59,2960574
2.61,2940014
2.62,2935827
2.62,2931119
2.63,2909429
2.63,2900125
2.65,2897236
2.65,2897060
2.68,2887432
2.69,2819801
2.73,2800716
2.75,2719902
2.76,2675808
2.86,2667783
2.88,2630718
2.91,2626282
2.92,2614849
2.92,2607015
2.94,2604038
2.94,2603600
2.96,2598685
2.98,2588683
3.01,2574377
3.03,2572871
3.04,2547297
3.09,2538407
3.13,2515910
3.18,2509362
3.2,2508318
3.22,2508298
3.24,2488347
3.26,2475892
3.26,2475191
3.26,2461271
3.29,2443144
3.31,2440600
3.31,2440022
3.34,2439789
3.35,2423039
3.36,2421707
3.38,2420992
3.38,2420794
3.4,2409991
3.47,2315168
3.51,2311574
3.52,2302196
3.53,2299985
3.55,2297741
3.56,2288829
3.63,2288651
3.64,2270937
3.68,2269922
3.71,2261880
3.74,2244534
3.88,2233654
3.88,2230197
3.89,2214281
3.95,2213848
3.95,2211265
4,2210284
4.01,2196486
4.03,2196337
4.05,2193632
4.08,2191158
4.09,2183923
4.17,2182903
4.19,2178254
4.21,2171837
4.32,2168930
4.39,2167748
4.46,2166059
4.5,2146290
4.52,2146110
4.54,2131656
4.57,2125960
4.63,2104884
4.65,2097151
4.91,2096993
4.99,2096673
5.02,2085362
5.05,2084515
5.06,2082695
5.06,2078816
5.06,2078421
5.08,2078241
5.11,2028496
5.14,2024860
5.19,1986063
5.25,1985743
5.25,1985585
5.3,1983803
5.3,1983746
5.37,1982879
5.43,1978011
5.45,1913216
5.53,1904373
5.56,1902915
5.56,1891692
5.62,1887405
5.62,1880911
5.69,1871842
5.71,1866852
5.83,1864661
5.84,1860412
5.87,1858416
5.92,1840880
5.92,1838183
5.98,1837733
5.98,1829774
6.01,1829532
6.02,1829324
6.02,1829032
6.16,1826708
6.17,1826514
6.24,1824827
6.24,1822241
6.25,1821977
6.29,1816638
6.36,1815583
6.37,1809848
6.38,1806464
6.38,1806190
6.44,1804081
6.52,1802603
6.52,1802374
6.52,1801560
6.55,1801334
6.59,1800939
6.61,1768234
6.61,1767914
6.67,1766889
6.68,1747673
6.69,1740797
6.83,1737733
6.84,1736981
6.86,1736509
6.95,1735257
6.98,1709654
7.02,1705085
7.05,1691018
7.09,1689975
7.21,1685788
7.23,1684437
7.25,1681709
7.26,1680161
7.28,1677433
7.32,1668517
7.39,1666057
7.54,1665820
7.58,1662905
7.62,1661568
7.72,1634980
7.82,1629366
7.9,1605698
7.92,1605226
7.94,1604420
8.34,1595564
8.39,1595092
8.48,1595072
8.64,1594990
8.97,1593065
9,1592565
9,1591836
9.05,1591460
9.12,1590265
9.18,1577227
9.19,1576907
9.24,1572561
9.27,1567165
9.32,1566348
9.48,1564818
9.6,1564731
9.8,1563793
9.86,1554743
10.03,1554709
10.06,1553353
10.09,1541320
10.17,1491525
10.19,1490998
10.21,1490526
10.24,1485584
10.35,1481058
10.4,1466977
10.41,1466314
10.52,1466292
10.57,1466010
10.59,1464967
10.64,1463867
10.68,1462829
10.84,1462273
10.85,1459463
10.95,1453750
10.98,1453430
11.01,1453224
11.02,1452904
11.19,1450865
11.25,1448493
11.46,1446121
11.53,1445801
11.57,1445769
11.61,1444126
11.71,1440977
11.75,1439984
11.85,1438551
11.89,1434843
11.99,1434243
12.1,1430099
12.15,1428993
12.3,1428551
12.33,1428337
12.43,1428244
12.43,1428231
12.46,1427835
12.47,1414939
12.56,1412608
12.67,1411555
12.67,1403282
12.71,1399181
12.96,1398865
12.97,1398647
13.07,1398627
13.11,1398545
13.16,1398175
13.38,1362944
13.42,1362625
13.42,1344773
13.43,1344745
13.5,1343788
13.71,1339633
13.77,1337704
13.82,1332829
14.1,1332252
14.17,1332072
14.17,1331395
14.33,1331357
14.43,1330917
14.58,1330752
14.77,1330593
14.82,1328444
14.91,1328074
15.09,1327740
15.34,1327630
15.36,1327594
15.37,1327452
15.37,1325181
15.4,1323670
15.52,1323661
15.57,1321533
15.62,1320916
15.65,1319099
15.75,1318172
15.98,1317510
16.01,1315009
16.23,1314646
16.49,1314509
16.59,1314478
16.63,1313190
17.09,1312084
17.23,1311714
17.29,1311240
18.02,1311098
19.7,1311033
19.85,1308946
