0.03,9812537
0.03,9610755
0.04,9603167
0.05,9545660
0.05,9500947
0.09,9381444
0.11,9369685
0.13,9302454
0.13,9089618
0.15,9072927
0.15,9048024
0.15,8931202
0.16,8831484
0.16,8783670
0.18,8767950
0.2,8716397
0.2,8698622
0.2,8690038
0.2,8594373
0.2,8574810
0.21,8571087
0.21,8490975
0.21,8311703
0.24,8289007
0.25,8031843
0.25,8031524
0.26,7965995
0.26,7896732
0.27,7894628
0.27,7835605
0.27,7792471
0.28,7782766
0.29,7748291
0.42,7690803
0.43,7672943
0.43,7606078
0.46,7517086
0.46,7498003
0.48,7480634
0.48,7453265
0.5,7395851
0.5,7374293
0.51,7343476
0.52,7324387
0.53,7253208
0.53,7252851
0.53,7223593
0.54,7188838
0.54,7151748
0.54,7110833
0.55,7028703
0.55,7011406
0.55,6971214
0.56,6929332
0.56,6915229
0.57,6886539
0.58,6818481
0.59,6761698
0.59,6721438
0.63,6711842
0.64,6598480
0.68,6539448
0.69,6504118
0.69,6502438
0.71,6500008
0.72,6496217
0.72,6448084
0.72,6428747
0.73,6424809
0.73,6418503
0.75,6405483
0.76,6379790
0.77,6248557
0.79,6079147
0.83,5970771
0.83,5942642
0.85,5919226
0.85,5917238
0.89,5900182
0.89,5877937
0.9,5869450
0.9,5846806
0.91,5839313
0.92,5827158
0.93,5803884
0.93,5794059
0.94,5757531
0.94,5723753
0.95,5703220
0.96,5681693
0.96,5619157
0.97,5583950
0.98,5546836
0.99,5539928
1,5499805
1,5405783
1.01,5316776
1.03,5273442
1.3,5260174
1.31,5255008
1.32,5197604
1.36,5169267
1.43,5168018
1.48,5124319
1.56,5072363
1.62,5021384
1.66,4955328
1.66,4920183
1.67,4898123
1.69,4876344
1.72,4868117
1.76,4856336
1.77,4820442
1.81,4761868
1.85,4761017
1.86,4757779
1.87,4745973
1.87,4732805
1.89,4722751
1.9,4641609
1.9,4567443
1.9,4521687
1.9,4516971
1.92,4515341
1.93,4447468
1.93,4392017
1.98,4378482
1.98,4376774
1.99,4315886
2.02,4302217
2.05,4294624
2.06,4292499
2.07,4252461
2.08,4222620
2.15,4163999
2.15,4159283
2.18,4148154
2.23,4085114
2.27,4083981
2.27,4069278
2.27,4051870
2.28,4009979
2.28,4008121
2.31,3998150
2.31,3997866
2.33,3993397
2.33,3990589
2.35,3968296
2.4,3966029
2.46,3962460
2.51,3961691
2.54,3961224
2.55,3926673
2.56,3923781
2.58,3907830
2.61,3883598
2.63,3882758
2.64,3878866
2.67,3877499
2.76,3864230
2.77,3821281
2.77,3777154
2.79,3733682
2.81,3731824
2.83,3725663
2.83,3720258
2.85,3715539
2.85,3710502
2.86,3706627
2.9,3706340
2.9,3689003
2.91,3680280
2.92,3520246
2.93,3519091
2.95,3479679
2.97,3440712
3.04,3424637
3.08,3399007
3.16,3398640
3.17,3396918
3.18,3391057
3.18,3338022
3.21,3292283
3.24,3284656
3.24,3260486
3.28,3256560
3.29,3241566
3.31,3209832
3.32,3209781
3.32,3206460
3.33,3205679
3.33,3196193
3.34,3195052
3.35,3094257
3.39,3092932
3.41,3029219
3.55,2997209
3.55,2994569
3.56,2975720
3.56,2974438
3.58,2973234
3.59,2969087
3.64,2952772
3.75,2951410
3.76,2949996
3.78,2947026
3.79,2944765
3.79,2911547
3.85,2909169
3.85,2906691
3.86,2867077
3.88,2866988
3.89,2854704
3.91,2774196
3.93,2771818
3.96,2769353
3.97,2752949
4,2697934
4.03,2689714
4.06,2666030
4.08,2655196
4.12,2649771
4.13,2645033
4.14,2601340
4.18,2599624
4.22,2588226
4.24,2586800
4.24,2582778
4.31,2579105
4.31,2576633
4.33,2575451
4.36,2531130
4.5,2530608
4.51,2530546
4.51,2526597
4.52,2511982
4.54,2506474
4.56,2486904
4.6,2481479
4.64,2480477
4.65,2475203
4.65,2446674
4.66,2438237
4.66,2420279
4.67,2417513
4.7,2402785
4.71,2395891
4.74,2391431
4.74,2390177
4.76,2385819
4.79,2376956
4.82,2277886
4.85,2235138
4.85,2235084
4.88,2216586
4.88,2200951
4.9,2199238
4.9,2198409
4.91,2193402
4.92,2192462
4.94,2190363
4.95,2189206
5.01,2171812
5.06,2156527
5.08,2155797
5.1,2153375
5.12,2152350
5.12,2152075
5.16,2148456
5.17,2141164
5.2,2131316
5.21,2112625
5.22,2089689
5.27,2077978
5.43,2075539
5.5,2074556
5.5,2066521
5.5,2066232
5.52,2065648
5.55,2062537
5.55,2061916
5.59,2056610
5.6,2055331
5.61,2055138
5.61,2053946
5.62,2053792
5.63,2049900
5.64,2041068
5.65,2039830
5.66,2039720
5.67,2035513
5.68,2030170
5.69,2029937
5.72,2025846
5.75,2015696
5.76,2013264
5.76,2001483
5.87,1998457
5.89,1998322
5.91,1991255
5.93,1973286
5.95,1964657
5.98,1906926
6,1899072
6.09,1891031
6.1,1871927
6.14,1865988
6.15,1864344
6.25,1864240
6.26,1856741
6.38,1855876
6.42,1852390
6.5,1822634
6.56,1821441
6.56,1813317
6.59,1801855
6.66,1800412
6.69,1787515
6.72,1785826
6.74,1785065
6.75,1783522
6.76,1782059
6.77,1781073
6.82,1779468
6.9,1753021
7,1703893
7.06,1703653
7.08,1702360
7.09,1700320
7.19,1697634
7.2,1693588
7.25,1692900
7.29,1692838
7.31,1689016
7.32,1682774
7.37,1678150
7.39,1675268
7.43,1669468
7.64,1660694
7.69,1651544
7.75,1649678
7.76,1648203
7.78,1648027
7.8,1643569
7.85,1639457
7.87,1636284
7.91,1635660
7.98,1623544
8.03,1608588
8.06,1590078
8.16,1585352
8.17,1582284
8.23,1576406
8.27,1575038
8.29,1575026
8.4,1572706
8.41,1572564
8.44,1553854
8.44,1552797
8.48,1549227
8.48,1548140
8.5,1547930
8.55,1543645
8.62,1541865
8.63,1539182
8.92,1538997
9.03,1538506
9.22,1537632
9.34,1536303
9.43,1527966
9.45,1525309
9.48,1523324
9.51,1491891
9.61,1488781
9.64,1487378
9.73,1487339
9.86,1486382
9.91,1482776
9.94,1482332
9.98,1480900
10.05,1479271
10.41,1475587
10.48,1473768
10.51,1471014
10.62,1470809
10.98,1470780
11.19,1468779
11.29,1463658
11.68,1462641
12.01,1460438
12.13,1454362
12.66,1453990
12.72,1452311
13,1452181
13.09,1449149
13.5,1443099
13.73,1437500
13.99,1435857
14.05,1435515
14.08,1434829
14.17,1433005
14.26,1428116
14.27,1428043
14.4,1427777
14.51,1427303
14.51,1427234
14.62,1423013
14.7,1421368
14.83,1414156
14.87,1414055
14.92,1412951
14.94,1412828
15.18,1405476
15.33,1404911
15.6,1401197
15.6,1401017
15.68,1398682
15.71,1397864
15.83,1395607
16.12,1395418
16.28,1394446
16.43,1393821
16.5,1393572
16.52,1391719
16.7,1389475
16.84,1389285
16.89,1388873
17.28,1388503
17.61,1388420
17.62,1388027
17.82,1370428
17.89,1369804
17.96,1367584
18.15,1364772
18.31,1358847
18.47,1358841
18.68,1358154
18.8,1349035
18.83,1347929
18.98,1347559
19.36,1347369
19.37,1343577
19.39,1342915
19.77,1339158
19.78,1335619
19.93,1335517
19.98,1335147
