0.02,9812537
0.03,9628651
0.03,9596689
0.03,9537559
0.03,9439352
0.04,9392205
0.04,9295097
0.04,9247492
0.04,9104232
0.05,9091029
0.05,8998979
0.05,8884392
0.06,8850990
0.06,8682758
0.07,8588989
0.07,8563265
0.07,8558194
0.07,8507578
0.07,8424783
0.08,8377848
0.08,8254097
0.09,8208286
0.09,8014647
0.1,7999211
0.11,7940687
0.12,7940578
0.13,7783485
0.13,7769022
0.13,7768088
0.14,7758366
0.16,7753745
0.16,7751302
0.16,7747224
0.16,7593610
0.17,7576631
0.18,7555898
0.19,7545532
0.19,7544019
0.19,7519890
0.21,7452556
0.21,7443556
0.21,7441390
0.22,7401191
0.23,7368440
0.23,7333391
0.23,7302510
0.24,7275375
0.25,7194526
0.25,7182378
0.25,7143988
0.25,7118821
0.27,7107903
0.28,7045086
0.28,6987162
0.28,6986168
0.29,6944306
0.29,6898971
0.3,6892464
0.31,6803370
0.33,6773683
0.33,6715264
0.34,6664004
0.35,6661594
0.35,6594734
0.36,6388613
0.37,6381946
0.38,6186415
0.39,6167000
0.4,6166144
0.41,6165628
0.41,6123315
0.41,6012595
0.42,5901636
0.47,5860832
0.48,5820795
0.49,5700306
0.52,5593654
0.56,5566445
0.57,5557023
0.58,5550124
0.58,5544001
0.59,5508339
0.6,5465636
0.6,5465370
0.61,5461470
0.62,5460764
0.62,5446006
0.63,5406242
0.64,5399885
0.65,5321727
0.69,5302229
0.73,5257145
0.74,5253600
0.75,5253465
0.76,5225586
0.77,5154930
0.78,5087376
0.8,5069437
0.83,5068986
0.83,5059087
0.83,5039124
0.84,4995790
0.85,4964265
0.88,4963672
0.88,4928186
0.91,4898263
0.92,4849936
0.97,4801710
0.98,4761499
1,4743803
1.03,4699431
1.04,4693014
1.06,4663461
1.06,4632969
1.07,4589430
1.08,4589322
1.09,4558437
1.13,4549778
1.17,4549224
1.18,4500195
1.23,4479303
1.26,4359236
1.27,4359208
1.27,4355920
1.28,4342632
1.29,4339771
1.29,4315483
1.29,4288318
1.31,4230742
1.34,4187744
1.36,4142765
1.37,4135819
1.38,4135095
1.38,4133184
1.4,4129637
1.41,4073495
1.45,4019168
1.48,4011212
1.49,3981970
1.49,3927919
1.49,3914078
1.51,3844099
1.53,3781657
1.53,3719185
1.54,3716941
1.57,3708821
1.58,3686617
1.59,3686050
1.6,3651054
1.64,3650883
1.64,3565173
1.69,3553606
1.72,3552534
1.73,3508365
1.75,3498014
1.75,3492951
1.75,3483799
1.77,3409173
1.79,3368102
1.79,3367075
1.82,3333179
1.87,3328242
1.87,3326021
1.87,3318559
1.92,3308911
1.92,3308565
1.93,3306799
1.93,3297719
1.93,3295694
1.94,3282243
1.95,3209205
1.97,3197125
1.98,3190726
1.98,3184646
2.01,3166021
2.05,3162233
2.05,3160059
2.07,3152690
2.08,3152509
2.08,3122377
2.09,3119782
2.09,3112436
2.09,3090664
2.12,3035096
2.13,3016647
2.14,2976689
2.14,2972877
2.15,2949022
2.15,2944962
2.16,2931877
2.19,2876437
2.24,2869526
2.27,2869044
2.27,2864453
2.28,2847702
2.31,2841170
2.32,2816945
2.35,2806472
2.37,2775096
2.44,2766079
2.44,2749405
2.44,2746366
2.45,2736371
2.49,2733540
2.51,2708905
2.51,2686338
2.57,2680184
2.59,2579355
2.61,2528425
2.67,2485153
2.7,2471854
2.72,2466804
2.82,2466064
2.84,2463923
2.85,2460572
2.89,2457525
2.91,2448986
2.93,2440874
2.96,2428109
3.01,2427293
3.07,2424133
3.1,2413850
3.1,2403262
3.12,2395536
3.12,2394718
3.13,2391641
3.13,2391296
3.15,2387273
3.26,2382983
3.35,2361991
3.36,2357601
3.38,2337597
3.42,2335696
3.43,2334021
3.46,2332723
3.48,2313358
3.56,2303565
3.57,2302975
3.69,2294317
3.72,2282457
3.75,2217248
3.78,2200583
3.79,2194935
3.81,2153697
3.83,2140825
3.87,2129937
3.92,2124837
3.97,2124445
3.98,2123913
3.98,2122686
4,2092059
4.01,2084307
4.08,2080715
4.11,2066373
4.13,2060599
4.19,2046669
4.21,1982971
4.23,1975173
4.31,1974583
4.31,1973092
4.38,1970940
4.41,1970725
4.42,1970350
4.48,1968092
4.48,1961681
4.55,1961091
4.56,1956195
4.62,1955605
4.65,1953505
4.67,1946235
4.67,1943399
4.73,1941057
4.88,1936688
4.9,1931384
4.92,1929329
4.93,1919802
5.04,1918722
5.04,1918381
5.05,1914634
5.14,1913998
5.15,1911080
5.18,1910889
5.2,1898071
5.21,1897865
5.23,1877015
5.29,1876483
5.33,1874748
5.37,1873637
5.48,1873159
5.48,1850480
5.54,1850304
5.57,1846076
5.62,1845805
5.63,1845599
5.64,1837778
5.69,1836093
5.75,1833075
5.79,1828412
5.8,1827936
5.89,1827772
5.94,1826023
5.96,1825383
6.02,1820782
6.05,1817559
6.17,1802085
6.27,1767115
6.33,1759713
6.38,1759117
6.42,1758202
6.45,1749142
6.52,1748502
6.6,1745554
6.62,1745279
6.7,1743027
6.75,1740704
6.76,1733542
6.8,1733219
6.82,1730311
6.84,1722929
6.88,1722797
6.95,1719679
6.98,1716738
7.15,1714185
7.22,1710350
7.4,1709618
7.44,1706096
7.5,1704847
7.5,1698046
7.52,1697773
7.56,1693302
7.58,1676824
7.61,1676172
7.81,1675733
7.82,1675557
7.93,1675487
7.98,1675139
8.06,1645555
8.07,1645380
8.09,1644786
8.17,1644756
8.18,1642834
8.19,1642733
8.29,1642206
8.37,1636881
8.4,1628391
8.64,1628011
8.75,1627094
8.87,1625384
8.98,1624742
9.13,1622240
9.13,1621512
9.31,1620872
9.42,1620723
9.47,1620512
9.59,1620223
9.67,1618722
9.67,1615864
10.06,1615610
10.41,1615250
10.44,1614833
10.51,1591894
10.6,1586859
10.72,1582605
10.87,1581957
10.92,1580117
11,1571579
11.08,1570039
11.16,1567344
11.4,1567303
11.56,1566682
11.63,1566641
11.87,1565558
11.91,1557769
12,1520289
12.47,1517451
12.76,1509028
13.04,1471920
13.25,1471918
13.32,1471854
13.38,1470518
13.42,1470376
13.45,1470200
13.54,1468851
13.94,1464574
13.98,1464320
14.31,1462630
14.42,1452343
14.54,1452277
14.6,1452023
14.85,1446425
14.89,1446171
15.06,1446011
15.24,1445796
15.25,1443632
15.33,1436568
15.61,1428011
15.68,1427349
16.36,1427319
16.42,1427207
16.91,1426119
16.91,1406518
16.94,1405461
17,1404799
17.49,1381704
17.79,1343215
18.01,1341646
18.29,1341470
19.44,1337371
19.58,1335299
19.82,1334669
