0.02,9812537
0.02,9732179
0.03,9469411
0.03,9465395
0.03,9465378
0.04,9390348
0.04,9358879
0.05,9245262
0.05,9163483
0.06,9115883
0.06,8975022
0.06,8952722
0.07,8802136
0.07,8795073
0.07,8794001
0.07,8779196
0.08,8588392
0.08,8546681
0.09,8537919
0.09,8511834
0.09,8434462
0.1,8355241
0.1,8315406
0.11,8288867
0.11,8159630
0.12,8129710
0.12,8044415
0.12,7955762
0.13,7948445
0.13,7910711
0.13,7880963
0.13,7799491
0.14,7743523
0.14,7531466
0.15,7515192
0.15,7490129
0.15,7400103
0.16,7300619
0.18,7296032
0.18,7288124
0.18,7206256
0.19,7115979
0.2,7096322
0.21,7095801
0.21,7026445
0.23,6984380
0.23,6954084
0.23,6943330
0.24,6940841
0.24,6897422
0.25,6871181
0.25,6845273
0.25,6835828
0.25,6831664
0.26,6764272
0.26,6763831
0.26,6735218
0.27,6646538
0.27,6620146
0.27,6590638
0.29,6580384
0.29,6574659
0.31,6543232
0.32,6484713
0.33,6403136
0.35,6360112
0.35,6339866
0.37,6317755
0.37,6286761
0.38,6280603
0.38,6215840
0.41,6213912
0.41,6199364
0.42,6108337
0.43,6003705
0.45,5993566
0.45,5932983
0.45,5767532
0.53,5687999
0.53,5685337
0.55,5679163
0.56,5676769
0.56,5657272
0.57,5655150
0.57,5606695
0.58,5599787
0.59,5573866
0.62,5570670
0.62,5545811
0.63,5525044
0.63,5511033
0.65,5508270
0.65,5505407
0.66,5504519
0.67,5498007
0.67,5458794
0.68,5457180
0.69,5422438
0.7,5373986
0.71,5366379
0.72,5365796
0.74,5353874
0.74,5334409
0.78,5332256
0.78,5331577
0.81,5318189
0.81,5316656
0.82,5240322
0.85,5140724
0.85,5098796
0.86,5097270
0.87,5096960
0.87,5094612
0.88,5078098
0.9,5014134
0.91,5006846
0.95,4973287
0.97,4969950
0.98,4911664
1.02,4910754
1.03,4909847
1.03,4907197
1.05,4900189
1.05,4897260
1.06,4882735
1.09,4882225
1.09,4880156
1.09,4872406
1.11,4721736
1.14,4705433
1.15,4689037
1.15,4639630
1.18,4607416
1.18,4562309
1.2,4558020
1.2,4485459
1.26,4452760
1.28,4447932
1.29,4392238
1.3,4384324
1.32,4380937
1.32,4343396
1.36,4261693
1.38,4256043
1.38,4254713
1.41,4252006
1.42,4250597
1.43,4222778
1.45,4218377
1.45,4170591
1.47,4165868
1.48,4112450
1.53,4082522
1.55,4066862
1.6,4064515
1.6,4024062
1.62,4022357
1.63,4018466
1.64,4014774
1.64,4006571
1.65,3973779
1.66,3971547
1.66,3969925
1.67,3967296
1.68,3959707
1.7,3917448
1.73,3916533
1.76,3892758
1.79,3892031
1.8,3874393
1.8,3797650
1.84,3792302
1.85,3768801
1.86,3767033
1.87,3745211
1.88,3696269
1.9,3696115
1.98,3694691
1.98,3689083
1.99,3687271
2.04,3650280
2.11,3645108
2.12,3633217
2.13,3614519
2.17,3613735
2.2,3613562
2.24,3599392
2.24,3590922
2.25,3587942
2.27,3526444
2.3,3477735
2.39,3463508
2.39,3460886
2.45,3452779
2.46,3450782
2.48,3395607
2.5,3394348
2.52,3374687
2.58,3348110
2.61,3342393
2.66,3330606
2.7,3330468
2.7,3328382
2.71,3327912
2.73,3323632
2.74,3293465
2.75,3290680
2.77,3238304
2.78,3223058
2.8,3221143
2.81,3221113
2.81,3183509
2.82,3177222
2.83,3135714
2.87,3134745
2.88,3133547
2.89,3121879
2.9,3113195
2.93,3103400
2.97,3099213
2.98,3077217
3.05,3076237
3.05,3076226
3.05,3058554
3.06,3055511
3.06,3032789
3.07,3032054
3.09,3011494
3.18,3000466
3.2,2999725
3.22,2998473
3.23,2982738
3.25,2975200
3.4,2943120
3.49,2912182
3.53,2911037
3.54,2875683
3.54,2872561
3.58,2871249
3.58,2870598
3.64,2868143
3.66,2746384
3.67,2731788
3.7,2712827
3.72,2648781
3.73,2642674
3.74,2631516
3.77,2631025
3.77,2625598
3.82,2622291
3.82,2611377
3.86,2574361
3.89,2568140
3.9,2567701
3.9,2565595
3.92,2530854
3.92,2526888
3.93,2526673
3.94,2525596
3.95,2508583
4.07,2507506
4.1,2506929
4.12,2506478
4.14,2504628
4.15,2504387
4.16,2483270
4.17,2483043
4.18,2481428
4.2,2479724
4.2,2478127
4.22,2457386
4.24,2453715
4.35,2451970
4.36,2446838
4.36,2443674
4.52,2442872
4.53,2442629
4.57,2432492
4.61,2428327
4.66,2424338
4.66,2416330
4.66,2415935
4.7,2415886
4.72,2402739
4.73,2394950
4.8,2393091
4.83,2392497
4.85,2384283
4.88,2359346
4.98,2293289
4.99,2289049
5.06,2281902
5.08,2269532
5.15,2258759
5.23,2258321
5.36,2256219
5.38,2255810
5.38,2255164
5.43,2228428
5.45,2223824
5.52,2213399
5.57,2212503
5.59,2210690
5.66,2193905
5.66,2174262
5.67,2122780
5.76,2118519
5.79,2081463
5.79,2080020
5.87,2076812
5.88,2063616
5.97,2053587
5.98,2042968
6.09,2040947
6.11,2035742
6.12,2035599
6.13,2030535
6.16,2029705
6.16,2029461
6.17,1994296
6.19,1991920
6.19,1957119
6.22,1955554
6.3,1940069
6.31,1939288
6.32,1938482
6.33,1938359
6.34,1936214
6.35,1932428
6.4,1931551
6.45,1929253
6.46,1927100
6.47,1926095
6.49,1917065
6.49,1916186
6.54,1914503
6.56,1911830
6.58,1911679
6.61,1892036
6.64,1883775
6.66,1879539
6.67,1876376
6.67,1875791
6.68,1853834
6.7,1824504
6.83,1823990
6.83,1821397
6.84,1818964
6.95,1815656
6.95,1815514
7.01,1814813
7.03,1811365
7.05,1803384
7.15,1798702
7.18,1798638
7.24,1795234
7.27,1794452
7.3,1793346
7.31,1789002
7.35,1786981
7.36,1782598
7.37,1780760
7.5,1752912
7.53,1750073
7.55,1749254
7.59,1747823
7.62,1743968
7.7,1742912
7.73,1712139
7.73,1702253
7.82,1696822
7.89,1691411
7.95,1690120
8.01,1689334
8.04,1681190
8.12,1677302
8.13,1664878
8.18,1659023
8.18,1656841
8.24,1656594
8.28,1656231
8.3,1655381
8.3,1649972
8.3,1645467
8.3,1645028
8.33,1644977
8.47,1641828
8.51,1636185
8.51,1634829
8.52,1612690
8.55,1610821
8.59,1595879
8.63,1594010
8.75,1587131
8.77,1557377
8.86,1538186
8.87,1537747
8.97,1535938
9.02,1528872
9.08,1527766
9.12,1527297
9.14,1525760
9.18,1521907
9.36,1518990
9.38,1517763
9.38,1517443
9.45,1517437
9.53,1515789
9.6,1511353
9.76,1509278
9.79,1503338
9.85,1491871
9.85,1483688
9.95,1482943
9.96,1482751
9.97,1476581
9.98,1475836
10.06,1472314
10.2,1443980
10.37,1440674
10.41,1438644
10.44,1437258
10.44,1436951
10.44,1436158
10.56,1434832
10.57,1430360
10.8,1425791
11,1421788
11.29,1412456
11.36,1412154
11.4,1412131
11.45,1411648
11.52,1402319
11.57,1401720
11.89,1397846
11.99,1397654
12.02,1395520
12.08,1395310
12.23,1395122
12.28,1393427
12.31,1393029
12.32,1393018
12.45,1388487
12.77,1388277
12.78,1385813
12.92,1385736
12.97,1385049
13.23,1380776
13.25,1380185
13.28,1379891
13.37,1371846
13.5,1371364
13.54,1371177
13.55,1370717
13.56,1369176
13.74,1368792
13.84,1368370
13.87,1367898
13.95,1364588
14.12,1358740
14.18,1358578
14.23,1357035
14.43,1356920
14.51,1355890
14.71,1355266
14.84,1352288
15.41,1349677
16.07,1348327
16.23,1347777
16.35,1347587
16.58,1347556
16.63,1347409
16.65,1342854
16.83,1342382
16.84,1338157
16.97,1338129
17.03,1338011
17.04,1338005
17.07,1335208
17.1,1335183
17.17,1334689
17.2,1333281
17.3,1332641
17.36,1331631
17.51,1330588
17.74,1330486
17.76,1329860
17.88,1316886
18,1316102
18.02,1314310
18.32,1314208
18.43,1313838
18.78,1311156
19.34,1310899
19.68,1310160
19.71,1310088
19.73,1309834
19.86,1309814
