0.02,692495
0.02,689151
0.02,687315
0.02,676797
0.03,673990
0.03,671710
0.03,661748
0.04,660218
0.04,658412
0.04,658199
0.05,649802
0.05,647723
0.05,640512
0.05,638262
0.05,637651
0.06,637506
0.06,637256
0.06,621913
0.06,620752
0.06,615207
0.07,608312
0.08,608088
0.09,597074
0.1,589418
0.1,588160
0.1,585981
0.11,579266
0.12,578426
0.13,574952
0.13,574374
0.14,568812
0.15,565619
0.16,564754
0.17,561195
0.18,558930
0.2,555049
0.21,550054
0.22,549484
0.23,546833
0.23,545808
0.24,545721
0.25,542810
0.26,541913
0.26,540966
0.27,538368
0.27,537164
0.29,534444
0.31,534081
0.32,529656
0.35,529375
0.35,528955
0.37,527077
0.4,526197
0.41,522935
0.43,521678
0.43,520620
0.44,518620
0.45,517638
0.45,516579
0.47,510844
0.48,510071
0.48,508238
0.49,507196
0.49,502799
0.5,502598
0.5,501656
0.51,496419
0.51,495598
0.52,494792
0.53,494556
0.54,493249
0.54,493188
0.54,491238
0.56,489709
0.56,488947
0.57,488907
0.57,488367
0.58,487084
0.6,486825
0.6,483309
0.62,480592
0.63,480399
0.64,478790
0.64,478347
0.66,473971
0.69,470971
0.73,461850
0.75,461670
0.77,460680
0.77,460341
0.77,457001
0.79,452891
0.81,449341
0.84,448133
0.87,445848
0.88,441809
0.9,439436
0.91,436669
0.93,432722
0.94,432480
0.95,431243
0.95,423569
0.98,420613
0.98,419561
1.02,416102
1.04,415985
1.06,414742
1.08,414444
1.09,414377
1.12,413919
1.15,412697
1.15,411220
1.19,409479
1.21,409016
1.24,407184
1.25,405781
1.26,404812
1.26,401327
1.26,399282
1.27,395475
1.27,387026
1.28,386951
1.29,386583
1.3,386130
1.34,385605
1.34,382692
1.34,377811
1.36,375401
1.4,372967
1.42,371761
1.43,365515
1.47,363765
1.49,361763
1.49,357248
1.5,355446
1.52,351086
1.56,351020
1.56,348295
1.58,344121
1.62,339969
1.63,339593
1.64,334934
1.67,332336
1.67,331029
1.69,330472
1.69,329154
1.69,322188
1.7,321285
1.7,318910
1.73,318858
1.75,317936
1.75,317867
1.77,316362
1.8,314300
1.82,313905
1.85,313748
1.86,311424
1.9,311213
1.93,310954
1.93,310664
1.94,310200
1.98,310053
1.98,307480
1.99,305968
2.02,305898
2.02,304918
2.03,302868
2.03,302503
2.06,300586
2.07,299869
2.09,297983
2.11,297723
2.13,297083
2.21,295599
2.23,294795
2.25,294769
2.26,293973
2.27,293966
2.28,291429
2.33,290643
2.37,290497
2.38,289232
2.4,288620
2.44,283143
2.44,281873
2.46,281801
2.46,277582
2.47,277207
2.49,271496
2.54,270842
2.58,269356
2.58,269074
2.64,265759
2.69,263525
2.8,262675
2.85,260272
2.9,260178
2.91,259590
2.92,259451
2.96,259075
2.98,258008
3.05,254701
3.14,249149
3.17,248789
3.19,247770
3.2,247016
3.33,246453
3.33,246356
3.36,244079
3.49,242639
3.53,241281
3.57,241201
3.57,240611
3.64,239425
3.7,237007
3.82,236225
3.85,236128
3.88,235649
3.91,234300
4.1,228821
4.16,228725
4.19,228205
4.2,226594
4.24,226497
4.26,225708
4.33,225229
4.36,224098
4.39,223646
4.39,223639
4.4,223170
4.43,222811
4.43,221921
4.44,217624
4.52,217536
4.53,216198
4.57,216023
4.58,215467
4.63,215194
4.64,214122
4.66,213124
4.76,210941
4.81,210443
4.85,210082
4.93,209952
4.95,209334
5.11,209263
5.12,205395
5.19,204407
5.21,203268
5.32,203051
5.32,200895
5.4,200854
5.47,200752
5.48,200704
5.5,200188
5.54,198402
5.66,198116
5.69,195521
5.85,195127
5.87,195046
5.87,194758
5.91,194633
5.97,193277
6.13,192693
6.17,192437
6.33,191942
6.39,191790
6.4,190849
6.49,189581
6.5,188534
6.52,186937
6.59,186492
6.6,183570
6.62,182594
6.75,181452
6.79,181441
6.8,181108
6.82,181024
6.83,180226
6.86,180172
6.92,178695
7.03,177894
7.03,177113
7.16,177042
7.21,176378
7.23,176356
7.26,176009
7.34,175274
7.52,174754
7.65,174514
7.69,173039
7.9,172849
7.9,172069
8.13,170840
8.17,170379
8.18,169836
8.3,169574
8.36,169491
8.36,168453
8.39,167899
8.53,167596
8.58,167400
8.63,167181
8.69,167074
8.76,167042
8.82,166662
9.01,166406
9.1,166213
9.11,165550
9.2,164882
9.29,164261
9.39,164001
9.47,163894
9.54,163735
9.72,163170
10.05,163067
10.32,162949
10.32,162490
10.57,162273
10.63,162007
10.65,161494
10.7,160884
10.76,159952
10.76,159567
11.14,159543
11.21,158941
11.42,157955
11.65,157884
11.87,157152
12.12,157068
12.17,155371
12.55,155291
12.62,155067
12.69,154313
13,154233
13.08,153477
13.29,152954
13.37,152912
13.44,151854
13.57,151559
14.09,150394
14.42,149533
14.59,149190
14.71,148838
14.73,148601
15.14,148549
15.19,148542
15.21,148383
15.28,146536
15.38,146467
15.72,145791
16.74,145363
16.89,145339
17.25,145068
18.05,144716
18.39,144696
18.45,144297
19.5,144156
19.56,143822
