0.02,692495
0.02,684447
0.03,681307
0.03,679897
0.03,672571
0.04,671216
0.04,660300
0.04,650384
0.05,647304
0.06,647285
0.06,626670
0.07,625967
0.07,621036
0.08,620684
0.09,620641
0.09,620110
0.1,596575
0.13,587692
0.13,585321
0.14,580978
0.14,577693
0.15,574180
0.16,569216
0.17,562807
0.18,555708
0.19,555547
0.2,550932
0.2,550325
0.21,549124
0.21,546138
0.21,543076
0.22,541335
0.23,540002
0.23,538526
0.24,528994
0.24,528012
0.24,527620
0.24,525797
0.25,525556
0.26,525514
0.26,519005
0.28,518848
0.28,515022
0.32,512555
0.32,511298
0.33,506517
0.34,503087
0.36,500812
0.36,499522
0.38,497358
0.38,496792
0.39,496078
0.39,480084
0.4,479879
0.4,477594
0.4,476397
0.4,473353
0.42,469498
0.43,469163
0.43,468725
0.43,465567
0.44,453489
0.47,442669
0.5,439943
0.52,432126
0.58,432040
0.58,431664
0.6,430685
0.64,428894
0.65,425846
0.66,423596
0.67,417462
0.76,412814
0.81,409563
0.81,406158
0.82,403868
0.83,403734
0.84,403609
0.84,401180
0.92,395005
0.94,394711
0.94,392996
0.96,392957
0.96,388318
0.97,387819
0.97,386618
0.98,386323
0.98,374254
0.99,372020
1.01,367241
1.01,364234
1.06,361530
1.06,356580
1.06,356115
1.1,353288
1.13,352473
1.13,349382
1.17,349215
1.19,346642
1.21,345135
1.23,341544
1.24,339997
1.25,339352
1.26,338420
1.27,337394
1.27,336427
1.28,335504
1.29,334021
1.32,333817
1.33,333511
1.34,331209
1.35,331137
1.36,330464
1.37,329180
1.37,328231
1.38,328003
1.39,327647
1.39,327630
1.39,326285
1.41,319263
1.42,314977
1.44,314719
1.44,313031
1.45,312453
1.47,310460
1.48,310434
1.51,304450
1.58,303655
1.6,302252
1.62,298970
1.63,297939
1.63,297553
1.66,297386
1.66,293564
1.69,293491
1.72,292827
1.74,292182
1.75,291564
1.76,288935
1.77,283913
1.81,281883
1.85,281572
1.9,280609
1.91,279699
1.92,278425
1.93,277307
1.98,276066
1.99,273956
2.01,273300
2.03,268339
2.12,268083
2.19,267630
2.21,267580
2.29,267341
2.29,266565
2.31,265518
2.32,265204
2.35,265158
2.35,263836
2.36,262978
2.39,261527
2.4,260908
2.42,260489
2.45,259895
2.49,258805
2.52,258716
2.56,257833
2.56,257583
2.58,257443
2.59,248906
2.64,248382
2.64,247782
2.67,247130
2.67,247124
2.67,246899
2.67,246423
2.71,244895
2.71,242654
2.75,242133
2.78,241161
2.78,237257
2.79,234831
2.8,234581
2.87,234359
2.88,234195
2.89,233637
2.95,232953
2.97,232728
2.98,230938
3.05,230576
3.09,229215
3.11,227502
3.18,227491
3.19,227317
3.22,226609
3.23,225774
3.23,225680
3.24,222057
3.3,221135
3.35,220662
3.37,219726
3.41,218264
3.42,215743
3.5,209725
3.52,209579
3.58,209275
3.6,207614
3.6,206929
3.66,206572
3.71,206173
3.72,205410
3.76,205376
3.76,204702
3.81,204399
3.87,203829
3.94,203298
3.95,202921
4.04,202034
4.11,201878
4.17,201111
4.2,200950
4.25,199344
4.32,199196
4.38,198704
4.38,198548
4.42,198287
4.44,196688
4.49,195613
4.5,194790
4.54,194622
4.79,194429
4.8,194092
4.85,193627
5.17,192897
5.24,192458
5.24,190335
5.27,189503
5.29,189120
5.29,188804
5.3,187923
5.38,187248
5.41,187132
5.46,187118
5.49,185496
5.53,185464
5.63,185263
5.67,183873
5.69,183865
5.71,183577
5.74,183386
5.74,182329
5.79,181518
5.82,181233
5.83,179448
5.92,179374
5.97,179185
5.97,179090
6.04,178739
6.05,178261
6.07,177579
6.12,177309
6.13,177258
6.19,176893
6.31,176889
6.42,176873
6.46,176576
6.57,176132
6.6,175813
6.92,175478
7.06,173878
7.12,173830
7.13,173128
7.16,172282
7.32,171352
7.5,171149
7.67,171102
7.74,169656
7.83,168985
7.96,168785
7.99,168553
8.12,168159
8.13,167769
8.44,166548
8.52,166541
8.6,166344
8.88,165880
8.94,165673
9,164676
9.04,164624
9.22,164573
9.3,164568
9.32,163289
9.45,162761
9.56,162034
9.7,161603
9.71,161441
9.79,161188
9.91,160316
0.02,692495
0.02,684447
0.03,681307
0.03,679897
0.03,672571
0.04,671216
0.04,660300
0.05,650384
0.05,647304
0.06,647285
0.06,626670
0.07,625967
0.07,621036
0.08,620684
0.09,620641
0.09,620110
0.1,596575
0.12,587692
0.13,585321
0.14,580978
0.14,577693
0.15,574180
0.16,569216
0.17,562807
0.17,555708
0.19,555547
0.19,550932
0.2,550325
0.2,549124
0.21,546138
0.21,543076
0.22,541335
0.22,540002
0.23,538526
0.23,528994
0.23,528012
0.23,527620
0.24,525797
0.25,525556
0.25,525514
0.26,519005
0.28,518848
0.28,515022
0.32,512555
0.32,511298
0.33,506517
0.34,503087
0.36,500812
0.36,499522
0.38,497358
0.38,496792
0.39,496078
0.39,480084
0.4,479879
0.4,477594
0.4,476397
0.4,473353
0.42,469498
0.43,469163
0.43,468725
0.44,465567
0.45,453489
0.48,442669
0.52,439943
0.54,432126
0.67,432040
0.67,431664
0.71,430685
0.76,428894
0.77,425846
0.77,423596
0.78,417462
0.83,412814
0.86,409563
0.86,406158
0.87,403868
0.88,403734
0.89,403609
0.89,401180
0.96,395005
0.99,394711
0.99,392996
1.01,392957
1.01,388318
1.01,387819
1.02,386618
1.03,386323
1.03,374254
1.04,372020
1.06,367241
1.06,364234
1.1,361530
1.11,356580
1.11,356115
1.15,353288
1.18,352473
1.18,349382
1.22,349215
1.24,346642
1.26,345135
1.27,341544
1.29,339997
1.29,339352
1.3,338420
1.31,337394
1.31,336427
1.32,335504
1.33,334021
1.36,333817
1.37,333511
1.38,331209
1.39,331137
1.4,330464
1.41,329180
1.41,328231
1.42,328003
1.42,327647
1.43,327630
1.43,326285
1.45,319263
1.45,314977
1.48,314719
1.48,313031
1.49,312453
1.5,310460
1.52,310434
1.54,304450
1.61,303655
1.62,302252
1.64,298970
1.64,297939
1.64,297553
1.66,297386
1.66,293564
1.68,293491
1.7,292827
1.71,292182
1.72,291564
1.72,288935
1.73,283913
1.75,281883
1.78,281572
1.83,280609
1.85,279699
1.85,278425
1.86,277307
1.91,276066
1.93,273956
1.94,273300
1.97,268339
2.06,268083
2.13,267630
2.15,267580
2.23,267341
2.23,266565
2.25,265518
2.27,265204
2.3,265158
2.3,263836
2.3,262978
2.33,261527
2.34,260908
2.36,260489
2.39,259895
2.42,258805
2.45,258716
2.5,257833
2.5,257583
2.51,257443
2.52,248906
2.57,248382
2.57,247782
2.6,247130
2.6,247124
2.6,246899
2.6,246423
2.64,244895
2.64,242654
2.67,242133
2.7,241161
2.71,237257
2.72,234831
2.73,234581
2.81,234359
2.82,234195
2.83,233637
2.89,232953
2.91,232728
2.92,230938
2.99,230576
3.03,229215
3.04,227502
3.11,227491
3.12,227317
3.15,226609
3.16,225774
3.16,225680
3.16,222057
3.22,221135
3.27,220662
3.28,219726
3.32,218264
3.33,215743
3.39,209725
3.4,209579
3.45,209275
3.46,207614
3.47,206929
3.52,206572
3.56,206173
3.57,205410
3.61,205376
3.62,204702
3.66,204399
3.71,203829
3.77,203298
3.78,202921
3.86,202034
3.92,201878
3.97,201111
3.99,200950
4.03,199344
4.08,199196
4.12,198704
4.12,198548
4.15,198287
4.17,196688
4.22,195613
4.22,194790
4.26,194622
4.49,194429
4.5,194092
4.55,193627
4.88,192897
4.96,192458
4.96,190335
5,189503
5.02,189120
5.02,188804
5.03,187923
5.1,187248
5.14,187132
5.18,187118
5.21,185496
5.26,185464
5.35,185263
5.39,183873
5.41,183865
5.42,183577
5.45,183386
5.45,182329
5.5,181518
5.53,181233
5.53,179448
5.63,179374
5.67,179185
5.68,179090
5.74,178739
5.75,178261
5.78,177579
5.82,177309
5.83,177258
5.9,176893
6.02,176889
6.15,176873
6.19,176576
6.3,176132
6.34,175813
6.68,175478
6.84,173878
6.9,173830
6.91,173128
6.95,172282
7.11,171352
7.32,171149
7.49,171102
7.56,169656
7.64,168985
7.77,168785
7.8,168553
7.89,168159
7.9,167769
8.12,166548
8.19,166541
8.25,166344
8.46,165880
8.52,165673
8.58,164676
8.62,164624
8.79,164573
8.87,164568
8.9,163289
9.04,162761
9.15,162034
9.3,161603
9.31,161441
9.39,161188
9.53,160316
