0.02,692495
0.03,690332
0.03,690129
0.03,683427
0.03,675088
0.04,662302
0.04,658305
0.04,656638
0.04,655542
0.05,638627
0.05,632637
0.05,624661
0.06,623723
0.07,619563
0.07,618858
0.07,607226
0.08,597093
0.1,597047
0.11,589665
0.11,585206
0.12,574793
0.16,572516
0.16,566114
0.17,565329
0.18,563488
0.2,562868
0.2,559580
0.21,559172
0.22,558854
0.23,557779
0.24,556603
0.24,553374
0.26,553310
0.28,550965
0.29,548738
0.29,548121
0.29,547197
0.3,546396
0.3,545023
0.31,543288
0.31,541883
0.32,541062
0.33,539761
0.34,538420
0.34,537989
0.35,531082
0.35,519335
0.36,518610
0.37,514292
0.38,512904
0.38,511501
0.39,505004
0.39,501807
0.4,500521
0.4,498401
0.4,498083
0.41,497489
0.41,497209
0.42,492837
0.43,490576
0.43,489212
0.43,488967
0.44,488572
0.45,483076
0.45,480232
0.46,477974
0.48,470582
0.52,468177
0.52,467952
0.53,467079
0.53,466768
0.54,463107
0.55,461212
0.56,460920
0.56,460695
0.57,459057
0.58,458854
0.58,457961
0.59,457310
0.59,452215
0.64,448531
0.65,446921
0.66,436680
0.69,435240
0.72,434723
0.72,432723
0.73,429477
0.73,425533
0.73,425323
0.74,423280
0.76,419143
0.77,417129
0.81,415425
0.83,409055
0.84,408957
0.84,406473
0.87,402173
0.89,400352
0.9,397510
0.91,397365
0.92,393590
0.94,393575
0.95,392501
0.95,386777
0.97,385180
1,381233
1.01,381153
1.04,379647
1.06,378752
1.07,376321
1.08,372500
1.12,371415
1.13,367487
1.13,365639
1.21,364838
1.23,363296
1.24,362763
1.28,362493
1.29,362467
1.29,357351
1.34,353251
1.34,352464
1.35,350956
1.38,350813
1.39,345426
1.39,342733
1.43,341767
1.44,340935
1.44,340279
1.44,339615
1.45,338573
1.45,335336
1.46,333434
1.48,333427
1.5,328869
1.54,326862
1.55,321422
1.6,320545
1.61,320124
1.61,319534
1.61,319485
1.62,317353
1.65,314614
1.65,314353
1.66,312501
1.67,311493
1.77,310248
1.8,309564
1.82,307236
1.83,306344
1.89,306126
1.91,305826
1.91,303217
1.98,302965
1.99,302026
2,301927
2.01,301452
2.02,299751
2.11,299368
2.18,296919
2.19,296713
2.2,293807
2.22,292920
2.33,292058
2.33,291131
2.36,286294
2.39,282300
2.47,278977
2.54,278906
2.54,278051
2.55,277566
2.56,277354
2.56,277100
2.58,275513
2.6,272707
2.62,271246
2.63,270332
2.67,266266
2.7,265476
2.71,265060
2.74,262078
2.76,259639
2.79,258256
2.81,256336
2.82,254680
2.85,253058
2.85,252333
2.89,249289
2.91,248194
2.93,247555
2.94,246769
2.99,245667
3.03,244042
3.05,243540
3.09,242618
3.16,240012
3.17,239471
3.26,238491
3.32,230753
3.34,230663
3.35,229587
3.38,229019
3.52,228175
3.62,228032
3.69,227898
3.7,227889
3.7,227203
3.74,226047
3.75,225586
3.87,225494
3.91,223140
3.93,222265
4.08,220768
4.1,220756
4.11,220603
4.19,220342
4.21,220005
4.22,216843
4.27,216570
4.29,216391
4.31,215957
4.39,215440
4.43,215058
4.46,214943
4.49,214808
4.56,214225
4.56,214160
4.58,212092
4.64,211545
4.69,211293
4.69,209620
4.75,209161
4.88,208553
4.88,208316
5.04,208219
5.09,207646
5.11,207437
5.12,207192
5.18,206314
5.32,204806
5.5,204669
5.56,204016
5.67,203172
5.72,202914
5.76,202725
5.78,201189
5.84,199749
5.88,199690
5.99,197764
6.12,197732
6.18,197490
6.18,197457
6.33,196963
6.35,196437
6.52,196433
6.61,196195
6.78,193883
6.82,193671
6.87,192796
7,192444
7.21,191783
7.34,189186
7.37,188237
7.37,188090
7.46,187240
7.51,187221
7.56,186770
7.75,186696
7.79,186388
7.81,186371
7.83,186072
7.85,185918
7.87,184825
7.94,182946
8.03,182827
8.05,182020
8.08,181967
8.09,181595
8.14,181204
8.35,180538
8.47,180063
8.51,179618
8.57,178849
8.58,178623
8.69,178289
8.73,177737
8.76,176147
9.18,175448
9.49,174108
9.85,172671
9.88,171015
9.93,170492
9.95,170281
10.06,169369
10.1,168393
10.24,167962
10.46,167749
10.48,167456
10.52,166980
10.84,165532
11.13,164727
11.22,164677
11.26,164609
11.28,163335
11.47,163133
11.52,163047
11.85,163045
11.88,161988
12.12,161546
12.34,161188
12.42,159843
12.58,159161
12.76,158887
12.76,158401
12.85,158136
12.92,158086
12.95,157420
13.99,156938
14.07,156172
14.14,156091
14.29,155538
14.67,155488
14.71,155262
15.09,155215
15.21,154931
15.26,154911
15.89,154750
16.03,154703
16.04,154477
16.66,154401
16.92,154193
16.96,154142
17,153407
17.1,153361
17.13,152691
17.51,152396
17.86,152132
17.94,151906
18.18,151821
18.48,151775
18.78,151549
18.86,151502
18.91,151493
19.08,150530
19.88,150508
