0.02,692495
0.03,685642
0.03,683152
0.03,676096
0.03,662751
0.03,662458
0.04,662050
0.04,661805
0.04,660813
0.04,650489
0.05,635701
0.05,634765
0.05,631270
0.05,629592
0.06,625112
0.06,616592
0.06,614795
0.07,613194
0.07,613056
0.07,609134
0.08,595203
0.09,594996
0.1,592719
0.11,592358
0.11,591095
0.11,586861
0.11,584908
0.12,584189
0.13,583947
0.13,578085
0.13,576910
0.14,571171
0.16,566948
0.16,565910
0.19,560268
0.21,555402
0.21,540562
0.23,535773
0.23,533220
0.24,532699
0.25,529255
0.26,525549
0.26,516831
0.28,515991
0.28,511949
0.29,506287
0.3,503997
0.3,501487
0.32,496752
0.32,493026
0.33,477560
0.34,476652
0.36,473416
0.38,473085
0.38,470064
0.38,468599
0.38,468474
0.39,468301
0.39,464896
0.4,463995
0.41,463326
0.41,461703
0.42,460615
0.42,458901
0.45,457886
0.46,455801
0.49,454808
0.5,453554
0.51,452420
0.51,451593
0.54,450099
0.54,443327
0.57,442764
0.57,440542
0.63,440216
0.64,439688
0.64,437124
0.68,436971
0.69,431857
0.71,423043
0.76,423042
0.78,421075
0.79,420099
0.83,420085
0.83,417849
0.83,416896
0.85,414688
0.87,414409
0.89,411698
0.91,407389
0.94,407357
0.94,405040
0.97,404262
1.02,404200
1.02,403791
1.04,403773
1.04,403485
1.05,402860
1.05,402854
1.06,402288
1.07,400378
1.09,399619
1.11,399343
1.11,396024
1.13,394788
1.16,394656
1.17,392710
1.17,392175
1.22,390525
1.24,390246
1.26,388861
1.27,388342
1.27,383890
1.29,382740
1.31,379096
1.33,378202
1.33,377477
1.35,376801
1.36,375507
1.38,373776
1.41,372137
1.49,371277
1.51,370337
1.53,368683
1.54,366495
1.55,364696
1.59,363484
1.6,362348
1.64,360566
1.65,360429
1.66,359385
1.67,359247
1.69,358036
1.69,351644
1.73,351563
1.73,348034
1.74,345127
1.78,344707
1.78,343065
1.81,343030
1.83,342151
1.83,341490
1.84,340552
1.86,339992
1.87,339689
1.89,338044
1.89,336186
1.93,332673
1.94,332276
1.98,329161
2,327234
2.01,326664
2.02,325151
2.09,323141
2.11,322843
2.14,322194
2.15,319762
2.19,319720
2.19,319177
2.23,319098
2.25,317471
2.27,312559
2.3,310269
2.34,309099
2.37,308887
2.37,308592
2.38,308396
2.4,305661
2.42,303989
2.42,301722
2.43,299855
2.5,298670
2.51,297759
2.51,297152
2.55,295985
2.57,295494
2.6,293625
2.7,292949
2.7,289445
2.74,288724
2.75,287492
2.76,287003
2.77,285065
2.82,283655
2.91,279223
2.94,279132
2.97,278342
3.03,278166
3.03,277585
3.04,277432
3.08,277314
3.08,276580
3.1,274108
3.14,273547
3.14,271689
3.16,271523
3.2,269224
3.23,264793
3.29,250866
3.37,250845
3.42,250224
3.42,247634
3.51,245894
3.57,239759
3.61,238082
3.63,235503
3.72,235438
3.73,234229
3.78,233287
3.84,232674
3.85,231924
3.87,228998
3.95,228321
3.95,227249
4,226101
4,225886
4.05,225850
4.08,225251
4.08,222470
4.13,219464
4.23,218739
4.24,218420
4.3,218194
4.36,217396
4.4,216755
4.43,216565
4.45,216476
4.47,216316
4.47,215981
4.48,215871
4.49,215597
4.53,215396
4.57,215189
4.59,215108
4.62,214660
4.64,214392
4.8,213056
5.04,211645
5.04,211478
5.13,211377
5.17,211133
5.2,210380
5.27,207988
5.4,207956
5.43,207431
5.46,206530
5.54,206362
5.54,206136
5.57,205997
5.58,205399
5.59,204013
5.74,201883
5.83,201837
5.85,201819
5.91,201775
5.94,201670
5.96,200663
6.06,199118
6.16,198850
6.19,198066
6.28,197859
6.28,197848
6.29,197641
6.39,197580
6.39,196902
6.46,196899
6.47,196517
6.54,196432
6.58,195581
6.64,195493
6.64,195073
6.67,192865
6.71,192525
6.87,192475
6.88,192088
6.9,191284
6.95,190785
7.11,190747
7.19,189170
7.24,188469
7.29,188419
7.35,187073
7.36,185862
7.44,185335
7.47,184976
7.48,182540
7.69,182382
7.74,181454
7.76,181008
7.77,180590
7.78,180356
7.81,179302
7.9,178464
8,178143
8.01,177878
8.03,177742
8.1,175872
8.2,175710
8.27,174511
8.39,173752
8.49,173561
8.52,172912
8.64,172878
8.78,172132
8.79,171964
8.87,171527
8.98,170359
9.02,169944
9.02,169128
9.12,169088
9.27,168909
9.28,168299
9.38,168239
9.79,167872
9.79,167409
9.9,166986
10.05,166667
10.07,166546
10.16,166471
10.32,166036
10.39,165997
10.41,165513
10.73,165346
10.75,164931
10.78,164699
10.82,164343
10.91,163726
11.11,163631
11.11,163372
11.17,163289
11.37,162333
11.69,161856
11.8,161506
11.85,161337
12.47,161008
12.89,160392
13.13,160283
13.14,159733
13.35,159359
13.76,159144
13.85,158807
13.98,158607
13.99,158197
14.29,157758
14.68,157697
14.8,157529
14.85,157370
15.07,156483
15.16,155800
15.29,155599
15.43,155503
15.49,154990
15.72,154893
15.72,154745
15.95,153901
16.21,153654
16.22,153323
16.3,152985
16.41,152807
16.55,152656
16.57,152071
16.72,152012
16.9,151633
17.35,151597
17.77,151121
17.85,151004
18.27,150342
18.53,149417
18.69,148898
18.79,148890
19.03,148829
19.21,148722
19.26,148659
19.27,148507
19.66,148202
