0.02,670571
0.03,663540
0.04,661262
0.05,657842
0.05,651173
0.06,645891
0.06,645286
0.07,641344
0.07,637974
0.08,633046
0.08,630328
0.09,623920
0.09,609144
0.1,583883
0.11,580427
0.12,579680
0.12,577025
0.12,574291
0.13,573143
0.14,572097
0.15,571933
0.15,571863
0.15,563192
0.16,550931
0.17,550686
0.17,550471
0.17,549309
0.17,545926
0.18,543717
0.18,543489
0.19,543471
0.19,542945
0.19,539818
0.2,538077
0.2,537462
0.21,534814
0.22,534049
0.22,533918
0.23,533887
0.23,532807
0.23,532420
0.24,531104
0.24,526867
0.24,522592
0.25,521284
0.26,519764
0.26,519153
0.28,508818
0.29,501862
0.3,499393
0.33,498077
0.34,497389
0.35,496112
0.35,494752
0.36,493099
0.36,492221
0.37,491954
0.38,491009
0.4,486489
0.42,485881
0.43,485292
0.43,483396
0.44,483308
0.44,482931
0.45,482089
0.46,481655
0.47,481191
0.47,478200
0.48,477077
0.48,476126
0.49,475211
0.49,467869
0.51,467521
0.52,466910
0.54,466180
0.55,465335
0.56,465158
0.56,461179
0.57,457916
0.58,452217
0.58,451990
0.62,450859
0.62,449908
0.63,449706
0.63,448784
0.63,447467
0.63,446742
0.64,446484
0.65,443873
0.65,440508
0.68,437016
0.69,434292
0.72,433969
0.72,426322
0.74,425818
0.74,424411
0.76,424338
0.76,423778
0.77,422939
0.78,422701
0.8,421298
0.81,419695
0.83,419227
0.84,418394
0.86,414222
0.9,410518
0.91,409436
0.91,407883
0.92,403634
0.93,403527
0.95,399184
0.96,398461
0.96,394069
0.97,390783
0.97,388812
0.98,386360
0.98,385488
0.99,383887
1.01,382179
1.04,381778
1.06,361695
1.1,361525
1.12,359315
1.17,359298
1.19,359066
1.2,357997
1.25,357477
1.25,356719
1.29,356589
1.33,353717
1.34,353283
1.35,350137
1.38,349079
1.38,346868
1.42,345111
1.44,341298
1.45,335817
1.47,330867
1.51,330278
1.53,328850
1.6,326160
1.63,325423
1.67,324183
1.67,321654
1.69,319225
1.73,318728
1.73,318559
1.78,313718
1.82,309098
1.83,308601
1.87,308027
1.87,303686
1.89,299952
1.9,299354
1.92,298874
1.93,298727
1.93,298222
1.96,296780
2.05,294408
2.08,292457
2.1,291445
2.11,291411
2.12,290433
2.12,290321
2.13,289866
2.15,288995
2.17,288965
2.17,288440
2.17,288398
2.18,287304
2.21,286112
2.28,285626
2.28,285010
2.28,284285
2.3,284246
2.31,282949
2.39,282612
2.4,280261
2.41,279970
2.43,279828
2.45,279332
2.46,277968
2.47,277806
2.53,276344
2.57,276130
2.59,275057
2.63,274885
2.67,274042
2.69,273368
2.69,272858
2.76,272653
2.77,272337
2.78,272086
2.79,270503
2.81,269965
2.9,268631
2.9,268543
2.91,267041
2.98,266515
2.99,265346
2.99,265057
3,264967
3.05,264120
3.06,261449
3.07,261382
3.08,260828
3.08,258769
3.14,256196
3.25,254444
3.28,254203
3.32,251321
3.34,251302
3.39,251071
3.41,249994
3.42,249338
3.43,246261
3.47,245917
3.52,245105
3.55,242467
3.73,241461
3.73,241220
3.78,240411
3.86,240185
3.87,236511
3.88,231614
3.89,230769
3.93,230267
3.95,229563
3.96,228084
3.96,227782
3.97,227126
3.99,227125
4.01,227046
4.07,226167
4.08,226079
4.1,225771
4.11,224297
4.13,223901
4.18,223043
4.22,221888
4.23,220768
4.37,220551
4.42,219411
4.43,218094
4.44,217562
4.49,217003
4.51,216393
4.54,215426
4.7,214682
4.75,214390
4.79,214040
4.87,213877
4.88,211596
4.94,210623
4.96,209257
5.14,208622
5.15,208016
5.21,207688
5.36,205369
5.39,204914
5.48,200039
5.51,200032
5.53,199915
5.53,199625
5.54,198321
5.57,196229
5.63,196030
5.66,195312
5.73,194303
5.77,193946
5.77,193474
5.8,193149
5.81,189768
5.92,189569
5.93,189399
5.93,189385
5.95,189296
5.97,188849
5.99,188189
6.01,187477
6.1,186956
6.12,186539
6.22,186126
6.24,184523
6.31,184205
6.34,184105
6.42,183418
6.45,181726
6.58,180868
6.71,180543
6.75,180536
6.91,179373
6.94,178317
7.03,176432
7.13,176248
7.52,176172
7.57,175125
7.72,174810
7.78,174677
7.78,174421
7.92,174367
8.07,174108
8.17,173724
8.36,173477
8.54,172876
8.67,172797
8.79,172244
8.9,171449
8.98,170741
9,170491
9.15,168860
9.55,168439
9.81,168138
9.87,166786
10.06,166602
10.22,166324
10.32,165865
10.34,165434
11.12,164850
11.4,164403
11.5,163671
11.96,163208
12.14,163078
12.28,162911
12.29,162850
12.61,162647
12.74,160622
12.84,160422
12.97,160416
13.07,160402
13.11,160140
13.24,159691
13.68,159195
14.11,158774
14.23,158690
14.58,158625
14.64,157805
14.84,157740
14.98,157532
15.08,157434
15.09,157023
15.39,156890
15.41,156665
16.12,156558
16.17,156179
17.2,153826
17.71,153695
17.83,153214
18.2,153212
18.45,152628
19.08,152542
19.26,152444
19.36,152376
19.37,152371
19.46,151364
19.79,151139
19.94,151089
