0.02,692495
0.02,691967
0.02,682076
0.04,680150
0.04,677812
0.04,676287
0.05,676223
0.05,672961
0.05,667086
0.05,653031
0.07,630970
0.07,629288
0.08,617674
0.09,616398
0.1,607270
0.1,603695
0.1,591808
0.11,590914
0.12,575358
0.12,573250
0.12,571115
0.12,570531
0.13,567848
0.14,564332
0.14,563000
0.14,560278
0.15,559810
0.16,559694
0.16,558895
0.16,553488
0.18,547046
0.18,544000
0.19,543428
0.19,541662
0.2,538509
0.2,536906
0.2,533450
0.21,526176
0.23,525189
0.23,523777
0.24,523284
0.24,523245
0.25,507105
0.26,503823
0.29,497296
0.3,495630
0.31,494768
0.32,494387
0.32,492884
0.34,489680
0.36,488308
0.41,485543
0.42,485407
0.43,484015
0.43,483956
0.46,483359
0.48,483018
0.48,482287
0.5,482090
0.5,481557
0.5,479669
0.5,478804
0.51,478427
0.52,477834
0.52,477472
0.53,477245
0.55,473509
0.55,471125
0.56,471081
0.56,467489
0.57,460908
0.6,456362
0.62,453330
0.63,451854
0.63,450928
0.63,449708
0.64,443638
0.64,441706
0.65,440079
0.67,440009
0.7,438593
0.7,436932
0.72,435730
0.76,434301
0.76,430789
0.79,430730
0.82,427211
0.84,426686
0.89,425433
0.94,424531
1.03,424074
1.03,423724
1.04,419022
1.06,414359
1.06,411749
1.08,400600
1.1,397859
1.14,393977
1.14,391063
1.17,389487
1.18,388691
1.19,388491
1.2,387981
1.21,386837
1.21,384485
1.21,384057
1.22,381261
1.22,380079
1.23,373627
1.23,366864
1.25,366476
1.27,360985
1.28,359589
1.29,355942
1.29,351495
1.3,345011
1.34,344867
1.35,343689
1.36,341452
1.38,341145
1.4,339946
1.43,339747
1.43,339324
1.46,336103
1.49,335247
1.49,332761
1.5,328897
1.51,320841
1.59,320320
1.62,320177
1.62,319749
1.68,315981
1.68,315559
1.7,314736
1.72,314731
1.72,314669
1.72,312861
1.74,311227
1.75,307154
1.78,306684
1.8,302994
1.8,302951
1.83,302854
1.84,302080
1.87,301994
1.88,301358
1.9,300519
1.9,298898
1.92,298199
1.92,298081
1.92,297205
1.96,296739
1.97,296322
1.99,295919
2,295118
2.01,294836
2.02,293863
2.06,293245
2.1,291528
2.12,290175
2.12,286995
2.13,286316
2.16,286050
2.17,285746
2.18,285611
2.21,285511
2.21,282147
2.22,281093
2.28,280417
2.28,279064
2.29,277142
2.35,277122
2.35,274541
2.38,272987
2.39,272883
2.4,272830
2.42,272114
2.45,269753
2.47,267901
2.47,267105
2.55,266037
2.55,264365
2.55,263725
2.57,261060
2.6,259990
2.61,257950
2.67,256427
2.69,256311
2.72,255681
2.75,254088
2.77,252808
2.84,251704
2.85,251528
2.86,251334
2.86,249549
2.97,249259
3.15,248705
3.16,248126
3.2,246629
3.31,246546
3.37,245068
3.43,244249
3.45,242950
3.49,242854
3.55,241767
3.59,240860
3.63,239205
3.64,239109
3.66,237182
3.69,237103
3.7,237089
3.75,236076
3.82,235030
3.86,234004
3.88,232254
3.92,225733
3.95,225649
3.95,224936
4,224863
4.03,224742
4.05,223916
4.09,223893
4.11,223520
4.24,223234
4.24,222998
4.3,222889
4.47,221797
4.59,220591
4.59,220182
4.63,215635
4.65,215399
4.66,215357
4.66,214175
4.69,213595
4.81,213042
4.84,212972
4.93,211537
4.96,211396
5.07,211272
5.08,209847
5.14,208909
5.15,208675
5.26,208610
5.26,207908
5.28,207780
5.35,207602
5.4,207479
5.42,205835
5.58,204194
5.68,203181
5.68,202322
5.75,199777
5.77,199127
5.78,197654
5.78,197498
5.85,197367
5.91,196972
5.97,195477
6.03,194359
6.15,193534
6.27,191639
6.28,190082
6.34,189003
6.47,188043
6.54,187937
6.55,187895
6.63,187843
6.64,187705
6.64,187573
6.64,186988
6.83,186899
6.85,185898
6.99,185406
7,185301
7.03,185038
7.04,184151
7.16,183602
7.26,183466
7.38,182243
7.45,181912
7.58,180637
7.59,180524
7.6,180505
7.67,180463
7.8,179695
7.81,179543
7.81,179338
7.82,178248
7.88,177827
8.04,176864
8.04,176407
8.1,176105
8.12,175412
8.17,175344
8.24,174299
8.25,173395
8.28,172041
8.32,171941
8.33,171759
8.34,171499
8.41,171121
8.64,171104
8.66,170630
8.68,170219
8.71,169037
8.9,168212
8.9,168007
9.12,166453
9.39,166419
9.41,166411
9.42,166251
9.44,164914
9.49,163456
9.61,163399
9.64,163164
9.81,161919
10.07,161012
10.28,160990
10.36,160976
10.43,160639
10.87,160217
11.07,159764
11.28,159618
11.48,152850
11.71,152786
11.74,152346
12.11,151761
12.29,151491
12.63,151281
12.82,150307
12.99,150214
13.35,149427
13.82,149128
14.46,148955
14.73,148918
14.76,148510
15.14,148498
15.36,148452
15.37,148361
15.63,148226
16.03,147945
16.32,147674
17.38,146604
17.86,146340
18.2,145812
18.39,145485
18.62,145326
19.36,145082
19.61,144928
19.71,144894
