0.02,692495
0.02,688667
0.03,688059
0.03,686107
0.04,684981
0.04,680783
0.05,678958
0.05,675555
0.05,674353
0.05,669712
0.05,667882
0.06,667813
0.06,663146
0.08,662089
0.08,657538
0.08,647307
0.1,643471
0.1,643281
0.11,636515
0.12,631668
0.12,629342
0.13,627126
0.15,621085
0.15,620013
0.16,609824
0.16,597557
0.16,597398
0.17,592612
0.18,591237
0.19,588210
0.2,581715
0.2,580367
0.21,576242
0.21,565448
0.23,560547
0.23,548044
0.25,547820
0.25,545442
0.26,541635
0.26,537271
0.29,535833
0.3,527196
0.31,519261
0.32,518014
0.33,517349
0.33,515842
0.36,512032
0.36,503718
0.37,500350
0.38,499326
0.39,498986
0.39,495555
0.39,484920
0.39,484588
0.4,483507
0.4,480532
0.41,475759
0.41,474861
0.42,472395
0.43,463968
0.46,458384
0.47,456761
0.47,455356
0.49,454513
0.49,453601
0.5,445778
0.53,445171
0.55,444721
0.56,444130
0.57,437579
0.57,435062
0.58,434691
0.58,433774
0.59,423165
0.65,418671
0.69,418337
0.71,409858
0.72,408356
0.73,404953
0.76,402677
0.77,397024
0.79,395045
0.8,393201
0.81,390631
0.86,388791
0.92,385675
0.99,385649
1.02,385453
1.08,384283
1.08,384211
1.09,383444
1.1,383063
1.1,381095
1.11,379286
1.12,378799
1.12,376398
1.13,376242
1.17,375968
1.19,368951
1.2,366445
1.21,366393
1.22,364750
1.23,360471
1.24,357193
1.26,355580
1.29,355357
1.29,355151
1.3,350808
1.31,346032
1.34,345623
1.35,344476
1.37,344347
1.38,344108
1.38,341036
1.41,335221
1.41,334775
1.41,334065
1.43,331745
1.46,330829
1.46,330353
1.51,330287
1.55,327322
1.56,326328
1.57,325102
1.62,322987
1.64,322551
1.66,322192
1.69,319486
1.69,318988
1.7,318438
1.7,318212
1.71,311564
1.73,311309
1.75,309105
1.78,308580
1.78,305812
1.84,303817
1.85,301628
1.91,300813
1.91,300753
1.92,299344
1.93,298092
1.95,297276
1.96,295898
2,291840
2.08,291647
2.13,290943
2.13,289499
2.14,287087
2.27,286593
2.3,286380
2.32,283462
2.38,282750
2.39,282464
2.4,280654
2.44,279416
2.49,278731
2.49,275439
2.52,274308
2.57,271885
2.57,271659
2.6,270781
2.65,270192
2.68,268804
2.69,268707
2.73,268503
2.82,267399
2.85,266589
2.87,266464
2.9,265099
2.91,264434
2.97,262189
2.97,262075
2.98,262058
3,261620
3.03,260434
3.03,260028
3.09,259754
3.12,259325
3.17,259097
3.19,258405
3.19,255704
3.21,255550
3.22,254898
3.22,254507
3.24,252290
3.27,251924
3.28,251724
3.31,250767
3.34,250599
3.35,249840
3.37,248436
3.42,247433
3.47,244375
3.55,243329
3.55,242994
3.69,241649
3.7,241423
3.79,239175
3.95,237791
4,237369
4,237095
4,236836
4.01,236272
4.04,235888
4.09,234167
4.17,233256
4.23,233137
4.31,232580
4.34,232111
4.34,230753
4.35,230295
4.38,225760
4.38,224474
4.44,224248
4.49,222154
4.58,221382
4.6,221279
4.68,220043
4.69,219751
4.72,217600
4.73,216961
4.89,216721
4.9,215114
4.95,214794
4.95,214754
4.95,214500
4.97,213522
4.98,212904
4.99,212900
5.03,212569
5.03,212439
5.03,209920
5.09,209631
5.1,209072
5.12,208202
5.14,206939
5.16,206695
5.18,206670
5.2,205505
5.22,205377
5.22,204585
5.29,204512
5.32,204071
5.33,203868
5.44,203217
5.53,202759
5.55,202326
5.57,202082
5.59,201595
5.62,200483
5.66,198777
5.74,197645
5.83,197502
5.91,194872
5.97,194805
5.98,194768
6.08,194309
6.14,193026
6.15,192922
6.19,192399
6.21,191932
6.24,190413
6.34,190373
6.36,189890
6.38,189867
6.39,189744
6.4,188458
6.53,188191
6.54,188112
6.56,187356
6.59,186306
6.64,185734
6.66,185398
6.67,184900
6.72,184182
6.72,183677
6.83,183521
6.83,183141
6.85,181934
6.91,181901
6.95,181537
7,181487
7.09,180984
7.11,180812
7.16,180442
7.21,180274
7.22,180073
7.28,179820
7.4,179632
7.4,179563
7.43,179444
7.44,179354
7.49,178271
7.52,178212
7.61,178107
7.64,177447
7.76,177366
7.87,177206
7.89,177101
7.91,174956
8.27,174175
8.31,173961
8.32,173714
8.37,173063
8.45,172758
8.56,172309
8.57,172292
8.6,171426
8.61,171372
8.74,171303
8.8,170931
8.86,170541
8.9,170488
8.96,170433
8.97,170377
8.98,170256
8.99,170160
9.04,169400
9.14,167640
9.21,167456
9.24,167197
9.29,166749
9.34,166306
9.41,165349
9.48,164998
9.63,164511
9.77,164130
10.12,163859
10.12,163809
10.19,162526
10.29,162301
10.46,161432
10.55,161274
10.61,161140
10.63,161079
10.65,159929
10.8,159817
10.81,159385
10.86,159328
11.25,159289
11.41,159010
11.63,158674
11.66,158484
11.7,158352
12.12,157672
12.31,157494
12.65,157154
12.67,156280
12.71,154978
12.85,154708
13.21,153855
13.37,153629
13.68,153476
13.71,153111
14.87,152654
15.43,152399
15.76,151819
16.45,151735
16.59,151722
16.83,151410
17.32,151402
17.35,151166
17.72,151062
17.77,150515
17.94,150411
18.32,150258
18.32,149918
18.36,149561
18.51,149485
18.67,148586
19.15,147270
19.57,146971
19.63,146780
19.75,146652
19.92,145820
