0.02,692495
0.02,690058
0.03,686416
0.03,681421
0.03,678916
0.03,674897
0.04,661936
0.04,653016
0.04,647209
0.04,638263
0.06,633495
0.07,631486
0.08,627268
0.08,626022
0.08,615317
0.1,610249
0.11,607752
0.12,604405
0.12,601497
0.14,589843
0.15,589838
0.15,584504
0.15,578111
0.16,577433
0.16,575571
0.16,571031
0.17,567416
0.17,562774
0.17,562690
0.18,560160
0.18,558836
0.18,558316
0.19,553985
0.2,553001
0.2,552463
0.21,548440
0.21,546022
0.21,545591
0.22,543203
0.22,539104
0.22,538864
0.24,536616
0.24,536391
0.24,533794
0.25,528782
0.26,522649
0.26,519930
0.27,514354
0.27,512622
0.28,510932
0.28,509519
0.3,505409
0.32,503224
0.32,502307
0.32,502061
0.33,499062
0.34,496620
0.34,492730
0.35,489978
0.36,487934
0.37,484540
0.37,473388
0.38,472642
0.39,465843
0.39,464093
0.4,459065
0.4,458521
0.42,451782
0.42,451742
0.43,450778
0.44,450618
0.45,449573
0.45,446710
0.46,445501
0.46,445199
0.47,440303
0.48,437198
0.49,436584
0.51,434189
0.51,432264
0.54,431783
0.55,429307
0.57,428189
0.59,427982
0.6,426028
0.61,422152
0.63,418422
0.63,417653
0.65,417564
0.65,417553
0.65,417330
0.66,417117
0.66,413855
0.67,412706
0.67,412367
0.68,411287
0.7,408493
0.72,407276
0.74,399927
0.82,398883
0.82,397932
0.83,397249
0.84,396555
0.85,393087
0.87,392154
0.89,391830
0.9,391187
0.91,391154
0.92,386891
0.94,381681
0.97,381327
0.97,380734
1,379906
1.01,376807
1.05,376457
1.06,376234
1.07,372035
1.08,367691
1.1,365759
1.16,363380
1.25,361496
1.25,361297
1.26,359636
1.27,356855
1.35,355039
1.37,354776
1.38,354213
1.38,354084
1.39,350866
1.46,350557
1.46,349302
1.47,345161
1.54,345008
1.55,341015
1.58,339134
1.59,338380
1.63,337761
1.64,337582
1.65,334359
1.66,332880
1.74,331363
1.8,328431
1.8,328306
1.81,327497
1.81,326477
1.84,325921
1.85,325678
1.85,324890
1.86,324285
1.87,324160
1.88,320387
1.9,319689
1.94,317470
2,316145
2.01,314216
2.01,311407
2.03,310974
2.06,310640
2.06,309298
2.06,308473
2.08,307089
2.09,306219
2.11,301735
2.14,298412
2.16,297939
2.16,296873
2.17,293375
2.22,292649
2.22,291543
2.25,291012
2.25,290910
2.25,289330
2.26,288533
2.29,287572
2.33,286053
2.35,281952
2.36,280007
2.37,276785
2.41,276451
2.44,275603
2.45,275288
2.48,274843
2.51,272883
2.52,271969
2.55,271777
2.63,271742
2.66,271731
2.69,271706
2.7,271289
2.75,270422
2.77,270220
2.79,268012
2.82,267871
2.87,265786
2.9,263757
2.94,262538
3.01,260884
3.03,260696
3.06,259907
3.15,258565
3.19,258320
3.27,257880
3.28,256421
3.31,254308
3.32,253442
3.33,250447
3.38,244447
3.42,243291
3.47,238583
3.5,236707
3.59,234428
3.6,232553
3.7,231242
3.74,231212
3.76,231016
3.78,230185
3.81,229540
3.84,228491
3.91,228066
3.98,224676
4.01,221655
4.04,219651
4.11,218656
4.12,216118
4.16,215880
4.17,215035
4.17,214898
4.19,214364
4.19,214281
4.2,213112
4.35,212406
4.38,209134
4.46,207815
4.54,207210
4.57,206695
4.59,206673
4.6,206483
4.67,205564
4.72,202316
4.96,202004
4.97,201812
5.01,201610
5.02,201374
5.03,200959
5.09,200089
5.13,199893
5.16,199876
5.17,199075
5.25,198787
5.27,198639
5.36,198561
5.44,198456
5.46,195573
5.49,195276
5.53,193880
5.56,193654
5.59,192895
5.64,192644
5.66,192635
5.69,192396
5.73,191641
6.07,191030
6.1,190354
6.17,189198
6.18,188416
6.24,187645
6.29,186756
6.3,186603
6.33,186251
6.33,185012
6.38,184508
6.39,184494
6.43,184235
6.45,183517
6.46,183320
6.47,183093
6.49,182170
6.53,181785
6.67,179902
6.75,179621
6.98,179515
6.99,179510
7.05,179247
7.09,177812
7.15,177357
7.16,175844
7.28,175657
7.31,175585
7.38,175581
7.48,174896
7.56,172283
7.59,171885
7.69,171596
7.69,171011
7.73,170711
7.82,170453
7.92,169465
7.92,168796
8.09,167226
8.25,166845
8.32,166795
8.38,166269
8.54,166011
8.57,164126
8.57,164001
8.78,163900
8.8,163775
8.86,163651
8.88,162798
9.09,162670
9.14,162102
9.21,161924
9.29,160668
9.63,160293
9.64,159955
9.79,159472
10.08,159122
10.22,158877
10.34,158486
10.39,157825
10.47,157756
10.55,157607
10.59,157471
10.6,157155
10.87,156931
10.89,156877
10.89,155482
11,155412
11.26,154728
11.39,153863
11.53,153806
11.64,153456
11.9,153246
12,152553
12.15,152314
12.16,152233
12.21,152086
12.29,151883
12.52,151753
12.59,151152
12.6,151089
12.77,151072
12.91,150770
13.05,150586
13.07,150578
13.2,149850
13.31,149732
13.41,149224
13.61,148914
13.84,148503
14.01,148173
14.16,147958
14.22,147692
14.23,147032
14.25,146423
14.45,146288
15.07,146188
15.26,146138
15.53,145960
16.05,145054
16.1,144745
16.41,144633
16.52,144370
16.74,143922
17.04,143604
17.1,143553
17.19,143090
17.51,143068
18.31,142842
18.75,142717
19.65,142712
19.95,142662
19.97,142566
