0.02,692495
0.02,684447
0.03,681307
0.03,679897
0.03,672571
0.04,671216
0.04,660300
0.04,650384
0.05,647304
0.05,647285
0.05,626670
0.07,625967
0.07,621036
0.07,620684
0.08,620641
0.09,620110
0.09,596575
0.12,587692
0.13,585321
0.13,580978
0.13,577693
0.14,574180
0.15,569216
0.16,562807
0.16,555708
0.18,555547
0.18,550932
0.19,550325
0.19,549124
0.2,546138
0.2,543076
0.21,541335
0.21,540002
0.21,538526
0.22,528994
0.22,528012
0.22,527620
0.23,525797
0.23,525556
0.24,525514
0.25,519005
0.26,518848
0.27,515022
0.3,512555
0.3,511298
0.31,506517
0.32,503087
0.34,500812
0.34,499522
0.35,497358
0.36,496792
0.37,496078
0.37,480084
0.37,479879
0.38,477594
0.38,476397
0.38,473353
0.4,469498
0.41,469163
0.41,468725
0.41,465567
0.42,453489
0.44,442669
0.48,439943
0.49,432126
0.57,432040
0.57,431664
0.58,430685
0.62,428894
0.63,425846
0.63,423596
0.64,417462
0.69,412814
0.71,409563
0.71,406158
0.72,403868
0.73,403734
0.74,403609
0.74,401180
0.81,395005
0.83,394711
0.83,392996
0.85,392957
0.85,388318
0.85,387819
0.86,386618
0.86,386323
0.87,374254
0.87,372020
0.89,367241
0.89,364234
0.93,361530
0.93,356580
0.93,356115
0.97,353288
1,352473
1,349382
1.04,349215
1.05,346642
1.07,345135
1.09,341544
1.1,339997
1.1,339352
1.11,338420
1.12,337394
1.12,336427
1.13,335504
1.14,334021
1.17,333817
1.17,333511
1.19,331209
1.2,331137
1.21,330464
1.21,329180
1.22,328231
1.22,328003
1.23,327647
1.23,327630
1.24,326285
1.26,319263
1.26,314977
1.28,314719
1.29,313031
1.29,312453
1.31,310460
1.32,310434
1.34,304450
1.4,303655
1.41,302252
1.43,298970
1.43,297939
1.43,297553
1.45,297386
1.46,293564
1.48,293491
1.49,292827
1.5,292182
1.51,291564
1.51,288935
1.52,283913
1.54,281883
1.57,281572
1.61,280609
1.63,279699
1.63,278425
1.64,277307
1.69,276066
1.7,273956
1.72,273300
1.74,268339
1.82,268083
1.89,267630
1.92,267580
1.99,267341
1.99,266565
2.01,265518
2.03,265204
2.06,265158
2.06,263836
2.06,262978
2.09,261527
2.09,260908
2.12,260489
2.14,259895
2.18,258805
2.22,258716
2.26,257833
2.26,257583
2.28,257443
2.29,248906
2.34,248382
2.34,247782
2.37,247130
2.37,247124
2.37,246899
2.37,246423
2.41,244895
2.41,242654
2.44,242133
2.46,241161
2.47,237257
2.48,234831
2.49,234581
2.56,234359
2.56,234195
2.58,233637
2.63,232953
2.65,232728
2.66,230938
2.73,230576
2.76,229215
2.78,227502
2.84,227491
2.85,227317
2.88,226609
2.89,225774
2.89,225680
2.9,222057
2.96,221135
3.01,220662
3.02,219726
3.06,218264
3.07,215743
3.13,209725
3.15,209579
3.19,209275
3.21,207614
3.21,206929
3.26,206572
3.31,206173
3.32,205410
3.35,205376
3.36,204702
3.4,204399
3.45,203829
3.51,203298
3.53,202921
3.6,202034
3.67,201878
3.72,201111
3.75,200950
3.78,199344
3.83,199196
3.88,198704
3.88,198548
3.91,198287
3.93,196688
3.98,195613
3.98,194790
4.02,194622
4.26,194429
4.28,194092
4.33,193627
4.68,192897
4.75,192458
4.75,190335
4.78,189503
4.8,189120
4.8,188804
4.81,187923
4.89,187248
4.92,187132
4.97,187118
5,185496
5.05,185464
5.14,185263
5.19,183873
5.2,183865
5.22,183577
5.24,183386
5.25,182329
5.3,181518
5.34,181233
5.34,179448
5.43,179374
5.48,179185
5.49,179090
5.55,178739
5.56,178261
5.59,177579
5.63,177309
5.64,177258
5.71,176893
5.82,176889
5.93,176873
5.98,176576
6.08,176132
6.12,175813
6.43,175478
6.58,173878
6.64,173830
6.65,173128
6.68,172282
6.85,171352
7.06,171149
7.24,171102
7.31,169656
7.39,168985
7.54,168785
7.58,168553
7.68,168159
7.68,167769
7.93,166548
7.99,166541
8.06,166344
8.27,165880
8.32,165673
8.38,164676
8.43,164624
8.6,164573
8.68,164568
8.71,163289
8.85,162761
8.97,162034
9.13,161603
9.14,161441
9.22,161188
9.35,160316
9.87,160314
9.93,160240
9.96,160198
10.03,160110
10.27,159882
10.3,159582
10.36,159348
10.41,158966
10.52,158848
10.57,158619
10.66,158515
10.73,157720
10.8,157547
10.92,157474
11.06,157345
11.34,157107
11.42,157083
11.57,155382
11.67,155198
11.83,155181
11.84,155100
12.06,154833
12.25,154507
12.3,154395
12.46,154281
12.83,154206
12.84,154169
13.1,153971
13.33,153447
14.11,153064
14.12,153040
14.4,152989
14.74,152933
15.24,152844
15.28,152837
15.31,152765
15.48,152661
15.54,152652
15.6,152210
15.73,152019
15.91,151919
16,151796
16.03,151657
16.16,151655
16.4,151178
16.73,150902
17.02,150724
17.53,150532
17.66,150385
17.72,150320
18.14,150169
18.29,150124
18.34,150045
18.56,149878
18.6,149769
18.66,149714
18.81,149672
18.87,149095
19.16,148867
19.28,148603
19.81,147934
